<?xml version="1.0" encoding="UTF-8"?>
<coverage generated="1751218598451" clover="3.2.0">
  <project timestamp="1751218598451" name="All files">
    <metrics statements="832" coveredstatements="820" conditionals="568" coveredconditionals="533" methods="154" coveredmethods="152" elements="1554" coveredelements="1505" complexity="0" loc="832" ncloc="832" packages="16" files="34" classes="34"/>
    <package name="app.providers">
      <metrics statements="43" coveredstatements="43" conditionals="9" coveredconditionals="9" methods="11" coveredmethods="11"/>
      <file name="UIProvider.tsx" path="D:\CODE\vttnihil\src\app\providers\UIProvider.tsx">
        <metrics statements="11" coveredstatements="11" conditionals="2" coveredconditionals="2" methods="2" coveredmethods="2"/>
        <line num="2" count="2" type="stmt"/>
        <line num="3" count="2" type="stmt"/>
        <line num="5" count="2" type="stmt"/>
        <line num="7" count="2" type="stmt"/>
        <line num="8" count="2" type="stmt"/>
        <line num="10" count="2" type="stmt"/>
        <line num="17" count="2" type="stmt"/>
        <line num="18" count="15" type="stmt"/>
        <line num="19" count="14" type="cond" truecount="2" falsecount="0"/>
        <line num="20" count="4" type="stmt"/>
        <line num="22" count="10" type="stmt"/>
      </file>
      <file name="useModalStateManagement.ts" path="D:\CODE\vttnihil\src\app\providers\useModalStateManagement.ts">
        <metrics statements="23" coveredstatements="23" conditionals="7" coveredconditionals="7" methods="8" coveredmethods="8"/>
        <line num="1" count="1" type="stmt"/>
        <line num="22" count="1" type="stmt"/>
        <line num="23" count="24" type="stmt"/>
        <line num="28" count="24" type="cond" truecount="1" falsecount="0"/>
        <line num="29" count="13" type="stmt"/>
        <line num="32" count="13" type="cond" truecount="2" falsecount="0"/>
        <line num="33" count="3" type="stmt"/>
        <line num="34" count="2" type="stmt"/>
        <line num="36" count="3" type="cond" truecount="2" falsecount="0"/>
        <line num="37" count="1" type="stmt"/>
        <line num="41" count="12" type="stmt"/>
        <line num="47" count="12" type="stmt"/>
        <line num="48" count="12" type="stmt"/>
        <line num="54" count="24" type="stmt"/>
        <line num="55" count="2" type="stmt"/>
        <line num="61" count="24" type="stmt"/>
        <line num="62" count="2" type="stmt"/>
        <line num="63" count="2" type="stmt"/>
        <line num="64" count="2" type="cond" truecount="2" falsecount="0"/>
        <line num="65" count="1" type="stmt"/>
        <line num="66" count="1" type="stmt"/>
        <line num="71" count="2" type="stmt"/>
        <line num="75" count="24" type="stmt"/>
      </file>
      <file name="useUIState.ts" path="D:\CODE\vttnihil\src\app\providers\useUIState.ts">
        <metrics statements="9" coveredstatements="9" conditionals="0" coveredconditionals="0" methods="1" coveredmethods="1"/>
        <line num="1" count="1" type="stmt"/>
        <line num="2" count="1" type="stmt"/>
        <line num="17" count="1" type="stmt"/>
        <line num="18" count="12" type="stmt"/>
        <line num="19" count="12" type="stmt"/>
        <line num="22" count="12" type="stmt"/>
        <line num="23" count="12" type="stmt"/>
        <line num="24" count="12" type="stmt"/>
        <line num="28" count="12" type="stmt"/>
      </file>
    </package>
    <package name="components.chat">
      <metrics statements="98" coveredstatements="94" conditionals="79" coveredconditionals="69" methods="18" coveredmethods="18"/>
      <file name="ChatCommandPopover.tsx" path="D:\CODE\vttnihil\src\components\chat\ChatCommandPopover.tsx">
        <metrics statements="98" coveredstatements="94" conditionals="79" coveredconditionals="69" methods="18" coveredmethods="18"/>
        <line num="1" count="1" type="stmt"/>
        <line num="2" count="1" type="stmt"/>
        <line num="16" count="1" type="stmt"/>
        <line num="23" count="56" type="stmt"/>
        <line num="24" count="56" type="stmt"/>
        <line num="25" count="56" type="stmt"/>
        <line num="27" count="56" type="stmt"/>
        <line num="29" count="56" type="stmt"/>
        <line num="30" count="26" type="cond" truecount="4" falsecount="0"/>
        <line num="31" count="2" type="stmt"/>
        <line num="33" count="24" type="stmt"/>
        <line num="34" count="24" type="stmt"/>
        <line num="36" count="94" type="cond" truecount="3" falsecount="0"/>
        <line num="39" count="26" type="stmt"/>
        <line num="44" count="56" type="stmt"/>
        <line num="45" count="56" type="stmt"/>
        <line num="46" count="56" type="stmt"/>
        <line num="48" count="56" type="stmt"/>
        <line num="49" count="55" type="stmt"/>
        <line num="50" count="55" type="stmt"/>
        <line num="51" count="55" type="stmt"/>
        <line num="54" count="56" type="stmt"/>
        <line num="55" count="26" type="stmt"/>
        <line num="58" count="56" type="stmt"/>
        <line num="59" count="26" type="stmt"/>
        <line num="60" count="26" type="stmt"/>
        <line num="62" count="26" type="cond" truecount="2" falsecount="0"/>
        <line num="63" count="24" type="stmt"/>
        <line num="64" count="24" type="stmt"/>
        <line num="67" count="26" type="cond" truecount="4" falsecount="0"/>
        <line num="68" count="25" type="stmt"/>
        <line num="69" count="25" type="stmt"/>
        <line num="70" count="25" type="stmt"/>
        <line num="73" count="25" type="cond" truecount="4" falsecount="0"/>
        <line num="74" count="3" type="stmt"/>
        <line num="76" count="22" type="stmt"/>
        <line num="79" count="25" type="stmt"/>
        <line num="81" count="25" type="cond" truecount="1" falsecount="1"/>
        <line num="82" count="0" type="stmt"/>
        <line num="85" count="25" type="cond" truecount="1" falsecount="1"/>
        <line num="86" count="0" type="stmt"/>
        <line num="89" count="25" type="cond" truecount="1" falsecount="1"/>
        <line num="90" count="0" type="stmt"/>
        <line num="93" count="25" type="cond" truecount="2" falsecount="0"/>
        <line num="94" count="1" type="stmt"/>
        <line num="97" count="25" type="cond" truecount="2" falsecount="0"/>
        <line num="98" count="1" type="stmt"/>
        <line num="101" count="25" type="stmt"/>
        <line num="107" count="1" type="stmt"/>
        <line num="111" count="56" type="stmt"/>
        <line num="112" count="25" type="cond" truecount="2" falsecount="0"/>
        <line num="114" count="24" type="stmt"/>
        <line num="115" count="10" type="cond" truecount="1" falsecount="1"/>
        <line num="120" count="10" type="stmt"/>
        <line num="122" count="10" type="cond" truecount="5" falsecount="1"/>
        <line num="124" count="1" type="stmt"/>
        <line num="125" count="1" type="stmt"/>
        <line num="126" count="1" type="stmt"/>
        <line num="128" count="3" type="stmt"/>
        <line num="129" count="3" type="cond" truecount="1" falsecount="1"/>
        <line num="130" count="3" type="stmt"/>
        <line num="131" count="3" type="stmt"/>
        <line num="134" count="3" type="stmt"/>
        <line num="136" count="1" type="stmt"/>
        <line num="137" count="1" type="cond" truecount="1" falsecount="1"/>
        <line num="138" count="1" type="stmt"/>
        <line num="140" count="1" type="stmt"/>
        <line num="144" count="1" type="stmt"/>
        <line num="147" count="5" type="stmt"/>
        <line num="148" count="5" type="cond" truecount="2" falsecount="0"/>
        <line num="153" count="4" type="stmt"/>
        <line num="155" count="4" type="cond" truecount="4" falsecount="0"/>
        <line num="158" count="4" type="stmt"/>
        <line num="159" count="4" type="stmt"/>
        <line num="161" count="5" type="stmt"/>
        <line num="163" count="0" type="stmt"/>
        <line num="167" count="24" type="stmt"/>
        <line num="168" count="13" type="cond" truecount="2" falsecount="0"/>
        <line num="174" count="1" type="stmt"/>
        <line num="178" count="24" type="stmt"/>
        <line num="179" count="24" type="stmt"/>
        <line num="181" count="24" type="stmt"/>
        <line num="182" count="24" type="stmt"/>
        <line num="183" count="24" type="stmt"/>
        <line num="187" count="56" type="stmt"/>
        <line num="188" count="29" type="cond" truecount="2" falsecount="0"/>
        <line num="194" count="25" type="stmt"/>
        <line num="195" count="25" type="cond" truecount="3" falsecount="1"/>
        <line num="196" count="25" type="stmt"/>
        <line num="204" count="56" type="cond" truecount="4" falsecount="0"/>
        <line num="205" count="4" type="stmt"/>
        <line num="208" count="52" type="stmt"/>
        <line num="231" count="69" type="stmt"/>
        <line num="232" count="69" type="cond" truecount="1" falsecount="1"/>
        <line num="236" count="69" type="stmt"/>
        <line num="242" count="1" type="cond" truecount="3" falsecount="1"/>
        <line num="245" count="1" type="stmt"/>
        <line num="246" count="1" type="stmt"/>
      </file>
    </package>
    <package name="components.chat.lib">
      <metrics statements="40" coveredstatements="40" conditionals="31" coveredconditionals="31" methods="10" coveredmethods="10"/>
      <file name="chatCommands.ts" path="D:\CODE\vttnihil\src\components\chat\lib\chatCommands.ts">
        <metrics statements="40" coveredstatements="40" conditionals="31" coveredconditionals="31" methods="10" coveredmethods="10"/>
        <line num="39" count="2" type="stmt"/>
        <line num="45" count="13" type="cond" truecount="2" falsecount="0"/>
        <line num="46" count="1" type="stmt"/>
        <line num="48" count="12" type="stmt"/>
        <line num="49" count="12" type="stmt"/>
        <line num="50" count="12" type="stmt"/>
        <line num="51" count="12" type="cond" truecount="2" falsecount="0"/>
        <line num="52" count="5" type="stmt"/>
        <line num="54" count="7" type="stmt"/>
        <line num="55" count="7" type="stmt"/>
        <line num="56" count="7" type="cond" truecount="6" falsecount="0"/>
        <line num="57" count="4" type="stmt"/>
        <line num="59" count="3" type="stmt"/>
        <line num="62" count="1" type="stmt"/>
        <line num="63" count="1" type="stmt"/>
        <line num="71" count="4" type="stmt"/>
        <line num="72" count="4" type="cond" truecount="2" falsecount="0"/>
        <line num="73" count="3" type="cond" truecount="2" falsecount="0"/>
        <line num="74" count="7" type="cond" truecount="2" falsecount="0"/>
        <line num="75" count="3" type="cond" truecount="2" falsecount="0"/>
        <line num="76" count="2" type="stmt"/>
        <line num="77" count="2" type="stmt"/>
        <line num="78" count="2" type="cond" truecount="2" falsecount="0"/>
        <line num="79" count="2" type="cond" truecount="2" falsecount="0"/>
        <line num="80" count="2" type="stmt"/>
        <line num="82" count="1" type="stmt"/>
        <line num="85" count="1" type="stmt"/>
        <line num="87" count="3" type="cond" truecount="2" falsecount="0"/>
        <line num="88" count="3" type="cond" truecount="4" falsecount="0"/>
        <line num="89" count="3" type="stmt"/>
        <line num="91" count="1" type="stmt"/>
        <line num="100" count="1" type="stmt"/>
        <line num="101" count="1" type="stmt"/>
        <line num="112" count="2" type="stmt"/>
        <line num="113" count="8" type="stmt"/>
        <line num="114" count="8" type="stmt"/>
        <line num="115" count="17" type="cond" truecount="3" falsecount="0"/>
        <line num="116" count="3" type="stmt"/>
        <line num="125" count="2" type="stmt"/>
        <line num="126" count="7" type="stmt"/>
      </file>
    </package>
    <package name="components.modals">
      <metrics statements="56" coveredstatements="54" conditionals="39" coveredconditionals="32" methods="12" coveredmethods="12"/>
      <file name="HPControlModal.tsx" path="D:\CODE\vttnihil\src\components\modals\HPControlModal.tsx">
        <metrics statements="56" coveredstatements="54" conditionals="39" coveredconditionals="32" methods="12" coveredmethods="12"/>
        <line num="1" count="1" type="stmt"/>
        <line num="3" count="1" type="stmt"/>
        <line num="4" count="1" type="stmt"/>
        <line num="5" count="1" type="stmt"/>
        <line num="19" count="1" type="stmt"/>
        <line num="21" count="1" type="stmt"/>
        <line num="32" count="51" type="stmt"/>
        <line num="33" count="51" type="stmt"/>
        <line num="34" count="51" type="stmt"/>
        <line num="36" count="51" type="stmt"/>
        <line num="40" count="18" type="cond" truecount="5" falsecount="0"/>
        <line num="41" count="16" type="stmt"/>
        <line num="42" count="2" type="cond" truecount="4" falsecount="0"/>
        <line num="44" count="1" type="stmt"/>
        <line num="48" count="51" type="stmt"/>
        <line num="49" count="17" type="cond" truecount="2" falsecount="0"/>
        <line num="50" count="16" type="stmt"/>
        <line num="51" count="15" type="stmt"/>
        <line num="56" count="51" type="stmt"/>
        <line num="57" count="8" type="cond" truecount="1" falsecount="1"/>
        <line num="61" count="0" type="cond" truecount="0" falsecount="2"/>
        <line num="62" count="0" type="stmt"/>
        <line num="69" count="8" type="stmt"/>
        <line num="70" count="8" type="stmt"/>
        <line num="72" count="8" type="stmt"/>
        <line num="74" count="8" type="cond" truecount="2" falsecount="0"/>
        <line num="75" count="7" type="cond" truecount="1" falsecount="1"/>
        <line num="76" count="7" type="stmt"/>
        <line num="78" count="7" type="stmt"/>
        <line num="81" count="1" type="stmt"/>
        <line num="85" count="51" type="stmt"/>
        <line num="86" count="1" type="stmt"/>
        <line num="87" count="1" type="stmt"/>
        <line num="90" count="51" type="stmt"/>
        <line num="92" count="51" type="stmt"/>
        <line num="93" count="9" type="stmt"/>
        <line num="96" count="51" type="stmt"/>
        <line num="97" count="10" type="cond" truecount="2" falsecount="0"/>
        <line num="98" count="6" type="stmt"/>
        <line num="99" count="6" type="stmt"/>
        <line num="101" count="10" type="cond" truecount="2" falsecount="0"/>
        <line num="102" count="1" type="stmt"/>
        <line num="106" count="51" type="stmt"/>
        <line num="107" count="1" type="stmt"/>
        <line num="110" count="51" type="stmt"/>
        <line num="111" count="1" type="cond" truecount="1" falsecount="1"/>
        <line num="112" count="1" type="stmt"/>
        <line num="116" count="51" type="stmt"/>
        <line num="117" count="1" type="cond" truecount="1" falsecount="1"/>
        <line num="118" count="1" type="stmt"/>
        <line num="122" count="51" type="cond" truecount="6" falsecount="0"/>
        <line num="123" count="4" type="stmt"/>
        <line num="126" count="47" type="stmt"/>
        <line num="134" count="47" type="stmt"/>
        <line num="136" count="47" type="stmt"/>
        <line num="144" count="3" type="stmt"/>
      </file>
    </package>
    <package name="constants">
      <metrics statements="9" coveredstatements="9" conditionals="0" coveredconditionals="0" methods="0" coveredmethods="0"/>
      <file name="sheetDefaults.ts" path="D:\CODE\vttnihil\src\constants\sheetDefaults.ts">
        <metrics statements="9" coveredstatements="9" conditionals="0" coveredconditionals="0" methods="0" coveredmethods="0"/>
        <line num="1" count="1" type="stmt"/>
        <line num="2" count="1" type="stmt"/>
        <line num="4" count="1" type="stmt"/>
        <line num="41" count="1" type="stmt"/>
        <line num="53" count="1" type="stmt"/>
        <line num="61" count="1" type="stmt"/>
        <line num="72" count="1" type="stmt"/>
        <line num="74" count="1" type="stmt"/>
        <line num="97" count="1" type="stmt"/>
      </file>
    </package>
    <package name="contexts">
      <metrics statements="22" coveredstatements="22" conditionals="4" coveredconditionals="4" methods="4" coveredmethods="4"/>
      <file name="BoardSettingsContext.tsx" path="D:\CODE\vttnihil\src\contexts\BoardSettingsContext.tsx">
        <metrics statements="11" coveredstatements="11" conditionals="2" coveredconditionals="2" methods="2" coveredmethods="2"/>
        <line num="2" count="2" type="stmt"/>
        <line num="3" count="2" type="stmt"/>
        <line num="5" count="2" type="stmt"/>
        <line num="7" count="2" type="stmt"/>
        <line num="8" count="2" type="stmt"/>
        <line num="10" count="2" type="stmt"/>
        <line num="17" count="2" type="stmt"/>
        <line num="18" count="15" type="stmt"/>
        <line num="19" count="14" type="cond" truecount="2" falsecount="0"/>
        <line num="20" count="4" type="stmt"/>
        <line num="22" count="10" type="stmt"/>
      </file>
      <file name="ChatContext.tsx" path="D:\CODE\vttnihil\src\contexts\ChatContext.tsx">
        <metrics statements="11" coveredstatements="11" conditionals="2" coveredconditionals="2" methods="2" coveredmethods="2"/>
        <line num="2" count="2" type="stmt"/>
        <line num="3" count="2" type="stmt"/>
        <line num="5" count="2" type="stmt"/>
        <line num="7" count="2" type="stmt"/>
        <line num="8" count="2" type="stmt"/>
        <line num="10" count="2" type="stmt"/>
        <line num="13" count="2" type="stmt"/>
        <line num="14" count="15" type="stmt"/>
        <line num="15" count="14" type="cond" truecount="2" falsecount="0"/>
        <line num="16" count="4" type="stmt"/>
        <line num="18" count="10" type="stmt"/>
      </file>
    </package>
    <package name="hooks">
      <metrics statements="151" coveredstatements="151" conditionals="98" coveredconditionals="88" methods="28" coveredmethods="28"/>
      <file name="useBoardSettingsState.ts" path="D:\CODE\vttnihil\src\hooks\useBoardSettingsState.ts">
        <metrics statements="17" coveredstatements="17" conditionals="0" coveredconditionals="0" methods="7" coveredmethods="7"/>
        <line num="1" count="1" type="stmt"/>
        <line num="2" count="1" type="stmt"/>
        <line num="7" count="1" type="stmt"/>
        <line num="24" count="1" type="stmt"/>
        <line num="25" count="9" type="stmt"/>
        <line num="30" count="9" type="stmt"/>
        <line num="34" count="9" type="stmt"/>
        <line num="35" count="9" type="stmt"/>
        <line num="37" count="9" type="stmt"/>
        <line num="39" count="1" type="stmt"/>
        <line num="44" count="9" type="stmt"/>
        <line num="46" count="1" type="stmt"/>
        <line num="51" count="9" type="stmt"/>
        <line num="52" count="1" type="stmt"/>
        <line num="55" count="9" type="stmt"/>
        <line num="56" count="1" type="stmt"/>
        <line num="59" count="9" type="stmt"/>
      </file>
      <file name="useCharacterSheetForm.ts" path="D:\CODE\vttnihil\src\hooks\useCharacterSheetForm.ts">
        <metrics statements="71" coveredstatements="71" conditionals="68" coveredconditionals="59" methods="7" coveredmethods="7"/>
        <line num="1" count="1" type="stmt"/>
        <line num="2" count="1" type="stmt"/>
        <line num="3" count="1" type="stmt"/>
        <line num="4" count="1" type="stmt"/>
        <line num="33" count="1" type="stmt"/>
        <line num="37" count="57" type="stmt"/>
        <line num="39" count="57" type="stmt"/>
        <line num="40" count="57" type="stmt"/>
        <line num="41" count="57" type="stmt"/>
        <line num="44" count="57" type="stmt"/>
        <line num="45" count="57" type="stmt"/>
        <line num="46" count="57" type="stmt"/>
        <line num="49" count="57" type="stmt"/>
        <line num="52" count="57" type="stmt"/>
        <line num="53" count="14" type="cond" truecount="2" falsecount="0"/>
        <line num="54" count="11" type="stmt"/>
        <line num="55" count="11" type="stmt"/>
        <line num="56" count="11" type="stmt"/>
        <line num="57" count="11" type="stmt"/>
        <line num="58" count="11" type="cond" truecount="1" falsecount="1"/>
        <line num="59" count="11" type="cond" truecount="2" falsecount="0"/>
        <line num="61" count="11" type="cond" truecount="2" falsecount="0"/>
        <line num="62" count="2" type="stmt"/>
        <line num="66" count="9" type="stmt"/>
        <line num="68" count="11" type="stmt"/>
        <line num="73" count="57" type="stmt"/>
        <line num="74" count="34" type="cond" truecount="2" falsecount="0"/>
        <line num="75" count="5" type="stmt"/>
        <line num="76" count="5" type="stmt"/>
        <line num="79" count="29" type="stmt"/>
        <line num="80" count="29" type="cond" truecount="3" falsecount="1"/>
        <line num="81" count="29" type="stmt"/>
        <line num="84" count="29" type="stmt"/>
        <line num="87" count="29" type="cond" truecount="3" falsecount="1"/>
        <line num="88" count="29" type="stmt"/>
        <line num="91" count="29" type="cond" truecount="4" falsecount="0"/>
        <line num="93" count="29" type="cond" truecount="2" falsecount="0"/>
        <line num="94" count="4" type="stmt"/>
        <line num="100" count="29" type="stmt"/>
        <line num="112" count="57" type="stmt"/>
        <line num="114" count="9" type="stmt"/>
        <line num="117" count="9" type="cond" truecount="2" falsecount="0"/>
        <line num="118" count="1" type="stmt"/>
        <line num="119" count="1" type="stmt"/>
        <line num="123" count="8" type="cond" truecount="4" falsecount="0"/>
        <line num="128" count="8" type="cond" truecount="2" falsecount="0"/>
        <line num="129" count="1" type="stmt"/>
        <line num="130" count="1" type="stmt"/>
        <line num="134" count="7" type="stmt"/>
        <line num="135" count="7" type="cond" truecount="2" falsecount="0"/>
        <line num="139" count="3" type="stmt"/>
        <line num="140" count="3" type="stmt"/>
        <line num="141" count="3" type="stmt"/>
        <line num="143" count="3" type="stmt"/>
        <line num="144" count="3" type="stmt"/>
        <line num="145" count="2" type="cond" truecount="2" falsecount="0"/>
        <line num="149" count="1" type="stmt"/>
        <line num="155" count="1" type="stmt"/>
        <line num="158" count="3" type="stmt"/>
        <line num="159" count="1" type="stmt"/>
        <line num="167" count="2" type="stmt"/>
        <line num="172" count="2" type="stmt"/>
        <line num="176" count="5" type="stmt"/>
        <line num="178" count="5" type="cond" truecount="2" falsecount="0"/>
        <line num="182" count="1" type="stmt"/>
        <line num="185" count="1" type="stmt"/>
        <line num="188" count="4" type="stmt"/>
        <line num="200" count="4" type="cond" truecount="2" falsecount="0"/>
        <line num="201" count="1" type="stmt"/>
        <line num="205" count="4" type="stmt"/>
        <line num="220" count="57" type="stmt"/>
      </file>
      <file name="useChatState.ts" path="D:\CODE\vttnihil\src\hooks\useChatState.ts">
        <metrics statements="23" coveredstatements="23" conditionals="9" coveredconditionals="9" methods="6" coveredmethods="6"/>
        <line num="1" count="1" type="stmt"/>
        <line num="8" count="1" type="stmt"/>
        <line num="9" count="1" type="stmt"/>
        <line num="10" count="1" type="stmt"/>
        <line num="19" count="1" type="stmt"/>
        <line num="20" count="12" type="stmt"/>
        <line num="28" count="12" type="stmt"/>
        <line num="30" count="12" type="stmt"/>
        <line num="35" count="6" type="stmt"/>
        <line num="41" count="6" type="cond" truecount="2" falsecount="0"/>
        <line num="42" count="4" type="stmt"/>
        <line num="47" count="4" type="stmt"/>
        <line num="50" count="2" type="stmt"/>
        <line num="56" count="2" type="stmt"/>
        <line num="62" count="2" type="stmt"/>
        <line num="68" count="12" type="stmt"/>
        <line num="70" count="2" type="stmt"/>
        <line num="71" count="2" type="cond" truecount="2" falsecount="0"/>
        <line num="72" count="1" type="stmt"/>
        <line num="74" count="1" type="stmt"/>
        <line num="80" count="12" type="stmt"/>
        <line num="81" count="1" type="stmt"/>
        <line num="84" count="12" type="stmt"/>
      </file>
      <file name="useCommandHistory.ts" path="D:\CODE\vttnihil\src\hooks\useCommandHistory.ts">
        <metrics statements="32" coveredstatements="32" conditionals="17" coveredconditionals="16" methods="6" coveredmethods="6"/>
        <line num="2" count="1" type="stmt"/>
        <line num="4" count="1" type="stmt"/>
        <line num="13" count="1" type="cond" truecount="1" falsecount="0"/>
        <line num="14" count="39" type="stmt"/>
        <line num="15" count="39" type="stmt"/>
        <line num="16" count="39" type="stmt"/>
        <line num="18" count="39" type="stmt"/>
        <line num="19" count="10" type="stmt"/>
        <line num="20" count="63" type="stmt"/>
        <line num="21" count="10" type="stmt"/>
        <line num="23" count="10" type="stmt"/>
        <line num="24" count="10" type="stmt"/>
        <line num="27" count="39" type="stmt"/>
        <line num="28" count="21" type="cond" truecount="4" falsecount="0"/>
        <line num="29" count="20" type="cond" truecount="4" falsecount="0"/>
        <line num="31" count="17" type="stmt"/>
        <line num="32" count="17" type="stmt"/>
        <line num="34" count="17" type="cond" truecount="2" falsecount="0"/>
        <line num="35" count="12" type="cond" truecount="2" falsecount="0"/>
        <line num="36" count="5" type="stmt"/>
        <line num="37" count="5" type="stmt"/>
        <line num="39" count="7" type="stmt"/>
        <line num="42" count="5" type="stmt"/>
        <line num="45" count="17" type="stmt"/>
        <line num="47" count="17" type="cond" truecount="2" falsecount="0"/>
        <line num="48" count="2" type="stmt"/>
        <line num="49" count="15" type="cond" truecount="1" falsecount="1"/>
        <line num="50" count="15" type="stmt"/>
        <line num="52" count="17" type="stmt"/>
        <line num="55" count="39" type="stmt"/>
        <line num="57" count="1" type="stmt"/>
        <line num="61" count="39" type="stmt"/>
      </file>
      <file name="useToolbarState.ts" path="D:\CODE\vttnihil\src\hooks\useToolbarState.ts">
        <metrics statements="8" coveredstatements="8" conditionals="4" coveredconditionals="4" methods="2" coveredmethods="2"/>
        <line num="1" count="1" type="stmt"/>
        <line num="2" count="1" type="stmt"/>
        <line num="8" count="1" type="stmt"/>
        <line num="9" count="8" type="stmt"/>
        <line num="13" count="8" type="stmt"/>
        <line num="15" count="8" type="cond" truecount="4" falsecount="0"/>
        <line num="16" count="1" type="stmt"/>
        <line num="21" count="8" type="stmt"/>
      </file>
    </package>
    <package name="shared.api">
      <metrics statements="4" coveredstatements="4" conditionals="0" coveredconditionals="0" methods="0" coveredmethods="0"/>
      <file name="types.ts" path="D:\CODE\vttnihil\src\shared\api\types.ts">
        <metrics statements="4" coveredstatements="4" conditionals="0" coveredconditionals="0" methods="0" coveredmethods="0"/>
        <line num="27" count="10" type="stmt"/>
        <line num="35" count="10" type="stmt"/>
        <line num="41" count="10" type="stmt"/>
        <line num="208" count="10" type="stmt"/>
      </file>
    </package>
    <package name="shared.config">
      <metrics statements="16" coveredstatements="16" conditionals="0" coveredconditionals="0" methods="1" coveredmethods="1"/>
      <file name="constants.ts" path="D:\CODE\vttnihil\src\shared\config\constants.ts">
        <metrics statements="16" coveredstatements="16" conditionals="0" coveredconditionals="0" methods="1" coveredmethods="1"/>
        <line num="1" count="4" type="stmt"/>
        <line num="3" count="4" type="stmt"/>
        <line num="4" count="4" type="stmt"/>
        <line num="5" count="4" type="stmt"/>
        <line num="6" count="4" type="stmt"/>
        <line num="7" count="4" type="stmt"/>
        <line num="8" count="4" type="stmt"/>
        <line num="9" count="4" type="stmt"/>
        <line num="11" count="4" type="stmt"/>
        <line num="17" count="4" type="stmt"/>
        <line num="18" count="4" type="stmt"/>
        <line num="21" count="4" type="stmt"/>
        <line num="24" count="4" type="stmt"/>
        <line num="26" count="4" type="stmt"/>
        <line num="29" count="4" type="stmt"/>
        <line num="36" count="12" type="stmt"/>
      </file>
    </package>
    <package name="shared.lib.hooks">
      <metrics statements="20" coveredstatements="20" conditionals="12" coveredconditionals="12" methods="5" coveredmethods="5"/>
      <file name="useDismissable.ts" path="D:\CODE\vttnihil\src\shared\lib\hooks\useDismissable.ts">
        <metrics statements="20" coveredstatements="20" conditionals="12" coveredconditionals="12" methods="5" coveredmethods="5"/>
        <line num="1" count="2" type="stmt"/>
        <line num="12" count="2" type="stmt"/>
        <line num="18" count="8" type="stmt"/>
        <line num="19" count="8" type="stmt"/>
        <line num="20" count="5" type="cond" truecount="4" falsecount="0"/>
        <line num="21" count="4" type="cond" truecount="2" falsecount="0"/>
        <line num="22" count="2" type="stmt"/>
        <line num="23" count="2" type="cond" truecount="2" falsecount="0"/>
        <line num="24" count="1" type="stmt"/>
        <line num="27" count="3" type="stmt"/>
        <line num="31" count="8" type="stmt"/>
        <line num="32" count="2" type="cond" truecount="2" falsecount="0"/>
        <line num="33" count="1" type="stmt"/>
        <line num="37" count="8" type="cond" truecount="2" falsecount="0"/>
        <line num="38" count="7" type="stmt"/>
        <line num="39" count="7" type="stmt"/>
        <line num="42" count="8" type="stmt"/>
        <line num="43" count="8" type="stmt"/>
        <line num="44" count="8" type="stmt"/>
        <line num="49" count="2" type="stmt"/>
      </file>
    </package>
    <package name="shared.lib.utils">
      <metrics statements="45" coveredstatements="44" conditionals="39" coveredconditionals="38" methods="5" coveredmethods="5"/>
      <file name="characterUtils.ts" path="D:\CODE\vttnihil\src\shared\lib\utils\characterUtils.ts">
        <metrics statements="18" coveredstatements="17" conditionals="18" coveredconditionals="17" methods="2" coveredmethods="2"/>
        <line num="2" count="1" type="stmt"/>
        <line num="4" count="11" type="cond" truecount="5" falsecount="0"/>
        <line num="5" count="5" type="stmt"/>
        <line num="8" count="6" type="stmt"/>
        <line num="9" count="6" type="stmt"/>
        <line num="10" count="6" type="stmt"/>
        <line num="13" count="6" type="cond" truecount="4" falsecount="1"/>
        <line num="14" count="0" type="stmt"/>
        <line num="17" count="6" type="stmt"/>
        <line num="18" count="6" type="cond" truecount="2" falsecount="0"/>
        <line num="21" count="1" type="stmt"/>
        <line num="23" count="15" type="stmt"/>
        <line num="24" count="15" type="cond" truecount="2" falsecount="0"/>
        <line num="25" count="6" type="stmt"/>
        <line num="26" count="6" type="stmt"/>
        <line num="27" count="6" type="cond" truecount="4" falsecount="0"/>
        <line num="28" count="4" type="stmt"/>
        <line num="31" count="11" type="stmt"/>
      </file>
      <file name="cn.ts" path="D:\CODE\vttnihil\src\shared\lib\utils\cn.ts">
        <metrics statements="4" coveredstatements="4" conditionals="0" coveredconditionals="0" methods="1" coveredmethods="1"/>
        <line num="1" count="2" type="stmt"/>
        <line num="2" count="2" type="stmt"/>
        <line num="4" count="2" type="stmt"/>
        <line num="5" count="17" type="stmt"/>
      </file>
      <file name="hpUtils.ts" path="D:\CODE\vttnihil\src\shared\lib\utils\hpUtils.ts">
        <metrics statements="18" coveredstatements="18" conditionals="19" coveredconditionals="19" methods="1" coveredmethods="1"/>
        <line num="9" count="2" type="stmt"/>
        <line num="14" count="21" type="stmt"/>
        <line num="17" count="21" type="cond" truecount="2" falsecount="0"/>
        <line num="18" count="1" type="stmt"/>
        <line num="23" count="20" type="cond" truecount="4" falsecount="0"/>
        <line num="24" count="14" type="stmt"/>
        <line num="25" count="14" type="stmt"/>
        <line num="28" count="14" type="cond" truecount="2" falsecount="0"/>
        <line num="29" count="2" type="stmt"/>
        <line num="32" count="12" type="stmt"/>
        <line num="34" count="12" type="cond" truecount="5" falsecount="0"/>
        <line num="35" count="9" type="cond" truecount="2" falsecount="0"/>
        <line num="37" count="3" type="stmt"/>
        <line num="40" count="6" type="stmt"/>
        <line num="41" count="6" type="cond" truecount="4" falsecount="0"/>
        <line num="42" count="4" type="stmt"/>
        <line num="44" count="2" type="stmt"/>
        <line num="49" count="13" type="stmt"/>
      </file>
      <file name="nameUtils.ts" path="D:\CODE\vttnihil\src\shared\lib\utils\nameUtils.ts">
        <metrics statements="5" coveredstatements="5" conditionals="2" coveredconditionals="2" methods="1" coveredmethods="1"/>
        <line num="7" count="1" type="stmt"/>
        <line num="8" count="8" type="cond" truecount="2" falsecount="0"/>
        <line num="9" count="3" type="stmt"/>
        <line num="11" count="5" type="stmt"/>
        <line num="12" count="5" type="stmt"/>
      </file>
    </package>
    <package name="shared.lib.utils.board">
      <metrics statements="23" coveredstatements="23" conditionals="8" coveredconditionals="8" methods="3" coveredmethods="3"/>
      <file name="boardUtils.ts" path="D:\CODE\vttnihil\src\shared\lib\utils\board\boardUtils.ts">
        <metrics statements="23" coveredstatements="23" conditionals="8" coveredconditionals="8" methods="3" coveredmethods="3"/>
        <line num="7" count="1" type="stmt"/>
        <line num="8" count="16" type="cond" truecount="2" falsecount="0"/>
        <line num="10" count="14" type="stmt"/>
        <line num="11" count="14" type="cond" truecount="2" falsecount="0"/>
        <line num="12" count="6" type="stmt"/>
        <line num="13" count="6" type="stmt"/>
        <line num="14" count="6" type="cond" truecount="4" falsecount="0"/>
        <line num="15" count="4" type="stmt"/>
        <line num="18" count="10" type="stmt"/>
        <line num="21" count="1" type="stmt"/>
        <line num="29" count="3" type="stmt"/>
        <line num="31" count="3" type="stmt"/>
        <line num="32" count="3" type="stmt"/>
        <line num="33" count="3" type="stmt"/>
        <line num="34" count="3" type="stmt"/>
        <line num="35" count="3" type="stmt"/>
        <line num="36" count="3" type="stmt"/>
        <line num="39" count="1" type="stmt"/>
        <line num="45" count="5" type="stmt"/>
        <line num="46" count="5" type="stmt"/>
        <line num="47" count="5" type="stmt"/>
        <line num="48" count="5" type="stmt"/>
        <line num="49" count="5" type="stmt"/>
      </file>
    </package>
    <package name="shared.lib.utils.dice">
      <metrics statements="20" coveredstatements="20" conditionals="18" coveredconditionals="17" methods="1" coveredmethods="1"/>
      <file name="diceUtils.ts" path="D:\CODE\vttnihil\src\shared\lib\utils\dice\diceUtils.ts">
        <metrics statements="20" coveredstatements="20" conditionals="18" coveredconditionals="17" methods="1" coveredmethods="1"/>
        <line num="3" count="1" type="stmt"/>
        <line num="7" count="14" type="stmt"/>
        <line num="10" count="14" type="cond" truecount="2" falsecount="0"/>
        <line num="12" count="9" type="stmt"/>
        <line num="13" count="9" type="stmt"/>
        <line num="14" count="9" type="stmt"/>
        <line num="15" count="9" type="cond" truecount="2" falsecount="0"/>
        <line num="17" count="9" type="cond" truecount="6" falsecount="0"/>
        <line num="18" count="4" type="stmt"/>
        <line num="23" count="5" type="stmt"/>
        <line num="24" count="5" type="stmt"/>
        <line num="25" count="5" type="stmt"/>
        <line num="26" count="11" type="stmt"/>
        <line num="27" count="11" type="stmt"/>
        <line num="28" count="11" type="stmt"/>
        <line num="31" count="5" type="stmt"/>
        <line num="32" count="5" type="cond" truecount="4" falsecount="0"/>
        <line num="33" count="2" type="cond" truecount="2" falsecount="0"/>
        <line num="34" count="1" type="cond" truecount="1" falsecount="1"/>
        <line num="37" count="5" type="stmt"/>
      </file>
    </package>
    <package name="shared.lib.utils.id">
      <metrics statements="3" coveredstatements="3" conditionals="0" coveredconditionals="0" methods="1" coveredmethods="1"/>
      <file name="idUtils.ts" path="D:\CODE\vttnihil\src\shared\lib\utils\id\idUtils.ts">
        <metrics statements="3" coveredstatements="3" conditionals="0" coveredconditionals="0" methods="1" coveredmethods="1"/>
        <line num="1" count="1" type="stmt"/>
        <line num="7" count="1" type="stmt"/>
        <line num="8" count="4" type="stmt"/>
      </file>
    </package>
    <package name="shared.ui">
      <metrics statements="260" coveredstatements="257" conditionals="231" coveredconditionals="225" methods="50" coveredmethods="50"/>
      <file name="ConfirmationModal.tsx" path="D:\CODE\vttnihil\src\shared\ui\ConfirmationModal.tsx">
        <metrics statements="3" coveredstatements="3" conditionals="0" coveredconditionals="0" methods="1" coveredmethods="1"/>
        <line num="1" count="1" type="stmt"/>
        <line num="14" count="1" type="stmt"/>
        <line num="24" count="6" type="stmt"/>
      </file>
      <file name="DiceRollPopover.tsx" path="D:\CODE\vttnihil\src\shared\ui\DiceRollPopover.tsx">
        <metrics statements="23" coveredstatements="23" conditionals="15" coveredconditionals="15" methods="7" coveredmethods="7"/>
        <line num="1" count="1" type="stmt"/>
        <line num="10" count="1" type="stmt"/>
        <line num="14" count="1" type="stmt"/>
        <line num="20" count="15" type="stmt"/>
        <line num="21" count="15" type="stmt"/>
        <line num="23" count="15" type="stmt"/>
        <line num="24" count="8" type="cond" truecount="4" falsecount="0"/>
        <line num="25" count="7" type="stmt"/>
        <line num="26" count="7" type="stmt"/>
        <line num="33" count="15" type="stmt"/>
        <line num="34" count="8" type="stmt"/>
        <line num="35" count="3" type="cond" truecount="2" falsecount="0"/>
        <line num="42" count="1" type="stmt"/>
        <line num="46" count="8" type="cond" truecount="2" falsecount="0"/>
        <line num="47" count="7" type="stmt"/>
        <line num="49" count="8" type="stmt"/>
        <line num="50" count="8" type="stmt"/>
        <line num="54" count="15" type="cond" truecount="2" falsecount="0"/>
        <line num="55" count="1" type="stmt"/>
        <line num="59" count="14" type="stmt"/>
        <line num="68" count="112" type="stmt"/>
        <line num="71" count="1" type="stmt"/>
        <line num="72" count="1" type="stmt"/>
      </file>
      <file name="Icons.tsx" path="D:\CODE\vttnihil\src\shared\ui\Icons.tsx">
        <metrics statements="136" coveredstatements="136" conditionals="136" coveredconditionals="136" methods="17" coveredmethods="17"/>
        <line num="2" count="5" type="stmt"/>
        <line num="3" count="5" type="stmt"/>
        <line num="4" count="5" type="stmt"/>
        <line num="5" count="5" type="stmt"/>
        <line num="6" count="5" type="stmt"/>
        <line num="7" count="5" type="stmt"/>
        <line num="8" count="5" type="stmt"/>
        <line num="9" count="5" type="stmt"/>
        <line num="10" count="5" type="stmt"/>
        <line num="11" count="5" type="stmt"/>
        <line num="12" count="5" type="stmt"/>
        <line num="13" count="5" type="stmt"/>
        <line num="14" count="5" type="stmt"/>
        <line num="15" count="5" type="stmt"/>
        <line num="16" count="5" type="stmt"/>
        <line num="17" count="5" type="stmt"/>
        <line num="18" count="5" type="stmt"/>
        <line num="27" count="5" type="stmt"/>
        <line num="28" count="5" type="stmt"/>
        <line num="29" count="5" type="cond" truecount="4" falsecount="0"/>
        <line num="32" count="5" type="stmt"/>
        <line num="39" count="5" type="cond" truecount="2" falsecount="0"/>
        <line num="40" count="2" type="stmt"/>
        <line num="43" count="5" type="stmt"/>
        <line num="46" count="5" type="stmt"/>
        <line num="47" count="18" type="stmt"/>
        <line num="48" count="18" type="cond" truecount="4" falsecount="0"/>
        <line num="51" count="18" type="stmt"/>
        <line num="58" count="18" type="cond" truecount="2" falsecount="0"/>
        <line num="59" count="7" type="stmt"/>
        <line num="62" count="18" type="stmt"/>
        <line num="65" count="5" type="stmt"/>
        <line num="71" count="5" type="stmt"/>
        <line num="72" count="5" type="cond" truecount="4" falsecount="0"/>
        <line num="73" count="5" type="stmt"/>
        <line num="79" count="5" type="cond" truecount="2" falsecount="0"/>
        <line num="80" count="2" type="stmt"/>
        <line num="83" count="5" type="stmt"/>
        <line num="86" count="5" type="stmt"/>
        <line num="92" count="5" type="stmt"/>
        <line num="93" count="5" type="cond" truecount="4" falsecount="0"/>
        <line num="94" count="5" type="stmt"/>
        <line num="100" count="5" type="cond" truecount="2" falsecount="0"/>
        <line num="101" count="2" type="stmt"/>
        <line num="104" count="5" type="stmt"/>
        <line num="107" count="5" type="stmt"/>
        <line num="113" count="49" type="stmt"/>
        <line num="114" count="49" type="cond" truecount="4" falsecount="0"/>
        <line num="115" count="49" type="stmt"/>
        <line num="121" count="49" type="cond" truecount="2" falsecount="0"/>
        <line num="122" count="2" type="stmt"/>
        <line num="125" count="49" type="stmt"/>
        <line num="128" count="5" type="stmt"/>
        <line num="134" count="13" type="stmt"/>
        <line num="135" count="13" type="cond" truecount="4" falsecount="0"/>
        <line num="136" count="13" type="stmt"/>
        <line num="142" count="13" type="cond" truecount="2" falsecount="0"/>
        <line num="143" count="2" type="stmt"/>
        <line num="146" count="13" type="stmt"/>
        <line num="149" count="5" type="stmt"/>
        <line num="150" count="13" type="stmt"/>
        <line num="151" count="13" type="cond" truecount="4" falsecount="0"/>
        <line num="152" count="13" type="stmt"/>
        <line num="158" count="13" type="cond" truecount="2" falsecount="0"/>
        <line num="159" count="2" type="stmt"/>
        <line num="162" count="13" type="stmt"/>
        <line num="165" count="5" type="stmt"/>
        <line num="171" count="5" type="stmt"/>
        <line num="172" count="5" type="cond" truecount="4" falsecount="0"/>
        <line num="173" count="5" type="stmt"/>
        <line num="179" count="5" type="cond" truecount="2" falsecount="0"/>
        <line num="180" count="2" type="stmt"/>
        <line num="183" count="5" type="stmt"/>
        <line num="186" count="5" type="stmt"/>
        <line num="187" count="13" type="stmt"/>
        <line num="188" count="13" type="cond" truecount="4" falsecount="0"/>
        <line num="189" count="13" type="stmt"/>
        <line num="195" count="13" type="cond" truecount="2" falsecount="0"/>
        <line num="196" count="2" type="stmt"/>
        <line num="199" count="13" type="stmt"/>
        <line num="202" count="5" type="stmt"/>
        <line num="203" count="54" type="stmt"/>
        <line num="204" count="54" type="cond" truecount="4" falsecount="0"/>
        <line num="205" count="54" type="stmt"/>
        <line num="211" count="54" type="cond" truecount="2" falsecount="0"/>
        <line num="212" count="2" type="stmt"/>
        <line num="215" count="54" type="stmt"/>
        <line num="218" count="5" type="stmt"/>
        <line num="224" count="13" type="stmt"/>
        <line num="225" count="13" type="cond" truecount="4" falsecount="0"/>
        <line num="226" count="13" type="stmt"/>
        <line num="232" count="13" type="cond" truecount="2" falsecount="0"/>
        <line num="233" count="2" type="stmt"/>
        <line num="236" count="13" type="stmt"/>
        <line num="239" count="5" type="stmt"/>
        <line num="245" count="5" type="stmt"/>
        <line num="246" count="5" type="cond" truecount="4" falsecount="0"/>
        <line num="247" count="5" type="stmt"/>
        <line num="253" count="5" type="cond" truecount="2" falsecount="0"/>
        <line num="254" count="2" type="stmt"/>
        <line num="257" count="5" type="stmt"/>
        <line num="260" count="5" type="stmt"/>
        <line num="266" count="5" type="stmt"/>
        <line num="267" count="5" type="cond" truecount="4" falsecount="0"/>
        <line num="268" count="5" type="stmt"/>
        <line num="274" count="5" type="cond" truecount="2" falsecount="0"/>
        <line num="275" count="2" type="stmt"/>
        <line num="278" count="5" type="stmt"/>
        <line num="281" count="5" type="stmt"/>
        <line num="287" count="5" type="stmt"/>
        <line num="288" count="5" type="cond" truecount="4" falsecount="0"/>
        <line num="289" count="5" type="stmt"/>
        <line num="295" count="5" type="cond" truecount="2" falsecount="0"/>
        <line num="296" count="2" type="stmt"/>
        <line num="299" count="5" type="stmt"/>
        <line num="302" count="5" type="stmt"/>
        <line num="308" count="5" type="stmt"/>
        <line num="309" count="5" type="cond" truecount="4" falsecount="0"/>
        <line num="310" count="5" type="stmt"/>
        <line num="316" count="5" type="cond" truecount="2" falsecount="0"/>
        <line num="317" count="2" type="stmt"/>
        <line num="320" count="5" type="stmt"/>
        <line num="323" count="5" type="stmt"/>
        <line num="329" count="5" type="stmt"/>
        <line num="330" count="5" type="cond" truecount="4" falsecount="0"/>
        <line num="331" count="5" type="stmt"/>
        <line num="337" count="5" type="cond" truecount="2" falsecount="0"/>
        <line num="338" count="2" type="stmt"/>
        <line num="341" count="5" type="stmt"/>
        <line num="344" count="5" type="stmt"/>
        <line num="350" count="5" type="stmt"/>
        <line num="351" count="5" type="cond" truecount="4" falsecount="0"/>
        <line num="352" count="5" type="stmt"/>
        <line num="358" count="5" type="cond" truecount="2" falsecount="0"/>
        <line num="359" count="2" type="stmt"/>
        <line num="362" count="5" type="stmt"/>
      </file>
      <file name="Modal.tsx" path="D:\CODE\vttnihil\src\shared\ui\Modal.tsx">
        <metrics statements="14" coveredstatements="14" conditionals="14" coveredconditionals="11" methods="5" coveredmethods="5"/>
        <line num="1" count="1" type="stmt"/>
        <line num="2" count="1" type="stmt"/>
        <line num="17" count="1" type="stmt"/>
        <line num="29" count="6" type="stmt"/>
        <line num="31" count="6" type="stmt"/>
        <line num="32" count="1" type="cond" truecount="1" falsecount="1"/>
        <line num="33" count="1" type="stmt"/>
        <line num="36" count="6" type="cond" truecount="2" falsecount="0"/>
        <line num="37" count="5" type="stmt"/>
        <line num="40" count="6" type="stmt"/>
        <line num="41" count="6" type="stmt"/>
        <line num="45" count="6" type="cond" truecount="2" falsecount="0"/>
        <line num="47" count="5" type="stmt"/>
        <line num="58" count="2" type="stmt"/>
      </file>
      <file name="OptionsPopover.tsx" path="D:\CODE\vttnihil\src\shared\ui\OptionsPopover.tsx">
        <metrics statements="41" coveredstatements="38" conditionals="31" coveredconditionals="28" methods="7" coveredmethods="7"/>
        <line num="1" count="1" type="stmt"/>
        <line num="11" count="1" type="stmt"/>
        <line num="17" count="26" type="stmt"/>
        <line num="18" count="26" type="stmt"/>
        <line num="20" count="26" type="stmt"/>
        <line num="21" count="13" type="cond" truecount="5" falsecount="0"/>
        <line num="22" count="12" type="stmt"/>
        <line num="23" count="12" type="stmt"/>
        <line num="24" count="12" type="stmt"/>
        <line num="26" count="12" type="stmt"/>
        <line num="27" count="12" type="stmt"/>
        <line num="30" count="12" type="cond" truecount="2" falsecount="0"/>
        <line num="31" count="3" type="stmt"/>
        <line num="35" count="12" type="cond" truecount="2" falsecount="0"/>
        <line num="37" count="1" type="stmt"/>
        <line num="41" count="12" type="cond" truecount="2" falsecount="0"/>
        <line num="42" count="1" type="stmt"/>
        <line num="44" count="12" type="cond" truecount="1" falsecount="1"/>
        <line num="45" count="0" type="stmt"/>
        <line num="48" count="12" type="cond" truecount="1" falsecount="1"/>
        <line num="49" count="0" type="stmt"/>
        <line num="51" count="12" type="cond" truecount="1" falsecount="1"/>
        <line num="52" count="0" type="stmt"/>
        <line num="55" count="12" type="stmt"/>
        <line num="61" count="1" type="stmt"/>
        <line num="65" count="26" type="stmt"/>
        <line num="66" count="13" type="cond" truecount="2" falsecount="0"/>
        <line num="68" count="12" type="stmt"/>
        <line num="69" count="3" type="cond" truecount="2" falsecount="0"/>
        <line num="75" count="1" type="stmt"/>
        <line num="79" count="12" type="stmt"/>
        <line num="80" count="2" type="cond" truecount="2" falsecount="0"/>
        <line num="81" count="1" type="stmt"/>
        <line num="85" count="12" type="stmt"/>
        <line num="86" count="12" type="stmt"/>
        <line num="88" count="12" type="stmt"/>
        <line num="89" count="12" type="stmt"/>
        <line num="90" count="12" type="stmt"/>
        <line num="94" count="26" type="cond" truecount="4" falsecount="0"/>
        <line num="95" count="2" type="stmt"/>
        <line num="98" count="24" type="stmt"/>
      </file>
      <file name="RulerPopover.tsx" path="D:\CODE\vttnihil\src\shared\ui\RulerPopover.tsx">
        <metrics statements="24" coveredstatements="24" conditionals="19" coveredconditionals="19" methods="7" coveredmethods="7"/>
        <line num="1" count="1" type="stmt"/>
        <line num="2" count="1" type="stmt"/>
        <line num="14" count="1" type="stmt"/>
        <line num="23" count="21" type="stmt"/>
        <line num="24" count="21" type="stmt"/>
        <line num="27" count="21" type="stmt"/>
        <line num="28" count="11" type="cond" truecount="4" falsecount="0"/>
        <line num="29" count="10" type="stmt"/>
        <line num="30" count="10" type="stmt"/>
        <line num="38" count="21" type="stmt"/>
        <line num="39" count="11" type="stmt"/>
        <line num="40" count="3" type="cond" truecount="2" falsecount="0"/>
        <line num="47" count="1" type="stmt"/>
        <line num="51" count="11" type="cond" truecount="2" falsecount="0"/>
        <line num="52" count="10" type="stmt"/>
        <line num="54" count="11" type="stmt"/>
        <line num="55" count="11" type="stmt"/>
        <line num="59" count="21" type="cond" truecount="2" falsecount="0"/>
        <line num="60" count="1" type="stmt"/>
        <line num="63" count="20" type="stmt"/>
        <line num="74" count="1" type="stmt"/>
        <line num="75" count="1" type="stmt"/>
        <line num="90" count="1" type="stmt"/>
        <line num="91" count="1" type="stmt"/>
      </file>
      <file name="TabButton.tsx" path="D:\CODE\vttnihil\src\shared\ui\TabButton.tsx">
        <metrics statements="4" coveredstatements="4" conditionals="2" coveredconditionals="2" methods="1" coveredmethods="1"/>
        <line num="1" count="1" type="stmt"/>
        <line num="3" count="1" type="stmt"/>
        <line num="14" count="1" type="stmt"/>
        <line num="21" count="6" type="stmt"/>
      </file>
      <file name="ToolbarButton.tsx" path="D:\CODE\vttnihil\src\shared\ui\ToolbarButton.tsx">
        <metrics statements="6" coveredstatements="6" conditionals="9" coveredconditionals="9" methods="1" coveredmethods="1"/>
        <line num="1" count="3" type="stmt"/>
        <line num="2" count="3" type="stmt"/>
        <line num="3" count="3" type="stmt"/>
        <line num="14" count="3" type="stmt"/>
        <line num="22" count="59" type="stmt"/>
        <line num="53" count="3" type="stmt"/>
      </file>
      <file name="ToolbarPopoverButton.tsx" path="D:\CODE\vttnihil\src\shared\ui\ToolbarPopoverButton.tsx">
        <metrics statements="9" coveredstatements="9" conditionals="5" coveredconditionals="5" methods="4" coveredmethods="4"/>
        <line num="1" count="2" type="stmt"/>
        <line num="3" count="2" type="stmt"/>
        <line num="22" count="2" type="stmt"/>
        <line num="34" count="26" type="stmt"/>
        <line num="36" count="26" type="stmt"/>
        <line num="37" count="4" type="stmt"/>
        <line num="38" count="4" type="cond" truecount="2" falsecount="0"/>
        <line num="41" count="26" type="stmt"/>
        <line num="54" count="1" type="stmt"/>
      </file>
    </package>
    <package name="widgets">
      <metrics statements="22" coveredstatements="20" conditionals="0" coveredconditionals="0" methods="5" coveredmethods="3"/>
      <file name="Toolbar.tsx" path="D:\CODE\vttnihil\src\widgets\Toolbar.tsx">
        <metrics statements="22" coveredstatements="20" conditionals="0" coveredconditionals="0" methods="5" coveredmethods="3"/>
        <line num="1" count="1" type="stmt"/>
        <line num="2" count="1" type="stmt"/>
        <line num="3" count="1" type="stmt"/>
        <line num="4" count="1" type="stmt"/>
        <line num="5" count="1" type="stmt"/>
        <line num="6" count="1" type="stmt"/>
        <line num="7" count="1" type="stmt"/>
        <line num="14" count="1" type="stmt"/>
        <line num="15" count="1" type="stmt"/>
        <line num="16" count="1" type="stmt"/>
        <line num="19" count="1" type="stmt"/>
        <line num="20" count="8" type="stmt"/>
        <line num="26" count="8" type="stmt"/>
        <line num="27" count="8" type="stmt"/>
        <line num="29" count="8" type="stmt"/>
        <line num="31" count="8" type="stmt"/>
        <line num="38" count="1" type="stmt"/>
        <line num="39" count="1" type="stmt"/>
        <line num="47" count="1" type="stmt"/>
        <line num="48" count="1" type="stmt"/>
        <line num="61" count="0" type="stmt"/>
        <line num="92" count="0" type="stmt"/>
      </file>
    </package>
  </project>
</coverage>
