<?xml version="1.0" encoding="UTF-8"?>
<coverage generated="1750415858584" clover="3.2.0">
  <project timestamp="1750415858584" name="All files">
    <metrics statements="46" coveredstatements="26" conditionals="44" coveredconditionals="4" methods="22" coveredmethods="2" elements="112" coveredelements="32" complexity="0" loc="46" ncloc="46" packages="2" files="2" classes="2"/>
    <package name="components">
      <metrics statements="42" coveredstatements="22" conditionals="42" coveredconditionals="2" methods="21" coveredmethods="1"/>
      <file name="icons.tsx" path="D:\CODE\vttnihil\src\components\icons.tsx">
        <metrics statements="42" coveredstatements="22" conditionals="42" coveredconditionals="2" methods="21" coveredmethods="1"/>
        <line num="9" count="1" type="stmt"/>
        <line num="14" count="0" type="stmt"/>
        <line num="26" count="1" type="stmt"/>
        <line num="31" count="5" type="stmt"/>
        <line num="80" count="1" type="stmt"/>
        <line num="85" count="0" type="stmt"/>
        <line num="97" count="1" type="stmt"/>
        <line num="102" count="0" type="stmt"/>
        <line num="114" count="1" type="stmt"/>
        <line num="119" count="0" type="stmt"/>
        <line num="131" count="1" type="stmt"/>
        <line num="136" count="0" type="stmt"/>
        <line num="152" count="1" type="stmt"/>
        <line num="157" count="0" type="stmt"/>
        <line num="173" count="1" type="stmt"/>
        <line num="178" count="0" type="stmt"/>
        <line num="200" count="1" type="stmt"/>
        <line num="205" count="0" type="stmt"/>
        <line num="217" count="1" type="stmt"/>
        <line num="222" count="0" type="stmt"/>
        <line num="238" count="1" type="stmt"/>
        <line num="243" count="0" type="stmt"/>
        <line num="259" count="1" type="stmt"/>
        <line num="264" count="0" type="stmt"/>
        <line num="280" count="1" type="stmt"/>
        <line num="285" count="0" type="stmt"/>
        <line num="297" count="1" type="stmt"/>
        <line num="302" count="0" type="stmt"/>
        <line num="314" count="1" type="stmt"/>
        <line num="319" count="0" type="stmt"/>
        <line num="331" count="1" type="stmt"/>
        <line num="336" count="0" type="stmt"/>
        <line num="348" count="1" type="stmt"/>
        <line num="353" count="0" type="stmt"/>
        <line num="370" count="1" type="stmt"/>
        <line num="375" count="0" type="stmt"/>
        <line num="392" count="1" type="stmt"/>
        <line num="397" count="0" type="stmt"/>
        <line num="413" count="1" type="stmt"/>
        <line num="418" count="0" type="stmt"/>
        <line num="434" count="1" type="stmt"/>
        <line num="439" count="0" type="stmt"/>
      </file>
    </package>
    <package name="components.ui">
      <metrics statements="4" coveredstatements="4" conditionals="2" coveredconditionals="2" methods="1" coveredmethods="1"/>
      <file name="TabButton.tsx" path="D:\CODE\vttnihil\src\components\ui\TabButton.tsx">
        <metrics statements="4" coveredstatements="4" conditionals="2" coveredconditionals="2" methods="1" coveredmethods="1"/>
        <line num="2" count="1" type="stmt"/>
        <line num="14" count="1" type="stmt"/>
        <line num="15" count="6" type="stmt"/>
        <line num="32" count="1" type="stmt"/>
      </file>
    </package>
  </project>
</coverage>
