{"D:\\CODE\\vttnihil\\src\\constants.ts": {"path":"D:\\CODE\\vttnihil\\src\\constants.ts","statementMap":{"0":{"start":{"line":1,"column":0},"end":{"line":1,"column":62}},"1":{"start":{"line":3,"column":13},"end":{"line":3,"column":33}},"2":{"start":{"line":4,"column":13},"end":{"line":4,"column":38}},"3":{"start":{"line":5,"column":13},"end":{"line":5,"column":34}},"4":{"start":{"line":6,"column":13},"end":{"line":6,"column":34}},"5":{"start":{"line":7,"column":13},"end":{"line":7,"column":38}},"6":{"start":{"line":8,"column":13},"end":{"line":8,"column":45}},"7":{"start":{"line":9,"column":13},"end":{"line":9,"column":45}},"8":{"start":{"line":11,"column":13},"end":{"line":15,"column":2}},"9":{"start":{"line":17,"column":13},"end":{"line":17,"column":45}},"10":{"start":{"line":18,"column":13},"end":{"line":18,"column":40}},"11":{"start":{"line":19,"column":13},"end":{"line":19,"column":35}},"12":{"start":{"line":22,"column":13},"end":{"line":22,"column":38}},"13":{"start":{"line":25,"column":13},"end":{"line":25,"column":38}},"14":{"start":{"line":27,"column":13},"end":{"line":27,"column":48}},"15":{"start":{"line":30,"column":13},"end":{"line":34,"column":2}},"16":{"start":{"line":38,"column":13},"end":{"line":41,"column":4}},"17":{"start":{"line":38,"column":75},"end":{"line":41,"column":2}}},"fnMap":{"0":{"name":"(anonymous_0)","decl":{"start":{"line":38,"column":64},"end":{"line":38,"column":65}},"loc":{"start":{"line":38,"column":75},"end":{"line":41,"column":2}}}},"branchMap":{},"s":{"0":6,"1":6,"2":6,"3":6,"4":6,"5":6,"6":6,"7":6,"8":6,"9":6,"10":6,"11":6,"12":6,"13":6,"14":6,"15":6,"16":6,"17":18},"f":{"0":18},"b":{}}
,"D:\\CODE\\vttnihil\\src\\components\\icons.tsx": {"path":"D:\\CODE\\vttnihil\\src\\components\\icons.tsx","statementMap":{"0":{"start":{"line":27,"column":0},"end":{"line":27,"column":16}},"1":{"start":{"line":46,"column":0},"end":{"line":46,"column":16}},"2":{"start":{"line":65,"column":0},"end":{"line":65,"column":16}},"3":{"start":{"line":86,"column":0},"end":{"line":86,"column":16}},"4":{"start":{"line":107,"column":0},"end":{"line":107,"column":16}},"5":{"start":{"line":128,"column":0},"end":{"line":128,"column":16}},"6":{"start":{"line":149,"column":0},"end":{"line":149,"column":16}},"7":{"start":{"line":165,"column":0},"end":{"line":165,"column":16}},"8":{"start":{"line":186,"column":0},"end":{"line":186,"column":16}},"9":{"start":{"line":202,"column":0},"end":{"line":202,"column":16}},"10":{"start":{"line":218,"column":0},"end":{"line":218,"column":16}},"11":{"start":{"line":239,"column":0},"end":{"line":239,"column":16}},"12":{"start":{"line":260,"column":0},"end":{"line":260,"column":16}},"13":{"start":{"line":281,"column":0},"end":{"line":281,"column":16}},"14":{"start":{"line":302,"column":0},"end":{"line":302,"column":16}},"15":{"start":{"line":323,"column":0},"end":{"line":323,"column":16}},"16":{"start":{"line":344,"column":0},"end":{"line":344,"column":16}},"17":{"start":{"line":2,"column":0},"end":{"line":2,"column":36}},"18":{"start":{"line":3,"column":0},"end":{"line":3,"column":55}},"19":{"start":{"line":4,"column":0},"end":{"line":4,"column":40}},"20":{"start":{"line":5,"column":0},"end":{"line":5,"column":51}},"21":{"start":{"line":6,"column":0},"end":{"line":6,"column":44}},"22":{"start":{"line":7,"column":0},"end":{"line":7,"column":42}},"23":{"start":{"line":8,"column":0},"end":{"line":8,"column":44}},"24":{"start":{"line":9,"column":0},"end":{"line":9,"column":36}},"25":{"start":{"line":10,"column":0},"end":{"line":10,"column":49}},"26":{"start":{"line":11,"column":0},"end":{"line":11,"column":51}},"27":{"start":{"line":12,"column":0},"end":{"line":12,"column":42}},"28":{"start":{"line":13,"column":0},"end":{"line":13,"column":65}},"29":{"start":{"line":14,"column":0},"end":{"line":14,"column":67}},"30":{"start":{"line":15,"column":0},"end":{"line":15,"column":66}},"31":{"start":{"line":16,"column":0},"end":{"line":16,"column":46}},"32":{"start":{"line":17,"column":0},"end":{"line":17,"column":40}},"33":{"start":{"line":18,"column":0},"end":{"line":18,"column":42}},"34":{"start":{"line":28,"column":22},"end":{"line":28,"column":31}},"35":{"start":{"line":29,"column":20},"end":{"line":29,"column":76}},"36":{"start":{"line":32,"column":6},"end":{"line":37,"column":4}},"37":{"start":{"line":39,"column":2},"end":{"line":41,"column":3}},"38":{"start":{"line":40,"column":4},"end":{"line":40,"column":41}},"39":{"start":{"line":43,"column":2},"end":{"line":43,"column":31}},"40":{"start":{"line":47,"column":22},"end":{"line":47,"column":31}},"41":{"start":{"line":48,"column":20},"end":{"line":48,"column":76}},"42":{"start":{"line":51,"column":6},"end":{"line":56,"column":4}},"43":{"start":{"line":58,"column":2},"end":{"line":60,"column":3}},"44":{"start":{"line":59,"column":4},"end":{"line":59,"column":41}},"45":{"start":{"line":62,"column":2},"end":{"line":62,"column":31}},"46":{"start":{"line":71,"column":22},"end":{"line":71,"column":31}},"47":{"start":{"line":72,"column":20},"end":{"line":72,"column":76}},"48":{"start":{"line":73,"column":62},"end":{"line":77,"column":4}},"49":{"start":{"line":79,"column":2},"end":{"line":81,"column":3}},"50":{"start":{"line":80,"column":4},"end":{"line":80,"column":41}},"51":{"start":{"line":83,"column":2},"end":{"line":83,"column":31}},"52":{"start":{"line":92,"column":22},"end":{"line":92,"column":31}},"53":{"start":{"line":93,"column":20},"end":{"line":93,"column":76}},"54":{"start":{"line":94,"column":62},"end":{"line":98,"column":4}},"55":{"start":{"line":100,"column":2},"end":{"line":102,"column":3}},"56":{"start":{"line":101,"column":4},"end":{"line":101,"column":41}},"57":{"start":{"line":104,"column":2},"end":{"line":104,"column":31}},"58":{"start":{"line":113,"column":22},"end":{"line":113,"column":31}},"59":{"start":{"line":114,"column":20},"end":{"line":114,"column":76}},"60":{"start":{"line":115,"column":62},"end":{"line":119,"column":4}},"61":{"start":{"line":121,"column":2},"end":{"line":123,"column":3}},"62":{"start":{"line":122,"column":4},"end":{"line":122,"column":41}},"63":{"start":{"line":125,"column":2},"end":{"line":125,"column":35}},"64":{"start":{"line":134,"column":22},"end":{"line":134,"column":31}},"65":{"start":{"line":135,"column":20},"end":{"line":135,"column":76}},"66":{"start":{"line":136,"column":62},"end":{"line":140,"column":4}},"67":{"start":{"line":142,"column":2},"end":{"line":144,"column":3}},"68":{"start":{"line":143,"column":4},"end":{"line":143,"column":41}},"69":{"start":{"line":146,"column":2},"end":{"line":146,"column":35}},"70":{"start":{"line":150,"column":22},"end":{"line":150,"column":31}},"71":{"start":{"line":151,"column":20},"end":{"line":151,"column":76}},"72":{"start":{"line":152,"column":62},"end":{"line":156,"column":4}},"73":{"start":{"line":158,"column":2},"end":{"line":160,"column":3}},"74":{"start":{"line":159,"column":4},"end":{"line":159,"column":41}},"75":{"start":{"line":162,"column":2},"end":{"line":162,"column":35}},"76":{"start":{"line":171,"column":22},"end":{"line":171,"column":31}},"77":{"start":{"line":172,"column":20},"end":{"line":172,"column":76}},"78":{"start":{"line":173,"column":62},"end":{"line":177,"column":4}},"79":{"start":{"line":179,"column":2},"end":{"line":181,"column":3}},"80":{"start":{"line":180,"column":4},"end":{"line":180,"column":41}},"81":{"start":{"line":183,"column":2},"end":{"line":183,"column":35}},"82":{"start":{"line":187,"column":22},"end":{"line":187,"column":31}},"83":{"start":{"line":188,"column":20},"end":{"line":188,"column":76}},"84":{"start":{"line":189,"column":62},"end":{"line":193,"column":4}},"85":{"start":{"line":195,"column":2},"end":{"line":197,"column":3}},"86":{"start":{"line":196,"column":4},"end":{"line":196,"column":41}},"87":{"start":{"line":199,"column":2},"end":{"line":199,"column":35}},"88":{"start":{"line":203,"column":22},"end":{"line":203,"column":31}},"89":{"start":{"line":204,"column":20},"end":{"line":204,"column":76}},"90":{"start":{"line":205,"column":62},"end":{"line":209,"column":4}},"91":{"start":{"line":211,"column":2},"end":{"line":213,"column":3}},"92":{"start":{"line":212,"column":4},"end":{"line":212,"column":41}},"93":{"start":{"line":215,"column":2},"end":{"line":215,"column":35}},"94":{"start":{"line":224,"column":22},"end":{"line":224,"column":31}},"95":{"start":{"line":225,"column":20},"end":{"line":225,"column":76}},"96":{"start":{"line":226,"column":62},"end":{"line":230,"column":4}},"97":{"start":{"line":232,"column":2},"end":{"line":234,"column":3}},"98":{"start":{"line":233,"column":4},"end":{"line":233,"column":41}},"99":{"start":{"line":236,"column":2},"end":{"line":236,"column":35}},"100":{"start":{"line":245,"column":22},"end":{"line":245,"column":31}},"101":{"start":{"line":246,"column":20},"end":{"line":246,"column":76}},"102":{"start":{"line":247,"column":62},"end":{"line":251,"column":4}},"103":{"start":{"line":253,"column":2},"end":{"line":255,"column":3}},"104":{"start":{"line":254,"column":4},"end":{"line":254,"column":41}},"105":{"start":{"line":257,"column":2},"end":{"line":257,"column":35}},"106":{"start":{"line":266,"column":22},"end":{"line":266,"column":31}},"107":{"start":{"line":267,"column":20},"end":{"line":267,"column":76}},"108":{"start":{"line":268,"column":62},"end":{"line":272,"column":4}},"109":{"start":{"line":274,"column":2},"end":{"line":276,"column":3}},"110":{"start":{"line":275,"column":4},"end":{"line":275,"column":41}},"111":{"start":{"line":278,"column":2},"end":{"line":278,"column":35}},"112":{"start":{"line":287,"column":22},"end":{"line":287,"column":31}},"113":{"start":{"line":288,"column":20},"end":{"line":288,"column":76}},"114":{"start":{"line":289,"column":62},"end":{"line":293,"column":4}},"115":{"start":{"line":295,"column":2},"end":{"line":297,"column":3}},"116":{"start":{"line":296,"column":4},"end":{"line":296,"column":41}},"117":{"start":{"line":299,"column":2},"end":{"line":299,"column":35}},"118":{"start":{"line":308,"column":22},"end":{"line":308,"column":31}},"119":{"start":{"line":309,"column":20},"end":{"line":309,"column":76}},"120":{"start":{"line":310,"column":62},"end":{"line":314,"column":4}},"121":{"start":{"line":316,"column":2},"end":{"line":318,"column":3}},"122":{"start":{"line":317,"column":4},"end":{"line":317,"column":41}},"123":{"start":{"line":320,"column":2},"end":{"line":320,"column":35}},"124":{"start":{"line":329,"column":22},"end":{"line":329,"column":31}},"125":{"start":{"line":330,"column":20},"end":{"line":330,"column":76}},"126":{"start":{"line":331,"column":62},"end":{"line":335,"column":4}},"127":{"start":{"line":337,"column":2},"end":{"line":339,"column":3}},"128":{"start":{"line":338,"column":4},"end":{"line":338,"column":41}},"129":{"start":{"line":341,"column":2},"end":{"line":341,"column":35}},"130":{"start":{"line":350,"column":22},"end":{"line":350,"column":31}},"131":{"start":{"line":351,"column":20},"end":{"line":351,"column":76}},"132":{"start":{"line":352,"column":62},"end":{"line":356,"column":4}},"133":{"start":{"line":358,"column":2},"end":{"line":360,"column":3}},"134":{"start":{"line":359,"column":4},"end":{"line":359,"column":41}},"135":{"start":{"line":362,"column":2},"end":{"line":362,"column":35}}},"fnMap":{"0":{"name":"EditIcon","decl":{"start":{"line":27,"column":16},"end":{"line":27,"column":24}},"loc":{"start":{"line":27,"column":91},"end":{"line":44,"column":1}}},"1":{"name":"DiceIcon","decl":{"start":{"line":46,"column":16},"end":{"line":46,"column":24}},"loc":{"start":{"line":46,"column":91},"end":{"line":63,"column":1}}},"2":{"name":"DeleteIcon","decl":{"start":{"line":65,"column":16},"end":{"line":65,"column":26}},"loc":{"start":{"line":70,"column":12},"end":{"line":84,"column":1}}},"3":{"name":"PlusCircleIcon","decl":{"start":{"line":86,"column":16},"end":{"line":86,"column":30}},"loc":{"start":{"line":91,"column":12},"end":{"line":105,"column":1}}},"4":{"name":"DetatchIcon","decl":{"start":{"line":107,"column":16},"end":{"line":107,"column":27}},"loc":{"start":{"line":112,"column":12},"end":{"line":126,"column":1}}},"5":{"name":"SelectIcon","decl":{"start":{"line":128,"column":16},"end":{"line":128,"column":26}},"loc":{"start":{"line":133,"column":12},"end":{"line":147,"column":1}}},"6":{"name":"PanIcon","decl":{"start":{"line":149,"column":16},"end":{"line":149,"column":23}},"loc":{"start":{"line":149,"column":90},"end":{"line":163,"column":1}}},"7":{"name":"ChatBubbleIcon","decl":{"start":{"line":165,"column":16},"end":{"line":165,"column":30}},"loc":{"start":{"line":170,"column":12},"end":{"line":184,"column":1}}},"8":{"name":"RulerIcon","decl":{"start":{"line":186,"column":16},"end":{"line":186,"column":25}},"loc":{"start":{"line":186,"column":92},"end":{"line":200,"column":1}}},"9":{"name":"XMarkIcon","decl":{"start":{"line":202,"column":16},"end":{"line":202,"column":25}},"loc":{"start":{"line":202,"column":92},"end":{"line":216,"column":1}}},"10":{"name":"ChevronLeftIcon","decl":{"start":{"line":218,"column":16},"end":{"line":218,"column":31}},"loc":{"start":{"line":223,"column":12},"end":{"line":237,"column":1}}},"11":{"name":"ChevronRightIcon","decl":{"start":{"line":239,"column":16},"end":{"line":239,"column":32}},"loc":{"start":{"line":244,"column":12},"end":{"line":258,"column":1}}},"12":{"name":"IdentificationCardIcon","decl":{"start":{"line":260,"column":16},"end":{"line":260,"column":38}},"loc":{"start":{"line":265,"column":12},"end":{"line":279,"column":1}}},"13":{"name":"DotsThreeVerticalIcon","decl":{"start":{"line":281,"column":16},"end":{"line":281,"column":37}},"loc":{"start":{"line":286,"column":12},"end":{"line":300,"column":1}}},"14":{"name":"PageConfigIcon","decl":{"start":{"line":302,"column":16},"end":{"line":302,"column":30}},"loc":{"start":{"line":307,"column":12},"end":{"line":321,"column":1}}},"15":{"name":"MinimizeIcon","decl":{"start":{"line":323,"column":16},"end":{"line":323,"column":28}},"loc":{"start":{"line":328,"column":12},"end":{"line":342,"column":1}}},"16":{"name":"RestoreWindowIcon","decl":{"start":{"line":344,"column":16},"end":{"line":344,"column":33}},"loc":{"start":{"line":349,"column":12},"end":{"line":363,"column":1}}}},"branchMap":{"0":{"loc":{"start":{"line":29,"column":20},"end":{"line":29,"column":76}},"type":"cond-expr","locations":[{"start":{"line":29,"column":38},"end":{"line":29,"column":62}},{"start":{"line":29,"column":65},"end":{"line":29,"column":76}}]},"1":{"loc":{"start":{"line":29,"column":20},"end":{"line":29,"column":35}},"type":"binary-expr","locations":[{"start":{"line":29,"column":20},"end":{"line":29,"column":25}},{"start":{"line":29,"column":29},"end":{"line":29,"column":35}}]},"2":{"loc":{"start":{"line":33,"column":38},"end":{"line":33,"column":53}},"type":"binary-expr","locations":[{"start":{"line":33,"column":38},"end":{"line":33,"column":47}},{"start":{"line":33,"column":51},"end":{"line":33,"column":53}}]},"3":{"loc":{"start":{"line":39,"column":2},"end":{"line":41,"column":3}},"type":"if","locations":[{"start":{"line":39,"column":2},"end":{"line":41,"column":3}},{"start":{},"end":{}}]},"4":{"loc":{"start":{"line":48,"column":20},"end":{"line":48,"column":76}},"type":"cond-expr","locations":[{"start":{"line":48,"column":38},"end":{"line":48,"column":62}},{"start":{"line":48,"column":65},"end":{"line":48,"column":76}}]},"5":{"loc":{"start":{"line":48,"column":20},"end":{"line":48,"column":35}},"type":"binary-expr","locations":[{"start":{"line":48,"column":20},"end":{"line":48,"column":25}},{"start":{"line":48,"column":29},"end":{"line":48,"column":35}}]},"6":{"loc":{"start":{"line":52,"column":38},"end":{"line":52,"column":53}},"type":"binary-expr","locations":[{"start":{"line":52,"column":38},"end":{"line":52,"column":47}},{"start":{"line":52,"column":51},"end":{"line":52,"column":53}}]},"7":{"loc":{"start":{"line":58,"column":2},"end":{"line":60,"column":3}},"type":"if","locations":[{"start":{"line":58,"column":2},"end":{"line":60,"column":3}},{"start":{},"end":{}}]},"8":{"loc":{"start":{"line":72,"column":20},"end":{"line":72,"column":76}},"type":"cond-expr","locations":[{"start":{"line":72,"column":38},"end":{"line":72,"column":62}},{"start":{"line":72,"column":65},"end":{"line":72,"column":76}}]},"9":{"loc":{"start":{"line":72,"column":20},"end":{"line":72,"column":35}},"type":"binary-expr","locations":[{"start":{"line":72,"column":20},"end":{"line":72,"column":25}},{"start":{"line":72,"column":29},"end":{"line":72,"column":35}}]},"10":{"loc":{"start":{"line":76,"column":38},"end":{"line":76,"column":53}},"type":"binary-expr","locations":[{"start":{"line":76,"column":38},"end":{"line":76,"column":47}},{"start":{"line":76,"column":51},"end":{"line":76,"column":53}}]},"11":{"loc":{"start":{"line":79,"column":2},"end":{"line":81,"column":3}},"type":"if","locations":[{"start":{"line":79,"column":2},"end":{"line":81,"column":3}},{"start":{},"end":{}}]},"12":{"loc":{"start":{"line":93,"column":20},"end":{"line":93,"column":76}},"type":"cond-expr","locations":[{"start":{"line":93,"column":38},"end":{"line":93,"column":62}},{"start":{"line":93,"column":65},"end":{"line":93,"column":76}}]},"13":{"loc":{"start":{"line":93,"column":20},"end":{"line":93,"column":35}},"type":"binary-expr","locations":[{"start":{"line":93,"column":20},"end":{"line":93,"column":25}},{"start":{"line":93,"column":29},"end":{"line":93,"column":35}}]},"14":{"loc":{"start":{"line":97,"column":38},"end":{"line":97,"column":53}},"type":"binary-expr","locations":[{"start":{"line":97,"column":38},"end":{"line":97,"column":47}},{"start":{"line":97,"column":51},"end":{"line":97,"column":53}}]},"15":{"loc":{"start":{"line":100,"column":2},"end":{"line":102,"column":3}},"type":"if","locations":[{"start":{"line":100,"column":2},"end":{"line":102,"column":3}},{"start":{},"end":{}}]},"16":{"loc":{"start":{"line":114,"column":20},"end":{"line":114,"column":76}},"type":"cond-expr","locations":[{"start":{"line":114,"column":38},"end":{"line":114,"column":62}},{"start":{"line":114,"column":65},"end":{"line":114,"column":76}}]},"17":{"loc":{"start":{"line":114,"column":20},"end":{"line":114,"column":35}},"type":"binary-expr","locations":[{"start":{"line":114,"column":20},"end":{"line":114,"column":25}},{"start":{"line":114,"column":29},"end":{"line":114,"column":35}}]},"18":{"loc":{"start":{"line":116,"column":38},"end":{"line":116,"column":53}},"type":"binary-expr","locations":[{"start":{"line":116,"column":38},"end":{"line":116,"column":47}},{"start":{"line":116,"column":51},"end":{"line":116,"column":53}}]},"19":{"loc":{"start":{"line":121,"column":2},"end":{"line":123,"column":3}},"type":"if","locations":[{"start":{"line":121,"column":2},"end":{"line":123,"column":3}},{"start":{},"end":{}}]},"20":{"loc":{"start":{"line":135,"column":20},"end":{"line":135,"column":76}},"type":"cond-expr","locations":[{"start":{"line":135,"column":38},"end":{"line":135,"column":62}},{"start":{"line":135,"column":65},"end":{"line":135,"column":76}}]},"21":{"loc":{"start":{"line":135,"column":20},"end":{"line":135,"column":35}},"type":"binary-expr","locations":[{"start":{"line":135,"column":20},"end":{"line":135,"column":25}},{"start":{"line":135,"column":29},"end":{"line":135,"column":35}}]},"22":{"loc":{"start":{"line":137,"column":38},"end":{"line":137,"column":53}},"type":"binary-expr","locations":[{"start":{"line":137,"column":38},"end":{"line":137,"column":47}},{"start":{"line":137,"column":51},"end":{"line":137,"column":53}}]},"23":{"loc":{"start":{"line":142,"column":2},"end":{"line":144,"column":3}},"type":"if","locations":[{"start":{"line":142,"column":2},"end":{"line":144,"column":3}},{"start":{},"end":{}}]},"24":{"loc":{"start":{"line":151,"column":20},"end":{"line":151,"column":76}},"type":"cond-expr","locations":[{"start":{"line":151,"column":38},"end":{"line":151,"column":62}},{"start":{"line":151,"column":65},"end":{"line":151,"column":76}}]},"25":{"loc":{"start":{"line":151,"column":20},"end":{"line":151,"column":35}},"type":"binary-expr","locations":[{"start":{"line":151,"column":20},"end":{"line":151,"column":25}},{"start":{"line":151,"column":29},"end":{"line":151,"column":35}}]},"26":{"loc":{"start":{"line":153,"column":38},"end":{"line":153,"column":53}},"type":"binary-expr","locations":[{"start":{"line":153,"column":38},"end":{"line":153,"column":47}},{"start":{"line":153,"column":51},"end":{"line":153,"column":53}}]},"27":{"loc":{"start":{"line":158,"column":2},"end":{"line":160,"column":3}},"type":"if","locations":[{"start":{"line":158,"column":2},"end":{"line":160,"column":3}},{"start":{},"end":{}}]},"28":{"loc":{"start":{"line":172,"column":20},"end":{"line":172,"column":76}},"type":"cond-expr","locations":[{"start":{"line":172,"column":38},"end":{"line":172,"column":62}},{"start":{"line":172,"column":65},"end":{"line":172,"column":76}}]},"29":{"loc":{"start":{"line":172,"column":20},"end":{"line":172,"column":35}},"type":"binary-expr","locations":[{"start":{"line":172,"column":20},"end":{"line":172,"column":25}},{"start":{"line":172,"column":29},"end":{"line":172,"column":35}}]},"30":{"loc":{"start":{"line":174,"column":38},"end":{"line":174,"column":53}},"type":"binary-expr","locations":[{"start":{"line":174,"column":38},"end":{"line":174,"column":47}},{"start":{"line":174,"column":51},"end":{"line":174,"column":53}}]},"31":{"loc":{"start":{"line":179,"column":2},"end":{"line":181,"column":3}},"type":"if","locations":[{"start":{"line":179,"column":2},"end":{"line":181,"column":3}},{"start":{},"end":{}}]},"32":{"loc":{"start":{"line":188,"column":20},"end":{"line":188,"column":76}},"type":"cond-expr","locations":[{"start":{"line":188,"column":38},"end":{"line":188,"column":62}},{"start":{"line":188,"column":65},"end":{"line":188,"column":76}}]},"33":{"loc":{"start":{"line":188,"column":20},"end":{"line":188,"column":35}},"type":"binary-expr","locations":[{"start":{"line":188,"column":20},"end":{"line":188,"column":25}},{"start":{"line":188,"column":29},"end":{"line":188,"column":35}}]},"34":{"loc":{"start":{"line":190,"column":38},"end":{"line":190,"column":53}},"type":"binary-expr","locations":[{"start":{"line":190,"column":38},"end":{"line":190,"column":47}},{"start":{"line":190,"column":51},"end":{"line":190,"column":53}}]},"35":{"loc":{"start":{"line":195,"column":2},"end":{"line":197,"column":3}},"type":"if","locations":[{"start":{"line":195,"column":2},"end":{"line":197,"column":3}},{"start":{},"end":{}}]},"36":{"loc":{"start":{"line":204,"column":20},"end":{"line":204,"column":76}},"type":"cond-expr","locations":[{"start":{"line":204,"column":38},"end":{"line":204,"column":62}},{"start":{"line":204,"column":65},"end":{"line":204,"column":76}}]},"37":{"loc":{"start":{"line":204,"column":20},"end":{"line":204,"column":35}},"type":"binary-expr","locations":[{"start":{"line":204,"column":20},"end":{"line":204,"column":25}},{"start":{"line":204,"column":29},"end":{"line":204,"column":35}}]},"38":{"loc":{"start":{"line":206,"column":38},"end":{"line":206,"column":53}},"type":"binary-expr","locations":[{"start":{"line":206,"column":38},"end":{"line":206,"column":47}},{"start":{"line":206,"column":51},"end":{"line":206,"column":53}}]},"39":{"loc":{"start":{"line":211,"column":2},"end":{"line":213,"column":3}},"type":"if","locations":[{"start":{"line":211,"column":2},"end":{"line":213,"column":3}},{"start":{},"end":{}}]},"40":{"loc":{"start":{"line":225,"column":20},"end":{"line":225,"column":76}},"type":"cond-expr","locations":[{"start":{"line":225,"column":38},"end":{"line":225,"column":62}},{"start":{"line":225,"column":65},"end":{"line":225,"column":76}}]},"41":{"loc":{"start":{"line":225,"column":20},"end":{"line":225,"column":35}},"type":"binary-expr","locations":[{"start":{"line":225,"column":20},"end":{"line":225,"column":25}},{"start":{"line":225,"column":29},"end":{"line":225,"column":35}}]},"42":{"loc":{"start":{"line":227,"column":38},"end":{"line":227,"column":53}},"type":"binary-expr","locations":[{"start":{"line":227,"column":38},"end":{"line":227,"column":47}},{"start":{"line":227,"column":51},"end":{"line":227,"column":53}}]},"43":{"loc":{"start":{"line":232,"column":2},"end":{"line":234,"column":3}},"type":"if","locations":[{"start":{"line":232,"column":2},"end":{"line":234,"column":3}},{"start":{},"end":{}}]},"44":{"loc":{"start":{"line":246,"column":20},"end":{"line":246,"column":76}},"type":"cond-expr","locations":[{"start":{"line":246,"column":38},"end":{"line":246,"column":62}},{"start":{"line":246,"column":65},"end":{"line":246,"column":76}}]},"45":{"loc":{"start":{"line":246,"column":20},"end":{"line":246,"column":35}},"type":"binary-expr","locations":[{"start":{"line":246,"column":20},"end":{"line":246,"column":25}},{"start":{"line":246,"column":29},"end":{"line":246,"column":35}}]},"46":{"loc":{"start":{"line":248,"column":38},"end":{"line":248,"column":53}},"type":"binary-expr","locations":[{"start":{"line":248,"column":38},"end":{"line":248,"column":47}},{"start":{"line":248,"column":51},"end":{"line":248,"column":53}}]},"47":{"loc":{"start":{"line":253,"column":2},"end":{"line":255,"column":3}},"type":"if","locations":[{"start":{"line":253,"column":2},"end":{"line":255,"column":3}},{"start":{},"end":{}}]},"48":{"loc":{"start":{"line":267,"column":20},"end":{"line":267,"column":76}},"type":"cond-expr","locations":[{"start":{"line":267,"column":38},"end":{"line":267,"column":62}},{"start":{"line":267,"column":65},"end":{"line":267,"column":76}}]},"49":{"loc":{"start":{"line":267,"column":20},"end":{"line":267,"column":35}},"type":"binary-expr","locations":[{"start":{"line":267,"column":20},"end":{"line":267,"column":25}},{"start":{"line":267,"column":29},"end":{"line":267,"column":35}}]},"50":{"loc":{"start":{"line":269,"column":38},"end":{"line":269,"column":53}},"type":"binary-expr","locations":[{"start":{"line":269,"column":38},"end":{"line":269,"column":47}},{"start":{"line":269,"column":51},"end":{"line":269,"column":53}}]},"51":{"loc":{"start":{"line":274,"column":2},"end":{"line":276,"column":3}},"type":"if","locations":[{"start":{"line":274,"column":2},"end":{"line":276,"column":3}},{"start":{},"end":{}}]},"52":{"loc":{"start":{"line":288,"column":20},"end":{"line":288,"column":76}},"type":"cond-expr","locations":[{"start":{"line":288,"column":38},"end":{"line":288,"column":62}},{"start":{"line":288,"column":65},"end":{"line":288,"column":76}}]},"53":{"loc":{"start":{"line":288,"column":20},"end":{"line":288,"column":35}},"type":"binary-expr","locations":[{"start":{"line":288,"column":20},"end":{"line":288,"column":25}},{"start":{"line":288,"column":29},"end":{"line":288,"column":35}}]},"54":{"loc":{"start":{"line":290,"column":38},"end":{"line":290,"column":53}},"type":"binary-expr","locations":[{"start":{"line":290,"column":38},"end":{"line":290,"column":47}},{"start":{"line":290,"column":51},"end":{"line":290,"column":53}}]},"55":{"loc":{"start":{"line":295,"column":2},"end":{"line":297,"column":3}},"type":"if","locations":[{"start":{"line":295,"column":2},"end":{"line":297,"column":3}},{"start":{},"end":{}}]},"56":{"loc":{"start":{"line":309,"column":20},"end":{"line":309,"column":76}},"type":"cond-expr","locations":[{"start":{"line":309,"column":38},"end":{"line":309,"column":62}},{"start":{"line":309,"column":65},"end":{"line":309,"column":76}}]},"57":{"loc":{"start":{"line":309,"column":20},"end":{"line":309,"column":35}},"type":"binary-expr","locations":[{"start":{"line":309,"column":20},"end":{"line":309,"column":25}},{"start":{"line":309,"column":29},"end":{"line":309,"column":35}}]},"58":{"loc":{"start":{"line":311,"column":38},"end":{"line":311,"column":53}},"type":"binary-expr","locations":[{"start":{"line":311,"column":38},"end":{"line":311,"column":47}},{"start":{"line":311,"column":51},"end":{"line":311,"column":53}}]},"59":{"loc":{"start":{"line":316,"column":2},"end":{"line":318,"column":3}},"type":"if","locations":[{"start":{"line":316,"column":2},"end":{"line":318,"column":3}},{"start":{},"end":{}}]},"60":{"loc":{"start":{"line":330,"column":20},"end":{"line":330,"column":76}},"type":"cond-expr","locations":[{"start":{"line":330,"column":38},"end":{"line":330,"column":62}},{"start":{"line":330,"column":65},"end":{"line":330,"column":76}}]},"61":{"loc":{"start":{"line":330,"column":20},"end":{"line":330,"column":35}},"type":"binary-expr","locations":[{"start":{"line":330,"column":20},"end":{"line":330,"column":25}},{"start":{"line":330,"column":29},"end":{"line":330,"column":35}}]},"62":{"loc":{"start":{"line":332,"column":38},"end":{"line":332,"column":53}},"type":"binary-expr","locations":[{"start":{"line":332,"column":38},"end":{"line":332,"column":47}},{"start":{"line":332,"column":51},"end":{"line":332,"column":53}}]},"63":{"loc":{"start":{"line":337,"column":2},"end":{"line":339,"column":3}},"type":"if","locations":[{"start":{"line":337,"column":2},"end":{"line":339,"column":3}},{"start":{},"end":{}}]},"64":{"loc":{"start":{"line":351,"column":20},"end":{"line":351,"column":76}},"type":"cond-expr","locations":[{"start":{"line":351,"column":38},"end":{"line":351,"column":62}},{"start":{"line":351,"column":65},"end":{"line":351,"column":76}}]},"65":{"loc":{"start":{"line":351,"column":20},"end":{"line":351,"column":35}},"type":"binary-expr","locations":[{"start":{"line":351,"column":20},"end":{"line":351,"column":25}},{"start":{"line":351,"column":29},"end":{"line":351,"column":35}}]},"66":{"loc":{"start":{"line":353,"column":38},"end":{"line":353,"column":53}},"type":"binary-expr","locations":[{"start":{"line":353,"column":38},"end":{"line":353,"column":47}},{"start":{"line":353,"column":51},"end":{"line":353,"column":53}}]},"67":{"loc":{"start":{"line":358,"column":2},"end":{"line":360,"column":3}},"type":"if","locations":[{"start":{"line":358,"column":2},"end":{"line":360,"column":3}},{"start":{},"end":{}}]}},"s":{"0":5,"1":5,"2":5,"3":5,"4":5,"5":5,"6":5,"7":5,"8":5,"9":5,"10":5,"11":5,"12":5,"13":5,"14":5,"15":5,"16":5,"17":5,"18":5,"19":5,"20":5,"21":5,"22":5,"23":5,"24":5,"25":5,"26":5,"27":5,"28":5,"29":5,"30":5,"31":5,"32":5,"33":5,"34":5,"35":5,"36":5,"37":5,"38":2,"39":5,"40":18,"41":18,"42":18,"43":18,"44":7,"45":18,"46":5,"47":5,"48":5,"49":5,"50":2,"51":5,"52":5,"53":5,"54":5,"55":5,"56":2,"57":5,"58":49,"59":49,"60":49,"61":49,"62":2,"63":49,"64":13,"65":13,"66":13,"67":13,"68":2,"69":13,"70":13,"71":13,"72":13,"73":13,"74":2,"75":13,"76":5,"77":5,"78":5,"79":5,"80":2,"81":5,"82":13,"83":13,"84":13,"85":13,"86":2,"87":13,"88":54,"89":54,"90":54,"91":54,"92":2,"93":54,"94":13,"95":13,"96":13,"97":13,"98":2,"99":13,"100":5,"101":5,"102":5,"103":5,"104":2,"105":5,"106":5,"107":5,"108":5,"109":5,"110":2,"111":5,"112":5,"113":5,"114":5,"115":5,"116":2,"117":5,"118":5,"119":5,"120":5,"121":5,"122":2,"123":5,"124":5,"125":5,"126":5,"127":5,"128":2,"129":5,"130":5,"131":5,"132":5,"133":5,"134":2,"135":5},"f":{"0":5,"1":18,"2":5,"3":5,"4":49,"5":13,"6":13,"7":5,"8":13,"9":54,"10":13,"11":5,"12":5,"13":5,"14":5,"15":5,"16":5},"b":{"0":[1,4],"1":[5,1],"2":[5,4],"3":[2,3],"4":[1,17],"5":[18,1],"6":[18,4],"7":[7,11],"8":[1,4],"9":[5,1],"10":[5,4],"11":[2,3],"12":[1,4],"13":[5,1],"14":[5,4],"15":[2,3],"16":[1,48],"17":[49,1],"18":[49,48],"19":[2,47],"20":[1,12],"21":[13,1],"22":[13,4],"23":[2,11],"24":[1,12],"25":[13,1],"26":[13,4],"27":[2,11],"28":[1,4],"29":[5,1],"30":[5,4],"31":[2,3],"32":[1,12],"33":[13,1],"34":[13,4],"35":[2,11],"36":[1,53],"37":[54,1],"38":[54,4],"39":[2,52],"40":[1,12],"41":[13,1],"42":[13,4],"43":[2,11],"44":[1,4],"45":[5,1],"46":[5,4],"47":[2,3],"48":[1,4],"49":[5,1],"50":[5,4],"51":[2,3],"52":[1,4],"53":[5,1],"54":[5,4],"55":[2,3],"56":[1,4],"57":[5,1],"58":[5,4],"59":[2,3],"60":[1,4],"61":[5,1],"62":[5,4],"63":[2,3],"64":[1,4],"65":[5,1],"66":[5,4],"67":[2,3]}}
,"D:\\CODE\\vttnihil\\src\\components\\chat\\ChatCommandPopover.tsx": {"path":"D:\\CODE\\vttnihil\\src\\components\\chat\\ChatCommandPopover.tsx","statementMap":{"0":{"start":{"line":16,"column":0},"end":{"line":16,"column":16}},"1":{"start":{"line":1,"column":0},"end":{"line":1,"column":68}},"2":{"start":{"line":2,"column":0},"end":{"line":2,"column":56}},"3":{"start":{"line":23,"column":21},"end":{"line":23,"column":49}},"4":{"start":{"line":24,"column":44},"end":{"line":24,"column":55}},"5":{"start":{"line":25,"column":34},"end":{"line":25,"column":75}},"6":{"start":{"line":27,"column":28},"end":{"line":27,"column":63}},"7":{"start":{"line":27,"column":42},"end":{"line":27,"column":58}},"8":{"start":{"line":29,"column":27},"end":{"line":42,"column":37}},"9":{"start":{"line":30,"column":4},"end":{"line":32,"column":5}},"10":{"start":{"line":31,"column":6},"end":{"line":31,"column":16}},"11":{"start":{"line":33,"column":29},"end":{"line":33,"column":67}},"12":{"start":{"line":34,"column":4},"end":{"line":41,"column":6}},"13":{"start":{"line":36,"column":8},"end":{"line":40,"column":12}},"14":{"start":{"line":39,"column":12},"end":{"line":39,"column":60}},"15":{"start":{"line":44,"column":23},"end":{"line":44,"column":38}},"16":{"start":{"line":45,"column":31},"end":{"line":45,"column":54}},"17":{"start":{"line":46,"column":19},"end":{"line":46,"column":62}},"18":{"start":{"line":48,"column":2},"end":{"line":52,"column":5}},"19":{"start":{"line":49,"column":4},"end":{"line":49,"column":35}},"20":{"start":{"line":50,"column":4},"end":{"line":50,"column":51}},"21":{"start":{"line":51,"column":4},"end":{"line":51,"column":59}},"22":{"start":{"line":54,"column":2},"end":{"line":56,"column":25}},"23":{"start":{"line":55,"column":4},"end":{"line":55,"column":24}},"24":{"start":{"line":58,"column":2},"end":{"line":109,"column":61}},"25":{"start":{"line":59,"column":24},"end":{"line":59,"column":25}},"26":{"start":{"line":60,"column":23},"end":{"line":60,"column":24}},"27":{"start":{"line":62,"column":4},"end":{"line":65,"column":5}},"28":{"start":{"line":63,"column":6},"end":{"line":63,"column":54}},"29":{"start":{"line":64,"column":6},"end":{"line":64,"column":52}},"30":{"start":{"line":67,"column":4},"end":{"line":108,"column":5}},"31":{"start":{"line":68,"column":24},"end":{"line":68,"column":70}},"32":{"start":{"line":69,"column":25},"end":{"line":69,"column":38}},"33":{"start":{"line":70,"column":25},"end":{"line":70,"column":62}},"34":{"start":{"line":73,"column":6},"end":{"line":77,"column":7}},"35":{"start":{"line":74,"column":8},"end":{"line":74,"column":56}},"36":{"start":{"line":76,"column":8},"end":{"line":76,"column":43}},"37":{"start":{"line":79,"column":25},"end":{"line":79,"column":39}},"38":{"start":{"line":81,"column":6},"end":{"line":83,"column":7}},"39":{"start":{"line":82,"column":8},"end":{"line":82,"column":60}},"40":{"start":{"line":85,"column":6},"end":{"line":87,"column":7}},"41":{"start":{"line":86,"column":8},"end":{"line":86,"column":25}},"42":{"start":{"line":89,"column":6},"end":{"line":91,"column":7}},"43":{"start":{"line":90,"column":8},"end":{"line":90,"column":24}},"44":{"start":{"line":93,"column":6},"end":{"line":95,"column":7}},"45":{"start":{"line":94,"column":8},"end":{"line":94,"column":61}},"46":{"start":{"line":97,"column":6},"end":{"line":99,"column":7}},"47":{"start":{"line":98,"column":8},"end":{"line":98,"column":24}},"48":{"start":{"line":101,"column":6},"end":{"line":105,"column":9}},"49":{"start":{"line":107,"column":6},"end":{"line":107,"column":55}},"50":{"start":{"line":107,"column":29},"end":{"line":107,"column":52}},"51":{"start":{"line":111,"column":2},"end":{"line":185,"column":31}},"52":{"start":{"line":112,"column":4},"end":{"line":112,"column":24}},"53":{"start":{"line":112,"column":17},"end":{"line":112,"column":24}},"54":{"start":{"line":114,"column":26},"end":{"line":165,"column":5}},"55":{"start":{"line":115,"column":6},"end":{"line":115,"column":68}},"56":{"start":{"line":115,"column":61},"end":{"line":115,"column":68}},"57":{"start":{"line":120,"column":10},"end":{"line":120,"column":26}},"58":{"start":{"line":122,"column":6},"end":{"line":164,"column":7}},"59":{"start":{"line":124,"column":10},"end":{"line":124,"column":33}},"60":{"start":{"line":125,"column":10},"end":{"line":125,"column":33}},"61":{"start":{"line":126,"column":10},"end":{"line":126,"column":16}},"62":{"start":{"line":128,"column":10},"end":{"line":128,"column":33}},"63":{"start":{"line":129,"column":10},"end":{"line":133,"column":11}},"64":{"start":{"line":130,"column":12},"end":{"line":132,"column":14}},"65":{"start":{"line":131,"column":24},"end":{"line":131,"column":67}},"66":{"start":{"line":134,"column":10},"end":{"line":134,"column":16}},"67":{"start":{"line":136,"column":10},"end":{"line":136,"column":33}},"68":{"start":{"line":137,"column":10},"end":{"line":143,"column":11}},"69":{"start":{"line":138,"column":12},"end":{"line":142,"column":14}},"70":{"start":{"line":140,"column":16},"end":{"line":141,"column":46}},"71":{"start":{"line":144,"column":10},"end":{"line":144,"column":16}},"72":{"start":{"line":147,"column":10},"end":{"line":147,"column":33}},"73":{"start":{"line":148,"column":10},"end":{"line":160,"column":11}},"74":{"start":{"line":153,"column":14},"end":{"line":153,"column":59}},"75":{"start":{"line":155,"column":14},"end":{"line":157,"column":37}},"76":{"start":{"line":158,"column":12},"end":{"line":158,"column":56}},"77":{"start":{"line":159,"column":12},"end":{"line":159,"column":35}},"78":{"start":{"line":161,"column":10},"end":{"line":161,"column":16}},"79":{"start":{"line":163,"column":10},"end":{"line":163,"column":16}},"80":{"start":{"line":167,"column":31},"end":{"line":176,"column":5}},"81":{"start":{"line":168,"column":6},"end":{"line":175,"column":7}},"82":{"start":{"line":174,"column":8},"end":{"line":174,"column":31}},"83":{"start":{"line":178,"column":4},"end":{"line":178,"column":56}},"84":{"start":{"line":179,"column":4},"end":{"line":179,"column":63}},"85":{"start":{"line":181,"column":4},"end":{"line":184,"column":6}},"86":{"start":{"line":182,"column":6},"end":{"line":182,"column":61}},"87":{"start":{"line":183,"column":6},"end":{"line":183,"column":68}},"88":{"start":{"line":187,"column":2},"end":{"line":202,"column":48}},"89":{"start":{"line":188,"column":4},"end":{"line":201,"column":5}},"90":{"start":{"line":194,"column":26},"end":{"line":194,"column":64}},"91":{"start":{"line":195,"column":6},"end":{"line":200,"column":7}},"92":{"start":{"line":196,"column":8},"end":{"line":199,"column":11}},"93":{"start":{"line":204,"column":2},"end":{"line":206,"column":3}},"94":{"start":{"line":205,"column":4},"end":{"line":205,"column":16}},"95":{"start":{"line":208,"column":2},"end":{"line":268,"column":4}},"96":{"start":{"line":231,"column":29},"end":{"line":231,"column":41}},"97":{"start":{"line":232,"column":30},"end":{"line":234,"column":18}},"98":{"start":{"line":236,"column":12},"end":{"line":259,"column":14}},"99":{"start":{"line":242,"column":20},"end":{"line":244,"column":36}},"100":{"start":{"line":245,"column":18},"end":{"line":245,"column":62}},"101":{"start":{"line":246,"column":18},"end":{"line":246,"column":41}}},"fnMap":{"0":{"name":"ChatCommandPopover","decl":{"start":{"line":16,"column":16},"end":{"line":16,"column":34}},"loc":{"start":{"line":22,"column":26},"end":{"line":269,"column":1}}},"1":{"name":"(anonymous_1)","decl":{"start":{"line":27,"column":36},"end":{"line":27,"column":39}},"loc":{"start":{"line":27,"column":42},"end":{"line":27,"column":58}}},"2":{"name":"(anonymous_2)","decl":{"start":{"line":29,"column":35},"end":{"line":29,"column":38}},"loc":{"start":{"line":29,"column":40},"end":{"line":42,"column":3}}},"3":{"name":"(anonymous_3)","decl":{"start":{"line":35,"column":6},"end":{"line":35,"column":7}},"loc":{"start":{"line":36,"column":8},"end":{"line":40,"column":12}}},"4":{"name":"(anonymous_4)","decl":{"start":{"line":38,"column":31},"end":{"line":38,"column":32}},"loc":{"start":{"line":39,"column":12},"end":{"line":39,"column":60}}},"5":{"name":"(anonymous_5)","decl":{"start":{"line":48,"column":12},"end":{"line":48,"column":15}},"loc":{"start":{"line":48,"column":17},"end":{"line":52,"column":3}}},"6":{"name":"(anonymous_6)","decl":{"start":{"line":54,"column":12},"end":{"line":54,"column":15}},"loc":{"start":{"line":54,"column":17},"end":{"line":56,"column":3}}},"7":{"name":"(anonymous_7)","decl":{"start":{"line":58,"column":12},"end":{"line":58,"column":15}},"loc":{"start":{"line":58,"column":17},"end":{"line":109,"column":3}}},"8":{"name":"(anonymous_8)","decl":{"start":{"line":107,"column":18},"end":{"line":107,"column":19}},"loc":{"start":{"line":107,"column":29},"end":{"line":107,"column":52}}},"9":{"name":"(anonymous_9)","decl":{"start":{"line":111,"column":12},"end":{"line":111,"column":15}},"loc":{"start":{"line":111,"column":17},"end":{"line":185,"column":3}}},"10":{"name":"(anonymous_10)","decl":{"start":{"line":114,"column":26},"end":{"line":114,"column":27}},"loc":{"start":{"line":114,"column":51},"end":{"line":165,"column":5}}},"11":{"name":"(anonymous_11)","decl":{"start":{"line":131,"column":14},"end":{"line":131,"column":15}},"loc":{"start":{"line":131,"column":24},"end":{"line":131,"column":67}}},"12":{"name":"(anonymous_12)","decl":{"start":{"line":139,"column":14},"end":{"line":139,"column":15}},"loc":{"start":{"line":140,"column":16},"end":{"line":141,"column":46}}},"13":{"name":"(anonymous_13)","decl":{"start":{"line":167,"column":31},"end":{"line":167,"column":32}},"loc":{"start":{"line":167,"column":53},"end":{"line":176,"column":5}}},"14":{"name":"(anonymous_14)","decl":{"start":{"line":181,"column":11},"end":{"line":181,"column":14}},"loc":{"start":{"line":181,"column":16},"end":{"line":184,"column":5}}},"15":{"name":"(anonymous_15)","decl":{"start":{"line":187,"column":12},"end":{"line":187,"column":15}},"loc":{"start":{"line":187,"column":17},"end":{"line":202,"column":3}}},"16":{"name":"(anonymous_16)","decl":{"start":{"line":230,"column":31},"end":{"line":230,"column":32}},"loc":{"start":{"line":230,"column":50},"end":{"line":260,"column":11}}},"17":{"name":"(anonymous_17)","decl":{"start":{"line":240,"column":25},"end":{"line":240,"column":28}},"loc":{"start":{"line":240,"column":30},"end":{"line":247,"column":17}}}},"branchMap":{"0":{"loc":{"start":{"line":30,"column":4},"end":{"line":32,"column":5}},"type":"if","locations":[{"start":{"line":30,"column":4},"end":{"line":32,"column":5}},{"start":{},"end":{}}]},"1":{"loc":{"start":{"line":30,"column":8},"end":{"line":30,"column":50}},"type":"binary-expr","locations":[{"start":{"line":30,"column":8},"end":{"line":30,"column":19}},{"start":{"line":30,"column":23},"end":{"line":30,"column":50}}]},"2":{"loc":{"start":{"line":36,"column":8},"end":{"line":40,"column":12}},"type":"binary-expr","locations":[{"start":{"line":36,"column":8},"end":{"line":36,"column":63}},{"start":{"line":37,"column":9},"end":{"line":37,"column":24}},{"start":{"line":38,"column":10},"end":{"line":39,"column":null}}]},"3":{"loc":{"start":{"line":62,"column":4},"end":{"line":65,"column":5}},"type":"if","locations":[{"start":{"line":62,"column":4},"end":{"line":65,"column":5}},{"start":{},"end":{}}]},"4":{"loc":{"start":{"line":67,"column":4},"end":{"line":108,"column":5}},"type":"if","locations":[{"start":{"line":67,"column":4},"end":{"line":108,"column":5}},{"start":{"line":106,"column":11},"end":{"line":108,"column":5}}]},"5":{"loc":{"start":{"line":67,"column":8},"end":{"line":67,"column":40}},"type":"binary-expr","locations":[{"start":{"line":67,"column":8},"end":{"line":67,"column":14}},{"start":{"line":67,"column":18},"end":{"line":67,"column":40}}]},"6":{"loc":{"start":{"line":73,"column":6},"end":{"line":77,"column":7}},"type":"if","locations":[{"start":{"line":73,"column":6},"end":{"line":77,"column":7}},{"start":{"line":75,"column":13},"end":{"line":77,"column":7}}]},"7":{"loc":{"start":{"line":73,"column":10},"end":{"line":73,"column":64}},"type":"binary-expr","locations":[{"start":{"line":73,"column":10},"end":{"line":73,"column":36}},{"start":{"line":73,"column":40},"end":{"line":73,"column":64}}]},"8":{"loc":{"start":{"line":81,"column":6},"end":{"line":83,"column":7}},"type":"if","locations":[{"start":{"line":81,"column":6},"end":{"line":83,"column":7}},{"start":{},"end":{}}]},"9":{"loc":{"start":{"line":85,"column":6},"end":{"line":87,"column":7}},"type":"if","locations":[{"start":{"line":85,"column":6},"end":{"line":87,"column":7}},{"start":{},"end":{}}]},"10":{"loc":{"start":{"line":89,"column":6},"end":{"line":91,"column":7}},"type":"if","locations":[{"start":{"line":89,"column":6},"end":{"line":91,"column":7}},{"start":{},"end":{}}]},"11":{"loc":{"start":{"line":93,"column":6},"end":{"line":95,"column":7}},"type":"if","locations":[{"start":{"line":93,"column":6},"end":{"line":95,"column":7}},{"start":{},"end":{}}]},"12":{"loc":{"start":{"line":97,"column":6},"end":{"line":99,"column":7}},"type":"if","locations":[{"start":{"line":97,"column":6},"end":{"line":99,"column":7}},{"start":{},"end":{}}]},"13":{"loc":{"start":{"line":112,"column":4},"end":{"line":112,"column":24}},"type":"if","locations":[{"start":{"line":112,"column":4},"end":{"line":112,"column":24}},{"start":{},"end":{}}]},"14":{"loc":{"start":{"line":115,"column":6},"end":{"line":115,"column":68}},"type":"if","locations":[{"start":{"line":115,"column":6},"end":{"line":115,"column":68}},{"start":{},"end":{}}]},"15":{"loc":{"start":{"line":122,"column":6},"end":{"line":164,"column":7}},"type":"switch","locations":[{"start":{"line":123,"column":8},"end":{"line":126,"column":16}},{"start":{"line":127,"column":8},"end":{"line":134,"column":16}},{"start":{"line":135,"column":8},"end":{"line":144,"column":16}},{"start":{"line":145,"column":8},"end":{"line":145,"column":21}},{"start":{"line":146,"column":8},"end":{"line":161,"column":16}},{"start":{"line":162,"column":8},"end":{"line":163,"column":16}}]},"16":{"loc":{"start":{"line":129,"column":10},"end":{"line":133,"column":11}},"type":"if","locations":[{"start":{"line":129,"column":10},"end":{"line":133,"column":11}},{"start":{},"end":{}}]},"17":{"loc":{"start":{"line":137,"column":10},"end":{"line":143,"column":11}},"type":"if","locations":[{"start":{"line":137,"column":10},"end":{"line":143,"column":11}},{"start":{},"end":{}}]},"18":{"loc":{"start":{"line":148,"column":10},"end":{"line":160,"column":11}},"type":"if","locations":[{"start":{"line":148,"column":10},"end":{"line":160,"column":11}},{"start":{},"end":{}}]},"19":{"loc":{"start":{"line":149,"column":12},"end":{"line":150,"column":57}},"type":"binary-expr","locations":[{"start":{"line":149,"column":12},"end":{"line":149,"column":46}},{"start":{"line":150,"column":12},"end":{"line":150,"column":57}}]},"20":{"loc":{"start":{"line":155,"column":14},"end":{"line":157,"column":37}},"type":"cond-expr","locations":[{"start":{"line":156,"column":18},"end":{"line":156,"column":43}},{"start":{"line":157,"column":18},"end":{"line":157,"column":37}}]},"21":{"loc":{"start":{"line":155,"column":14},"end":{"line":155,"column":72}},"type":"binary-expr","locations":[{"start":{"line":155,"column":14},"end":{"line":155,"column":34}},{"start":{"line":155,"column":38},"end":{"line":155,"column":72}}]},"22":{"loc":{"start":{"line":168,"column":6},"end":{"line":175,"column":7}},"type":"if","locations":[{"start":{"line":168,"column":6},"end":{"line":175,"column":7}},{"start":{},"end":{}}]},"23":{"loc":{"start":{"line":169,"column":8},"end":{"line":172,"column":62}},"type":"binary-expr","locations":[{"start":{"line":169,"column":8},"end":{"line":169,"column":26}},{"start":{"line":170,"column":8},"end":{"line":170,"column":58}},{"start":{"line":171,"column":8},"end":{"line":171,"column":30}},{"start":{"line":172,"column":8},"end":{"line":172,"column":62}}]},"24":{"loc":{"start":{"line":188,"column":4},"end":{"line":201,"column":5}},"type":"if","locations":[{"start":{"line":188,"column":4},"end":{"line":201,"column":5}},{"start":{},"end":{}}]},"25":{"loc":{"start":{"line":189,"column":6},"end":{"line":192,"column":44}},"type":"binary-expr","locations":[{"start":{"line":189,"column":6},"end":{"line":189,"column":12}},{"start":{"line":190,"column":6},"end":{"line":190,"column":24}},{"start":{"line":191,"column":6},"end":{"line":191,"column":33}},{"start":{"line":192,"column":6},"end":{"line":192,"column":44}}]},"26":{"loc":{"start":{"line":195,"column":6},"end":{"line":200,"column":7}},"type":"if","locations":[{"start":{"line":195,"column":6},"end":{"line":200,"column":7}},{"start":{},"end":{}}]},"27":{"loc":{"start":{"line":195,"column":10},"end":{"line":195,"column":60}},"type":"binary-expr","locations":[{"start":{"line":195,"column":10},"end":{"line":195,"column":21}},{"start":{"line":195,"column":25},"end":{"line":195,"column":60}}]},"28":{"loc":{"start":{"line":204,"column":2},"end":{"line":206,"column":3}},"type":"if","locations":[{"start":{"line":204,"column":2},"end":{"line":206,"column":3}},{"start":{},"end":{}}]},"29":{"loc":{"start":{"line":204,"column":6},"end":{"line":204,"column":44}},"type":"binary-expr","locations":[{"start":{"line":204,"column":6},"end":{"line":204,"column":13}},{"start":{"line":204,"column":17},"end":{"line":204,"column":44}}]},"30":{"loc":{"start":{"line":229,"column":9},"end":{"line":264,"column":null}},"type":"cond-expr","locations":[{"start":{"line":230,"column":10},"end":{"line":260,"column":12}},{"start":{"line":262,"column":10},"end":{"line":262,"column":null}}]},"31":{"loc":{"start":{"line":232,"column":30},"end":{"line":234,"column":18}},"type":"cond-expr","locations":[{"start":{"line":233,"column":16},"end":{"line":233,"column":60}},{"start":{"line":234,"column":16},"end":{"line":234,"column":18}}]},"32":{"loc":{"start":{"line":242,"column":20},"end":{"line":244,"column":36}},"type":"cond-expr","locations":[{"start":{"line":243,"column":24},"end":{"line":243,"column":42}},{"start":{"line":244,"column":24},"end":{"line":244,"column":36}}]},"33":{"loc":{"start":{"line":242,"column":20},"end":{"line":242,"column":64}},"type":"binary-expr","locations":[{"start":{"line":242,"column":20},"end":{"line":242,"column":33}},{"start":{"line":242,"column":37},"end":{"line":242,"column":64}}]},"34":{"loc":{"start":{"line":254,"column":17},"end":{"line":254,"column":54}},"type":"binary-expr","locations":[{"start":{"line":254,"column":17},"end":{"line":254,"column":26}},{"start":{"line":254,"column":30},"end":{"line":254,"column":54}}]}},"s":{"0":1,"1":1,"2":1,"3":56,"4":56,"5":56,"6":56,"7":25,"8":56,"9":26,"10":2,"11":24,"12":24,"13":94,"14":26,"15":56,"16":56,"17":56,"18":56,"19":55,"20":55,"21":55,"22":56,"23":26,"24":56,"25":26,"26":26,"27":26,"28":24,"29":24,"30":26,"31":25,"32":25,"33":25,"34":25,"35":3,"36":22,"37":25,"38":25,"39":0,"40":25,"41":0,"42":25,"43":0,"44":25,"45":1,"46":25,"47":1,"48":25,"49":1,"50":1,"51":56,"52":25,"53":1,"54":24,"55":10,"56":0,"57":10,"58":10,"59":1,"60":1,"61":1,"62":3,"63":3,"64":3,"65":3,"66":3,"67":1,"68":1,"69":1,"70":1,"71":1,"72":5,"73":5,"74":4,"75":4,"76":4,"77":4,"78":5,"79":0,"80":24,"81":13,"82":1,"83":24,"84":24,"85":24,"86":24,"87":24,"88":56,"89":29,"90":25,"91":25,"92":25,"93":56,"94":4,"95":52,"96":69,"97":69,"98":69,"99":1,"100":1,"101":1},"f":{"0":56,"1":25,"2":26,"3":94,"4":26,"5":55,"6":26,"7":26,"8":1,"9":25,"10":10,"11":3,"12":1,"13":13,"14":24,"15":29,"16":69,"17":1},"b":{"0":[2,24],"1":[26,25],"2":[94,66,27],"3":[24,2],"4":[25,1],"5":[26,25],"6":[3,22],"7":[25,22],"8":[0,25],"9":[0,25],"10":[0,25],"11":[1,24],"12":[1,24],"13":[1,24],"14":[0,10],"15":[1,3,1,3,5,0],"16":[3,0],"17":[1,0],"18":[4,1],"19":[5,4],"20":[2,2],"21":[4,4],"22":[1,12],"23":[13,13,12,12],"24":[25,4],"25":[29,28,27,25],"26":[25,0],"27":[25,25],"28":[4,52],"29":[56,54],"30":[48,4],"31":[69,0],"32":[1,0],"33":[1,1],"34":[69,49]}}
,"D:\\CODE\\vttnihil\\src\\components\\layout\\Toolbar.tsx": {"path":"D:\\CODE\\vttnihil\\src\\components\\layout\\Toolbar.tsx","statementMap":{"0":{"start":{"line":19,"column":0},"end":{"line":19,"column":16}},"1":{"start":{"line":1,"column":0},"end":{"line":1,"column":48}},"2":{"start":{"line":2,"column":0},"end":{"line":2,"column":null}},"3":{"start":{"line":9,"column":0},"end":{"line":9,"column":50}},"4":{"start":{"line":10,"column":0},"end":{"line":10,"column":56}},"5":{"start":{"line":11,"column":0},"end":{"line":11,"column":53}},"6":{"start":{"line":12,"column":0},"end":{"line":12,"column":71}},"7":{"start":{"line":13,"column":0},"end":{"line":13,"column":49}},"8":{"start":{"line":14,"column":0},"end":{"line":14,"column":52}},"9":{"start":{"line":15,"column":0},"end":{"line":15,"column":66}},"10":{"start":{"line":16,"column":0},"end":{"line":16,"column":62}},"11":{"start":{"line":20,"column":33},"end":{"line":20,"column":42}},"12":{"start":{"line":26,"column":6},"end":{"line":26,"column":24}},"13":{"start":{"line":27,"column":61},"end":{"line":27,"column":68}},"14":{"start":{"line":29,"column":46},"end":{"line":29,"column":77}},"15":{"start":{"line":31,"column":2},"end":{"line":96,"column":4}},"16":{"start":{"line":38,"column":10},"end":{"line":38,"column":34}},"17":{"start":{"line":39,"column":10},"end":{"line":39,"column":33}},"18":{"start":{"line":47,"column":10},"end":{"line":47,"column":37}},"19":{"start":{"line":48,"column":10},"end":{"line":48,"column":33}},"20":{"start":{"line":61,"column":42},"end":{"line":61,"column":74}},"21":{"start":{"line":92,"column":23},"end":{"line":92,"column":49}}},"fnMap":{"0":{"name":"Toolbar","decl":{"start":{"line":19,"column":16},"end":{"line":19,"column":23}},"loc":{"start":{"line":19,"column":23},"end":{"line":97,"column":1}}},"1":{"name":"(anonymous_1)","decl":{"start":{"line":37,"column":17},"end":{"line":37,"column":20}},"loc":{"start":{"line":37,"column":22},"end":{"line":40,"column":9}}},"2":{"name":"(anonymous_2)","decl":{"start":{"line":46,"column":17},"end":{"line":46,"column":20}},"loc":{"start":{"line":46,"column":22},"end":{"line":49,"column":9}}},"3":{"name":"(anonymous_3)","decl":{"start":{"line":61,"column":36},"end":{"line":61,"column":39}},"loc":{"start":{"line":61,"column":42},"end":{"line":61,"column":74}}},"4":{"name":"(anonymous_4)","decl":{"start":{"line":92,"column":17},"end":{"line":92,"column":20}},"loc":{"start":{"line":92,"column":23},"end":{"line":92,"column":49}}}},"branchMap":{},"s":{"0":1,"1":1,"2":1,"3":1,"4":1,"5":1,"6":1,"7":1,"8":1,"9":1,"10":1,"11":8,"12":8,"13":8,"14":8,"15":8,"16":1,"17":1,"18":1,"19":1,"20":0,"21":0},"f":{"0":8,"1":1,"2":1,"3":0,"4":0},"b":{}}
,"D:\\CODE\\vttnihil\\src\\components\\modals\\ConfirmationModal.tsx": {"path":"D:\\CODE\\vttnihil\\src\\components\\modals\\ConfirmationModal.tsx","statementMap":{"0":{"start":{"line":15,"column":0},"end":{"line":15,"column":16}},"1":{"start":{"line":1,"column":0},"end":{"line":1,"column":36}},"2":{"start":{"line":25,"column":2},"end":{"line":39,"column":4}}},"fnMap":{"0":{"name":"ConfirmationModal","decl":{"start":{"line":15,"column":16},"end":{"line":15,"column":33}},"loc":{"start":{"line":24,"column":25},"end":{"line":40,"column":1}}}},"branchMap":{},"s":{"0":1,"1":1,"2":6},"f":{"0":6},"b":{}}
,"D:\\CODE\\vttnihil\\src\\components\\modals\\HPControlModal.tsx": {"path":"D:\\CODE\\vttnihil\\src\\components\\modals\\HPControlModal.tsx","statementMap":{"0":{"start":{"line":22,"column":0},"end":{"line":22,"column":16}},"1":{"start":{"line":1,"column":0},"end":{"line":1,"column":72}},"2":{"start":{"line":3,"column":0},"end":{"line":3,"column":50}},"3":{"start":{"line":4,"column":0},"end":{"line":4,"column":53}},"4":{"start":{"line":5,"column":0},"end":{"line":5,"column":56}},"5":{"start":{"line":20,"column":13},"end":{"line":20,"column":49}},"6":{"start":{"line":33,"column":38},"end":{"line":33,"column":58}},"7":{"start":{"line":34,"column":19},"end":{"line":34,"column":47}},"8":{"start":{"line":35,"column":19},"end":{"line":35,"column":49}},"9":{"start":{"line":37,"column":2},"end":{"line":47,"column":35}},"10":{"start":{"line":41,"column":4},"end":{"line":46,"column":5}},"11":{"start":{"line":42,"column":6},"end":{"line":42,"column":49}},"12":{"start":{"line":43,"column":11},"end":{"line":46,"column":5}},"13":{"start":{"line":45,"column":6},"end":{"line":45,"column":16}},"14":{"start":{"line":49,"column":2},"end":{"line":57,"column":15}},"15":{"start":{"line":50,"column":4},"end":{"line":56,"column":5}},"16":{"start":{"line":52,"column":6},"end":{"line":55,"column":12}},"17":{"start":{"line":53,"column":8},"end":{"line":53,"column":34}},"18":{"start":{"line":59,"column":23},"end":{"line":81,"column":41}},"19":{"start":{"line":60,"column":4},"end":{"line":67,"column":5}},"20":{"start":{"line":65,"column":6},"end":{"line":65,"column":55}},"21":{"start":{"line":66,"column":6},"end":{"line":66,"column":13}},"22":{"start":{"line":69,"column":28},"end":{"line":69,"column":47}},"23":{"start":{"line":70,"column":18},"end":{"line":70,"column":33}},"24":{"start":{"line":72,"column":18},"end":{"line":72,"column":68}},"25":{"start":{"line":74,"column":4},"end":{"line":80,"column":5}},"26":{"start":{"line":75,"column":6},"end":{"line":75,"column":24}},"27":{"start":{"line":76,"column":6},"end":{"line":76,"column":35}},"28":{"start":{"line":79,"column":6},"end":{"line":79,"column":45}},"29":{"start":{"line":83,"column":29},"end":{"line":86,"column":29}},"30":{"start":{"line":84,"column":4},"end":{"line":84,"column":19}},"31":{"start":{"line":85,"column":4},"end":{"line":85,"column":14}},"32":{"start":{"line":88,"column":2},"end":{"line":88,"column":55}},"33":{"start":{"line":90,"column":28},"end":{"line":92,"column":3}},"34":{"start":{"line":91,"column":4},"end":{"line":91,"column":34}},"35":{"start":{"line":94,"column":29},"end":{"line":102,"column":3}},"36":{"start":{"line":95,"column":4},"end":{"line":98,"column":5}},"37":{"start":{"line":96,"column":6},"end":{"line":96,"column":21}},"38":{"start":{"line":97,"column":6},"end":{"line":97,"column":16}},"39":{"start":{"line":99,"column":4},"end":{"line":101,"column":5}},"40":{"start":{"line":100,"column":6},"end":{"line":100,"column":16}},"41":{"start":{"line":104,"column":26},"end":{"line":107,"column":3}},"42":{"start":{"line":105,"column":4},"end":{"line":105,"column":19}},"43":{"start":{"line":109,"column":28},"end":{"line":114,"column":3}},"44":{"start":{"line":110,"column":4},"end":{"line":113,"column":5}},"45":{"start":{"line":111,"column":6},"end":{"line":111,"column":36}},"46":{"start":{"line":116,"column":37},"end":{"line":121,"column":3}},"47":{"start":{"line":117,"column":4},"end":{"line":120,"column":5}},"48":{"start":{"line":118,"column":6},"end":{"line":118,"column":36}},"49":{"start":{"line":123,"column":2},"end":{"line":125,"column":3}},"50":{"start":{"line":124,"column":4},"end":{"line":124,"column":16}},"51":{"start":{"line":127,"column":42},"end":{"line":133,"column":4}},"52":{"start":{"line":135,"column":36},"end":{"line":135,"column":40}},"53":{"start":{"line":137,"column":2},"end":{"line":187,"column":4}},"54":{"start":{"line":145,"column":22},"end":{"line":145,"column":41}}},"fnMap":{"0":{"name":"HPControlModal","decl":{"start":{"line":22,"column":16},"end":{"line":22,"column":30}},"loc":{"start":{"line":32,"column":22},"end":{"line":188,"column":1}}},"1":{"name":"(anonymous_2)","decl":{"start":{"line":37,"column":12},"end":{"line":37,"column":15}},"loc":{"start":{"line":37,"column":17},"end":{"line":47,"column":3}}},"2":{"name":"(anonymous_3)","decl":{"start":{"line":49,"column":12},"end":{"line":49,"column":15}},"loc":{"start":{"line":49,"column":17},"end":{"line":57,"column":3}}},"3":{"name":"(anonymous_4)","decl":{"start":{"line":52,"column":17},"end":{"line":52,"column":20}},"loc":{"start":{"line":52,"column":22},"end":{"line":55,"column":7}}},"4":{"name":"(anonymous_5)","decl":{"start":{"line":59,"column":35},"end":{"line":59,"column":38}},"loc":{"start":{"line":59,"column":40},"end":{"line":81,"column":3}}},"5":{"name":"(anonymous_6)","decl":{"start":{"line":83,"column":41},"end":{"line":83,"column":44}},"loc":{"start":{"line":83,"column":46},"end":{"line":86,"column":3}}},"6":{"name":"(anonymous_7)","decl":{"start":{"line":90,"column":28},"end":{"line":90,"column":29}},"loc":{"start":{"line":90,"column":71},"end":{"line":92,"column":3}}},"7":{"name":"(anonymous_8)","decl":{"start":{"line":94,"column":29},"end":{"line":94,"column":30}},"loc":{"start":{"line":94,"column":74},"end":{"line":102,"column":3}}},"8":{"name":"(anonymous_9)","decl":{"start":{"line":104,"column":26},"end":{"line":104,"column":29}},"loc":{"start":{"line":104,"column":31},"end":{"line":107,"column":3}}},"9":{"name":"(anonymous_10)","decl":{"start":{"line":109,"column":28},"end":{"line":109,"column":31}},"loc":{"start":{"line":109,"column":33},"end":{"line":114,"column":3}}},"10":{"name":"(anonymous_11)","decl":{"start":{"line":116,"column":37},"end":{"line":116,"column":40}},"loc":{"start":{"line":116,"column":42},"end":{"line":121,"column":3}}},"11":{"name":"(anonymous_12)","decl":{"start":{"line":145,"column":15},"end":{"line":145,"column":16}},"loc":{"start":{"line":145,"column":22},"end":{"line":145,"column":41}}}},"branchMap":{"0":{"loc":{"start":{"line":41,"column":4},"end":{"line":46,"column":5}},"type":"if","locations":[{"start":{"line":41,"column":4},"end":{"line":46,"column":5}},{"start":{"line":43,"column":11},"end":{"line":46,"column":5}}]},"1":{"loc":{"start":{"line":41,"column":8},"end":{"line":41,"column":64}},"type":"binary-expr","locations":[{"start":{"line":41,"column":8},"end":{"line":41,"column":14}},{"start":{"line":41,"column":18},"end":{"line":41,"column":27}},{"start":{"line":41,"column":31},"end":{"line":41,"column":64}}]},"2":{"loc":{"start":{"line":43,"column":11},"end":{"line":46,"column":5}},"type":"if","locations":[{"start":{"line":43,"column":11},"end":{"line":46,"column":5}},{"start":{},"end":{}}]},"3":{"loc":{"start":{"line":43,"column":15},"end":{"line":43,"column":35}},"type":"binary-expr","locations":[{"start":{"line":43,"column":15},"end":{"line":43,"column":25}},{"start":{"line":43,"column":29},"end":{"line":43,"column":35}}]},"4":{"loc":{"start":{"line":50,"column":4},"end":{"line":56,"column":5}},"type":"if","locations":[{"start":{"line":50,"column":4},"end":{"line":56,"column":5}},{"start":{},"end":{}}]},"5":{"loc":{"start":{"line":60,"column":4},"end":{"line":67,"column":5}},"type":"if","locations":[{"start":{"line":60,"column":4},"end":{"line":67,"column":5}},{"start":{},"end":{}}]},"6":{"loc":{"start":{"line":61,"column":6},"end":{"line":63,"column":35}},"type":"binary-expr","locations":[{"start":{"line":61,"column":6},"end":{"line":61,"column":16}},{"start":{"line":62,"column":6},"end":{"line":62,"column":39}},{"start":{"line":63,"column":6},"end":{"line":63,"column":35}}]},"7":{"loc":{"start":{"line":65,"column":27},"end":{"line":65,"column":52}},"type":"binary-expr","locations":[{"start":{"line":65,"column":27},"end":{"line":65,"column":47}},{"start":{"line":65,"column":51},"end":{"line":65,"column":52}}]},"8":{"loc":{"start":{"line":74,"column":4},"end":{"line":80,"column":5}},"type":"if","locations":[{"start":{"line":74,"column":4},"end":{"line":80,"column":5}},{"start":{"line":77,"column":11},"end":{"line":80,"column":5}}]},"9":{"loc":{"start":{"line":95,"column":4},"end":{"line":98,"column":5}},"type":"if","locations":[{"start":{"line":95,"column":4},"end":{"line":98,"column":5}},{"start":{},"end":{}}]},"10":{"loc":{"start":{"line":99,"column":4},"end":{"line":101,"column":5}},"type":"if","locations":[{"start":{"line":99,"column":4},"end":{"line":101,"column":5}},{"start":{},"end":{}}]},"11":{"loc":{"start":{"line":110,"column":4},"end":{"line":113,"column":5}},"type":"if","locations":[{"start":{"line":110,"column":4},"end":{"line":113,"column":5}},{"start":{},"end":{}}]},"12":{"loc":{"start":{"line":117,"column":4},"end":{"line":120,"column":5}},"type":"if","locations":[{"start":{"line":117,"column":4},"end":{"line":120,"column":5}},{"start":{},"end":{}}]},"13":{"loc":{"start":{"line":123,"column":2},"end":{"line":125,"column":3}},"type":"if","locations":[{"start":{"line":123,"column":2},"end":{"line":125,"column":3}},{"start":{},"end":{}}]},"14":{"loc":{"start":{"line":123,"column":6},"end":{"line":123,"column":58}},"type":"binary-expr","locations":[{"start":{"line":123,"column":6},"end":{"line":123,"column":13}},{"start":{"line":123,"column":17},"end":{"line":123,"column":28}},{"start":{"line":123,"column":32},"end":{"line":123,"column":42}},{"start":{"line":123,"column":46},"end":{"line":123,"column":58}}]},"15":{"loc":{"start":{"line":164,"column":9},"end":{"line":164,"column":33}},"type":"binary-expr","locations":[{"start":{"line":164,"column":9},"end":{"line":164,"column":24}},{"start":{"line":164,"column":28},"end":{"line":164,"column":33}}]},"16":{"loc":{"start":{"line":167,"column":7},"end":{"line":175,"column":null}},"type":"binary-expr","locations":[{"start":{"line":167,"column":7},"end":{"line":167,"column":32}},{"start":{"line":168,"column":8},"end":{"line":174,"column":null}}]}},"s":{"0":1,"1":1,"2":1,"3":1,"4":1,"5":1,"6":51,"7":51,"8":51,"9":51,"10":18,"11":16,"12":2,"13":1,"14":51,"15":17,"16":16,"17":15,"18":51,"19":8,"20":0,"21":0,"22":8,"23":8,"24":8,"25":8,"26":7,"27":7,"28":1,"29":51,"30":1,"31":1,"32":51,"33":51,"34":9,"35":51,"36":10,"37":6,"38":6,"39":10,"40":1,"41":51,"42":1,"43":51,"44":1,"45":1,"46":51,"47":1,"48":1,"49":51,"50":4,"51":47,"52":47,"53":47,"54":3},"f":{"0":51,"1":18,"2":17,"3":15,"4":8,"5":1,"6":9,"7":10,"8":1,"9":1,"10":1,"11":3},"b":{"0":[16,2],"1":[18,17,16],"2":[1,1],"3":[2,1],"4":[16,1],"5":[0,8],"6":[8,8,8],"7":[0,0],"8":[7,1],"9":[6,4],"10":[1,9],"11":[1,0],"12":[1,0],"13":[4,47],"14":[51,50,48,47],"15":[47,0],"16":[47,47]}}
,"D:\\CODE\\vttnihil\\src\\components\\ui\\DeathSaveCheckboxGroup.tsx": {"path":"D:\\CODE\\vttnihil\\src\\components\\ui\\DeathSaveCheckboxGroup.tsx","statementMap":{"0":{"start":{"line":11,"column":0},"end":{"line":11,"column":16}},"1":{"start":{"line":2,"column":0},"end":{"line":2,"column":36}},"2":{"start":{"line":17,"column":2},"end":{"line":43,"column":4}},"3":{"start":{"line":26,"column":10},"end":{"line":27,"column":null}},"4":{"start":{"line":32,"column":14},"end":{"line":36,"column":15}},"5":{"start":{"line":33,"column":16},"end":{"line":33,"column":36}},"6":{"start":{"line":35,"column":16},"end":{"line":35,"column":32}}},"fnMap":{"0":{"name":"DeathSaveCheckboxGroup","decl":{"start":{"line":11,"column":16},"end":{"line":11,"column":38}},"loc":{"start":{"line":16,"column":30},"end":{"line":44,"column":1}}},"1":{"name":"(anonymous_1)","decl":{"start":{"line":25,"column":23},"end":{"line":25,"column":24}},"loc":{"start":{"line":26,"column":10},"end":{"line":27,"column":null}}},"2":{"name":"(anonymous_2)","decl":{"start":{"line":31,"column":22},"end":{"line":31,"column":25}},"loc":{"start":{"line":31,"column":27},"end":{"line":37,"column":13}}}},"branchMap":{"0":{"loc":{"start":{"line":32,"column":14},"end":{"line":36,"column":15}},"type":"if","locations":[{"start":{"line":32,"column":14},"end":{"line":36,"column":15}},{"start":{"line":34,"column":21},"end":{"line":36,"column":15}}]}},"s":{"0":1,"1":1,"2":11,"3":33,"4":3,"5":1,"6":2},"f":{"0":11,"1":33,"2":3},"b":{"0":[1,2]}}
,"D:\\CODE\\vttnihil\\src\\components\\ui\\DiceRollPopover.tsx": {"path":"D:\\CODE\\vttnihil\\src\\components\\ui\\DiceRollPopover.tsx","statementMap":{"0":{"start":{"line":14,"column":0},"end":{"line":14,"column":16}},"1":{"start":{"line":1,"column":0},"end":{"line":1,"column":59}},"2":{"start":{"line":10,"column":20},"end":{"line":12,"column":2}},"3":{"start":{"line":20,"column":21},"end":{"line":20,"column":49}},"4":{"start":{"line":21,"column":34},"end":{"line":21,"column":63}},"5":{"start":{"line":23,"column":2},"end":{"line":31,"column":26}},"6":{"start":{"line":24,"column":4},"end":{"line":30,"column":5}},"7":{"start":{"line":25,"column":19},"end":{"line":25,"column":60}},"8":{"start":{"line":26,"column":6},"end":{"line":29,"column":9}},"9":{"start":{"line":33,"column":2},"end":{"line":52,"column":35}},"10":{"start":{"line":34,"column":31},"end":{"line":44,"column":5}},"11":{"start":{"line":35,"column":6},"end":{"line":43,"column":7}},"12":{"start":{"line":42,"column":8},"end":{"line":42,"column":18}},"13":{"start":{"line":46,"column":4},"end":{"line":48,"column":5}},"14":{"start":{"line":47,"column":6},"end":{"line":47,"column":65}},"15":{"start":{"line":49,"column":4},"end":{"line":51,"column":6}},"16":{"start":{"line":50,"column":6},"end":{"line":50,"column":68}},"17":{"start":{"line":54,"column":2},"end":{"line":56,"column":3}},"18":{"start":{"line":55,"column":4},"end":{"line":55,"column":16}},"19":{"start":{"line":59,"column":2},"end":{"line":80,"column":4}},"20":{"start":{"line":68,"column":8},"end":{"line":69,"column":null}},"21":{"start":{"line":71,"column":12},"end":{"line":71,"column":29}},"22":{"start":{"line":72,"column":12},"end":{"line":72,"column":22}}},"fnMap":{"0":{"name":"DiceRollPopover","decl":{"start":{"line":14,"column":16},"end":{"line":14,"column":31}},"loc":{"start":{"line":19,"column":23},"end":{"line":81,"column":1}}},"1":{"name":"(anonymous_1)","decl":{"start":{"line":23,"column":12},"end":{"line":23,"column":15}},"loc":{"start":{"line":23,"column":17},"end":{"line":31,"column":3}}},"2":{"name":"(anonymous_2)","decl":{"start":{"line":33,"column":12},"end":{"line":33,"column":15}},"loc":{"start":{"line":33,"column":17},"end":{"line":52,"column":3}}},"3":{"name":"(anonymous_3)","decl":{"start":{"line":34,"column":31},"end":{"line":34,"column":32}},"loc":{"start":{"line":34,"column":53},"end":{"line":44,"column":5}}},"4":{"name":"(anonymous_4)","decl":{"start":{"line":49,"column":11},"end":{"line":49,"column":14}},"loc":{"start":{"line":49,"column":16},"end":{"line":51,"column":5}}},"5":{"name":"(anonymous_5)","decl":{"start":{"line":67,"column":23},"end":{"line":67,"column":31}},"loc":{"start":{"line":68,"column":8},"end":{"line":69,"column":null}}},"6":{"name":"(anonymous_6)","decl":{"start":{"line":70,"column":19},"end":{"line":70,"column":22}},"loc":{"start":{"line":70,"column":24},"end":{"line":73,"column":11}}}},"branchMap":{"0":{"loc":{"start":{"line":24,"column":4},"end":{"line":30,"column":5}},"type":"if","locations":[{"start":{"line":24,"column":4},"end":{"line":30,"column":5}},{"start":{},"end":{}}]},"1":{"loc":{"start":{"line":24,"column":8},"end":{"line":24,"column":35}},"type":"binary-expr","locations":[{"start":{"line":24,"column":8},"end":{"line":24,"column":25}},{"start":{"line":24,"column":29},"end":{"line":24,"column":35}}]},"2":{"loc":{"start":{"line":35,"column":6},"end":{"line":43,"column":7}},"type":"if","locations":[{"start":{"line":35,"column":6},"end":{"line":43,"column":7}},{"start":{},"end":{}}]},"3":{"loc":{"start":{"line":36,"column":8},"end":{"line":40,"column":57}},"type":"binary-expr","locations":[{"start":{"line":36,"column":8},"end":{"line":36,"column":14}},{"start":{"line":37,"column":8},"end":{"line":37,"column":26}},{"start":{"line":38,"column":8},"end":{"line":38,"column":58}},{"start":{"line":39,"column":8},"end":{"line":39,"column":25}},{"start":{"line":40,"column":8},"end":{"line":40,"column":57}}]},"4":{"loc":{"start":{"line":46,"column":4},"end":{"line":48,"column":5}},"type":"if","locations":[{"start":{"line":46,"column":4},"end":{"line":48,"column":5}},{"start":{},"end":{}}]},"5":{"loc":{"start":{"line":54,"column":2},"end":{"line":56,"column":3}},"type":"if","locations":[{"start":{"line":54,"column":2},"end":{"line":56,"column":3}},{"start":{},"end":{}}]}},"s":{"0":1,"1":1,"2":1,"3":15,"4":15,"5":15,"6":8,"7":7,"8":7,"9":15,"10":8,"11":3,"12":1,"13":8,"14":7,"15":8,"16":8,"17":15,"18":1,"19":14,"20":112,"21":1,"22":1},"f":{"0":15,"1":8,"2":8,"3":3,"4":8,"5":112,"6":1},"b":{"0":[7,1],"1":[8,8],"2":[1,2],"3":[3,3,3,2,2],"4":[7,1],"5":[1,14]}}
,"D:\\CODE\\vttnihil\\src\\components\\ui\\Modal.tsx": {"path":"D:\\CODE\\vttnihil\\src\\components\\ui\\Modal.tsx","statementMap":{"0":{"start":{"line":17,"column":0},"end":{"line":17,"column":16}},"1":{"start":{"line":1,"column":0},"end":{"line":1,"column":41}},"2":{"start":{"line":2,"column":0},"end":{"line":2,"column":37}},"3":{"start":{"line":29,"column":2},"end":{"line":43,"column":24}},"4":{"start":{"line":31,"column":22},"end":{"line":35,"column":5}},"5":{"start":{"line":32,"column":6},"end":{"line":34,"column":7}},"6":{"start":{"line":33,"column":8},"end":{"line":33,"column":18}},"7":{"start":{"line":36,"column":4},"end":{"line":38,"column":5}},"8":{"start":{"line":37,"column":6},"end":{"line":37,"column":54}},"9":{"start":{"line":40,"column":4},"end":{"line":42,"column":6}},"10":{"start":{"line":41,"column":6},"end":{"line":41,"column":57}},"11":{"start":{"line":45,"column":2},"end":{"line":45,"column":27}},"12":{"start":{"line":45,"column":15},"end":{"line":45,"column":27}},"13":{"start":{"line":47,"column":2},"end":{"line":93,"column":4}},"14":{"start":{"line":58,"column":24},"end":{"line":58,"column":43}}},"fnMap":{"0":{"name":"Modal","decl":{"start":{"line":17,"column":16},"end":{"line":17,"column":21}},"loc":{"start":{"line":28,"column":13},"end":{"line":94,"column":1}}},"1":{"name":"(anonymous_1)","decl":{"start":{"line":29,"column":12},"end":{"line":29,"column":15}},"loc":{"start":{"line":29,"column":17},"end":{"line":43,"column":3}}},"2":{"name":"(anonymous_2)","decl":{"start":{"line":31,"column":22},"end":{"line":31,"column":23}},"loc":{"start":{"line":31,"column":47},"end":{"line":35,"column":5}}},"3":{"name":"(anonymous_3)","decl":{"start":{"line":40,"column":11},"end":{"line":40,"column":14}},"loc":{"start":{"line":40,"column":16},"end":{"line":42,"column":5}}},"4":{"name":"(anonymous_4)","decl":{"start":{"line":58,"column":17},"end":{"line":58,"column":18}},"loc":{"start":{"line":58,"column":24},"end":{"line":58,"column":43}}}},"branchMap":{"0":{"loc":{"start":{"line":23,"column":2},"end":{"line":23,"column":27}},"type":"default-arg","locations":[{"start":{"line":23,"column":16},"end":{"line":23,"column":27}}]},"1":{"loc":{"start":{"line":24,"column":2},"end":{"line":24,"column":25}},"type":"default-arg","locations":[{"start":{"line":24,"column":15},"end":{"line":24,"column":25}}]},"2":{"loc":{"start":{"line":25,"column":2},"end":{"line":25,"column":20}},"type":"default-arg","locations":[{"start":{"line":25,"column":15},"end":{"line":25,"column":20}}]},"3":{"loc":{"start":{"line":27,"column":2},"end":{"line":27,"column":21}},"type":"default-arg","locations":[{"start":{"line":27,"column":19},"end":{"line":27,"column":21}}]},"4":{"loc":{"start":{"line":32,"column":6},"end":{"line":34,"column":7}},"type":"if","locations":[{"start":{"line":32,"column":6},"end":{"line":34,"column":7}},{"start":{},"end":{}}]},"5":{"loc":{"start":{"line":36,"column":4},"end":{"line":38,"column":5}},"type":"if","locations":[{"start":{"line":36,"column":4},"end":{"line":38,"column":5}},{"start":{},"end":{}}]},"6":{"loc":{"start":{"line":45,"column":2},"end":{"line":45,"column":27}},"type":"if","locations":[{"start":{"line":45,"column":2},"end":{"line":45,"column":27}},{"start":{},"end":{}}]},"7":{"loc":{"start":{"line":73,"column":9},"end":{"line":89,"column":null}},"type":"binary-expr","locations":[{"start":{"line":73,"column":9},"end":{"line":73,"column":20}},{"start":{"line":74,"column":10},"end":{"line":88,"column":null}}]},"8":{"loc":{"start":{"line":81,"column":13},"end":{"line":87,"column":null}},"type":"binary-expr","locations":[{"start":{"line":81,"column":13},"end":{"line":81,"column":22}},{"start":{"line":82,"column":14},"end":{"line":86,"column":null}}]}},"s":{"0":1,"1":1,"2":1,"3":6,"4":6,"5":1,"6":1,"7":6,"8":5,"9":6,"10":6,"11":6,"12":1,"13":5,"14":2},"f":{"0":6,"1":6,"2":1,"3":6,"4":2},"b":{"0":[0],"1":[0],"2":[6],"3":[6],"4":[1,0],"5":[5,1],"6":[1,5],"7":[5,5],"8":[5,5]}}
,"D:\\CODE\\vttnihil\\src\\components\\ui\\OptionsPopover.tsx": {"path":"D:\\CODE\\vttnihil\\src\\components\\ui\\OptionsPopover.tsx","statementMap":{"0":{"start":{"line":11,"column":0},"end":{"line":11,"column":16}},"1":{"start":{"line":1,"column":0},"end":{"line":1,"column":59}},"2":{"start":{"line":17,"column":21},"end":{"line":17,"column":49}},"3":{"start":{"line":18,"column":34},"end":{"line":18,"column":75}},"4":{"start":{"line":20,"column":2},"end":{"line":63,"column":36}},"5":{"start":{"line":21,"column":4},"end":{"line":62,"column":5}},"6":{"start":{"line":22,"column":25},"end":{"line":22,"column":66}},"7":{"start":{"line":23,"column":28},"end":{"line":23,"column":59}},"8":{"start":{"line":24,"column":27},"end":{"line":24,"column":57}},"9":{"start":{"line":26,"column":24},"end":{"line":26,"column":45}},"10":{"start":{"line":27,"column":25},"end":{"line":27,"column":40}},"11":{"start":{"line":30,"column":6},"end":{"line":32,"column":7}},"12":{"start":{"line":31,"column":8},"end":{"line":31,"column":57}},"13":{"start":{"line":35,"column":6},"end":{"line":38,"column":7}},"14":{"start":{"line":37,"column":8},"end":{"line":37,"column":55}},"15":{"start":{"line":41,"column":6},"end":{"line":43,"column":7}},"16":{"start":{"line":42,"column":8},"end":{"line":42,"column":24}},"17":{"start":{"line":44,"column":6},"end":{"line":46,"column":7}},"18":{"start":{"line":45,"column":8},"end":{"line":45,"column":57}},"19":{"start":{"line":48,"column":6},"end":{"line":50,"column":7}},"20":{"start":{"line":49,"column":8},"end":{"line":49,"column":25}},"21":{"start":{"line":51,"column":6},"end":{"line":53,"column":7}},"22":{"start":{"line":52,"column":8},"end":{"line":52,"column":56}},"23":{"start":{"line":55,"column":6},"end":{"line":59,"column":9}},"24":{"start":{"line":61,"column":6},"end":{"line":61,"column":55}},"25":{"start":{"line":61,"column":29},"end":{"line":61,"column":52}},"26":{"start":{"line":65,"column":2},"end":{"line":92,"column":35}},"27":{"start":{"line":66,"column":4},"end":{"line":66,"column":24}},"28":{"start":{"line":66,"column":17},"end":{"line":66,"column":24}},"29":{"start":{"line":68,"column":31},"end":{"line":77,"column":5}},"30":{"start":{"line":69,"column":6},"end":{"line":76,"column":7}},"31":{"start":{"line":75,"column":8},"end":{"line":75,"column":18}},"32":{"start":{"line":79,"column":28},"end":{"line":83,"column":5}},"33":{"start":{"line":80,"column":6},"end":{"line":82,"column":7}},"34":{"start":{"line":81,"column":8},"end":{"line":81,"column":18}},"35":{"start":{"line":85,"column":4},"end":{"line":85,"column":63}},"36":{"start":{"line":86,"column":4},"end":{"line":86,"column":58}},"37":{"start":{"line":88,"column":4},"end":{"line":91,"column":6}},"38":{"start":{"line":89,"column":6},"end":{"line":89,"column":68}},"39":{"start":{"line":90,"column":6},"end":{"line":90,"column":63}},"40":{"start":{"line":94,"column":2},"end":{"line":96,"column":3}},"41":{"start":{"line":95,"column":4},"end":{"line":95,"column":16}},"42":{"start":{"line":98,"column":2},"end":{"line":114,"column":4}}},"fnMap":{"0":{"name":"OptionsPopover","decl":{"start":{"line":11,"column":16},"end":{"line":11,"column":30}},"loc":{"start":{"line":16,"column":22},"end":{"line":115,"column":1}}},"1":{"name":"(anonymous_1)","decl":{"start":{"line":20,"column":12},"end":{"line":20,"column":15}},"loc":{"start":{"line":20,"column":17},"end":{"line":63,"column":3}}},"2":{"name":"(anonymous_2)","decl":{"start":{"line":61,"column":18},"end":{"line":61,"column":19}},"loc":{"start":{"line":61,"column":29},"end":{"line":61,"column":52}}},"3":{"name":"(anonymous_3)","decl":{"start":{"line":65,"column":12},"end":{"line":65,"column":15}},"loc":{"start":{"line":65,"column":17},"end":{"line":92,"column":3}}},"4":{"name":"(anonymous_4)","decl":{"start":{"line":68,"column":31},"end":{"line":68,"column":32}},"loc":{"start":{"line":68,"column":53},"end":{"line":77,"column":5}}},"5":{"name":"(anonymous_5)","decl":{"start":{"line":79,"column":28},"end":{"line":79,"column":29}},"loc":{"start":{"line":79,"column":53},"end":{"line":83,"column":5}}},"6":{"name":"(anonymous_6)","decl":{"start":{"line":88,"column":11},"end":{"line":88,"column":14}},"loc":{"start":{"line":88,"column":16},"end":{"line":91,"column":5}}}},"branchMap":{"0":{"loc":{"start":{"line":21,"column":4},"end":{"line":62,"column":5}},"type":"if","locations":[{"start":{"line":21,"column":4},"end":{"line":62,"column":5}},{"s
[...]
,"D:\\CODE\\vttnihil\\src\\shared\\types\\index.ts": {"path":"D:\\CODE\\vttnihil\\src\\shared\\types\\index.ts","statementMap":{"0":{"start":{"line":27,"column":13},"end":{"line":32,"column":11}},"1":{"start":{"line":35,"column":13},"end":{"line":38,"column":11}},"2":{"start":{"line":41,"column":13},"end":{"line":45,"column":11}},"3":{"start":{"line":207,"column":13},"end":{"line":210,"column":11}}},"fnMap":{},"branchMap":{},"s":{"0":13,"1":13,"2":13,"3":13},"f":{},"b":{}}
,"D:\\CODE\\vttnihil\\src\\utils\\cn.ts": {"path":"D:\\CODE\\vttnihil\\src\\utils\\cn.ts","statementMap":{"0":{"start":{"line":4,"column":0},"end":{"line":4,"column":16}},"1":{"start":{"line":1,"column":0},"end":{"line":1,"column":45}},"2":{"start":{"line":2,"column":0},"end":{"line":2,"column":41}},"3":{"start":{"line":5,"column":2},"end":{"line":5,"column":31}}},"fnMap":{"0":{"name":"cn","decl":{"start":{"line":4,"column":16},"end":{"line":4,"column":18}},"loc":{"start":{"line":4,"column":42},"end":{"line":6,"column":1}}}},"branchMap":{},"s":{"0":3,"1":3,"2":3,"3":61},"f":{"0":61},"b":{}}
,"D:\\CODE\\vttnihil\\src\\utils\\hpUtils.ts": {"path":"D:\\CODE\\vttnihil\\src\\utils\\hpUtils.ts","statementMap":{"0":{"start":{"line":9,"column":30},"end":{"line":50,"column":1}},"1":{"start":{"line":14,"column":23},"end":{"line":14,"column":40}},"2":{"start":{"line":17,"column":2},"end":{"line":19,"column":3}},"3":{"start":{"line":18,"column":4},"end":{"line":18,"column":16}},"4":{"start":{"line":23,"column":2},"end":{"line":46,"column":3}},"5":{"start":{"line":24,"column":23},"end":{"line":24,"column":51}},"6":{"start":{"line":25,"column":21},"end":{"line":25,"column":46}},"7":{"start":{"line":28,"column":4},"end":{"line":30,"column":5}},"8":{"start":{"line":29,"column":6},"end":{"line":29,"column":18}},"9":{"start":{"line":32,"column":18},"end":{"line":32,"column":34}},"10":{"start":{"line":34,"column":4},"end":{"line":38,"column":5}},"11":{"start":{"line":35,"column":6},"end":{"line":35,"column":75}},"12":{"start":{"line":37,"column":6},"end":{"line":37,"column":18}},"13":{"start":{"line":40,"column":18},"end":{"line":40,"column":38}},"14":{"start":{"line":41,"column":4},"end":{"line":45,"column":5}},"15":{"start":{"line":42,"column":6},"end":{"line":42,"column":30}},"16":{"start":{"line":44,"column":6},"end":{"line":44,"column":18}},"17":{"start":{"line":49,"column":2},"end":{"line":49,"column":55}},"18":{"start":{"line":9,"column":13},"end":{"line":9,"column":30}}},"fnMap":{"0":{"name":"(anonymous_0)","decl":{"start":{"line":9,"column":30},"end":{"line":9,"column":null}},"loc":{"start":{"line":13,"column":19},"end":{"line":50,"column":1}}}},"branchMap":{"0":{"loc":{"start":{"line":17,"column":2},"end":{"line":19,"column":3}},"type":"if","locations":[{"start":{"line":17,"column":2},"end":{"line":19,"column":3}},{"start":{},"end":{}}]},"1":{"loc":{"start":{"line":23,"column":2},"end":{"line":46,"column":3}},"type":"if","locations":[{"start":{"line":23,"column":2},"end":{"line":46,"column":3}},{"start":{"line":39,"column":9},"end":{"line":46,"column":3}}]},"2":{"loc":{"start":{"line":23,"column":6},"end":{"line":23,"column":66}},"type":"binary-expr","locations":[{"start":{"line":23,"column":6},"end":{"line":23,"column":34}},{"start":{"line":23,"column":38},"end":{"line":23,"column":66}}]},"3":{"loc":{"start":{"line":28,"column":4},"end":{"line":30,"column":5}},"type":"if","locations":[{"start":{"line":28,"column":4},"end":{"line":30,"column":5}},{"start":{},"end":{}}]},"4":{"loc":{"start":{"line":34,"column":4},"end":{"line":38,"column":5}},"type":"if","locations":[{"start":{"line":34,"column":4},"end":{"line":38,"column":5}},{"start":{"line":36,"column":11},"end":{"line":38,"column":5}}]},"5":{"loc":{"start":{"line":34,"column":8},"end":{"line":34,"column":62}},"type":"binary-expr","locations":[{"start":{"line":34,"column":8},"end":{"line":34,"column":21}},{"start":{"line":34,"column":25},"end":{"line":34,"column":48}},{"start":{"line":34,"column":52},"end":{"line":34,"column":62}}]},"6":{"loc":{"start":{"line":35,"column":24},"end":{"line":35,"column":74}},"type":"cond-expr","locations":[{"start":{"line":35,"column":37},"end":{"line":35,"column":54}},{"start":{"line":35,"column":57},"end":{"line":35,"column":74}}]},"7":{"loc":{"start":{"line":41,"column":4},"end":{"line":45,"column":5}},"type":"if","locations":[{"start":{"line":41,"column":4},"end":{"line":45,"column":5}},{"start":{"line":43,"column":11},"end":{"line":45,"column":5}}]},"8":{"loc":{"start":{"line":41,"column":8},"end":{"line":41,"column":48}},"type":"binary-expr","locations":[{"start":{"line":41,"column":8},"end":{"line":41,"column":21}},{"start":{"line":41,"column":25},"end":{"line":41,"column":48}}]}},"s":{"0":2,"1":21,"2":21,"3":1,"4":20,"5":14,"6":14,"7":14,"8":2,"9":12,"10":12,"11":9,"12":3,"13":6,"14":6,"15":4,"16":2,"17":13,"18":2},"f":{"0":21},"b":{"0":[1,20],"1":[14,6],"2":[20,12],"3":[2,12],"4":[9,3],"5":[12,11,10],"6":[4,5],"7":[4,2],"8":[6,5]}}
,"D:\\CODE\\vttnihil\\src\\utils\\nameUtils.ts": {"path":"D:\\CODE\\vttnihil\\src\\utils\\nameUtils.ts","statementMap":{"0":{"start":{"line":7,"column":28},"end":{"line":13,"column":1}},"1":{"start":{"line":8,"column":2},"end":{"line":10,"column":3}},"2":{"start":{"line":9,"column":4},"end":{"line":9,"column":14}},"3":{"start":{"line":11,"column":17},"end":{"line":11,"column":32}},"4":{"start":{"line":12,"column":2},"end":{"line":12,"column":19}},"5":{"start":{"line":7,"column":13},"end":{"line":7,"column":28}}},"fnMap":{"0":{"name":"(anonymous_0)","decl":{"start":{"line":7,"column":28},"end":{"line":7,"column":29}},"loc":{"start":{"line":7,"column":53},"end":{"line":13,"column":1}}}},"branchMap":{"0":{"loc":{"start":{"line":8,"column":2},"end":{"line":10,"column":3}},"type":"if","locations":[{"start":{"line":8,"column":2},"end":{"line":10,"column":3}},{"start":{},"end":{}}]}},"s":{"0":1,"1":8,"2":3,"3":5,"4":5,"5":1},"f":{"0":8},"b":{"0":[3,5]}}
,"D:\\CODE\\vttnihil\\src\\utils\\tokenUtils.ts": {"path":"D:\\CODE\\vttnihil\\src\\utils\\tokenUtils.ts","statementMap":{"0":{"start":{"line":2,"column":39},"end":{"line":19,"column":1}},"1":{"start":{"line":4,"column":2},"end":{"line":6,"column":3}},"2":{"start":{"line":5,"column":4},"end":{"line":5,"column":37}},"3":{"start":{"line":8,"column":12},"end":{"line":8,"column":46}},"4":{"start":{"line":9,"column":12},"end":{"line":9,"column":46}},"5":{"start":{"line":10,"column":12},"end":{"line":10,"column":46}},"6":{"start":{"line":13,"column":2},"end":{"line":15,"column":3}},"7":{"start":{"line":14,"column":4},"end":{"line":14,"column":37}},"8":{"start":{"line":17,"column":20},"end":{"line":17,"column":61}},"9":{"start":{"line":18,"column":2},"end":{"line":18,"column":81}},"10":{"start":{"line":2,"column":13},"end":{"line":2,"column":39}},"11":{"start":{"line":21,"column":25},"end":{"line":32,"column":1}},"12":{"start":{"line":23,"column":16},"end":{"line":23,"column":56}},"13":{"start":{"line":24,"column":2},"end":{"line":30,"column":3}},"14":{"start":{"line":25,"column":18},"end":{"line":25,"column":36}},"15":{"start":{"line":26,"column":19},"end":{"line":26,"column":37}},"16":{"start":{"line":27,"column":4},"end":{"line":29,"column":5}},"17":{"start":{"line":28,"column":6},"end":{"line":28,"column":29}},"18":{"start":{"line":31,"column":2},"end":{"line":31,"column":16}},"19":{"start":{"line":21,"column":13},"end":{"line":21,"column":25}}},"fnMap":{"0":{"name":"(anonymous_0)","decl":{"start":{"line":2,"column":39},"end":{"line":2,"column":40}},"loc":{"start":{"line":2,"column":68},"end":{"line":19,"column":1}}},"1":{"name":"(anonymous_1)","decl":{"start":{"line":21,"column":25},"end":{"line":21,"column":26}},"loc":{"start":{"line":21,"column":66},"end":{"line":32,"column":1}}}},"branchMap":{"0":{"loc":{"start":{"line":4,"column":2},"end":{"line":6,"column":3}},"type":"if","locations":[{"start":{"line":4,"column":2},"end":{"line":6,"column":3}},{"start":{},"end":{}}]},"1":{"loc":{"start":{"line":4,"column":6},"end":{"line":4,"column":69}},"type":"binary-expr","locations":[{"start":{"line":4,"column":6},"end":{"line":4,"column":15}},{"start":{"line":4,"column":19},"end":{"line":4,"column":44}},{"start":{"line":4,"column":48},"end":{"line":4,"column":69}}]},"2":{"loc":{"start":{"line":13,"column":2},"end":{"line":15,"column":3}},"type":"if","locations":[{"start":{"line":13,"column":2},"end":{"line":15,"column":3}},{"start":{},"end":{}}]},"3":{"loc":{"start":{"line":13,"column":6},"end":{"line":13,"column":38}},"type":"binary-expr","locations":[{"start":{"line":13,"column":6},"end":{"line":13,"column":14}},{"start":{"line":13,"column":18},"end":{"line":13,"column":26}},{"start":{"line":13,"column":30},"end":{"line":13,"column":38}}]},"4":{"loc":{"start":{"line":18,"column":9},"end":{"line":18,"column":80}},"type":"cond-expr","locations":[{"start":{"line":18,"column":27},"end":{"line":18,"column":54}},{"start":{"line":18,"column":57},"end":{"line":18,"column":80}}]},"5":{"loc":{"start":{"line":24,"column":2},"end":{"line":30,"column":3}},"type":"if","locations":[{"start":{"line":24,"column":2},"end":{"line":30,"column":3}},{"start":{},"end":{}}]},"6":{"loc":{"start":{"line":27,"column":4},"end":{"line":29,"column":5}},"type":"if","locations":[{"start":{"line":27,"column":4},"end":{"line":29,"column":5}},{"start":{},"end":{}}]},"7":{"loc":{"start":{"line":27,"column":8},"end":{"line":27,"column":31}},"type":"binary-expr","locations":[{"start":{"line":27,"column":8},"end":{"line":27,"column":17}},{"start":{"line":27,"column":21},"end":{"line":27,"column":31}}]}},"s":{"0":1,"1":11,"2":5,"3":6,"4":6,"5":6,"6":6,"7":0,"8":6,"9":6,"10":1,"11":1,"12":15,"13":15,"14":6,"15":6,"16":6,"17":4,"18":11,"19":1},"f":{"0":11,"1":15},"b":{"0":[5,6],"1":[11,8,7],"2":[0,6],"3":[6,6,6],"4":[3,3],"5":[6,9],"6":[4,2],"7":[6,5]}}
,"D:\\CODE\\vttnihil\\src\\utils\\board\\boardUtils.ts": {"path":"D:\\CODE\\vttnihil\\src\\utils\\board\\boardUtils.ts","statementMap":{"0":{"start":{"line":7,"column":30},"end":{"line":19,"column":1}},"1":{"start":{"line":8,"column":2},"end":{"line":8,"column":33}},"2":{"start":{"line":8,"column":19},"end":{"line":8,"column":33}},"3":{"start":{"line":10,"column":16},"end":{"line":10,"column":56}},"4":{"start":{"line":11,"column":2},"end":{"line":17,"column":3}},"5":{"start":{"line":12,"column":18},"end":{"line":12,"column":36}},"6":{"start":{"line":13,"column":19},"end":{"line":13,"column":37}},"7":{"start":{"line":14,"column":4},"end":{"line":16,"column":5}},"8":{"start":{"line":15,"column":6},"end":{"line":15,"column":29}},"9":{"start":{"line":18,"column":2},"end":{"line":18,"column":16}},"10":{"start":{"line":7,"column":13},"end":{"line":7,"column":30}},"11":{"start":{"line":21,"column":39},"end":{"line":37,"column":1}},"12":{"start":{"line":29,"column":4},"end":{"line":29,"column":59}},"13":{"start":{"line":31,"column":4},"end":{"line":31,"column":60}},"14":{"start":{"line":32,"column":23},"end":{"line":32,"column":55}},"15":{"start":{"line":33,"column":24},"end":{"line":33,"column":57}},"16":{"start":{"line":34,"column":12},"end":{"line":34,"column":48}},"17":{"start":{"line":35,"column":12},"end":{"line":35,"column":50}},"18":{"start":{"line":36,"column":2},"end":{"line":36,"column":62}},"19":{"start":{"line":21,"column":13},"end":{"line":21,"column":39}},"20":{"start":{"line":39,"column":41},"end":{"line":50,"column":1}},"21":{"start":{"line":45,"column":13},"end":{"line":45,"column":24}},"22":{"start":{"line":46,"column":13},"end":{"line":46,"column":24}},"23":{"start":{"line":47,"column":24},"end":{"line":47,"column":52}},"24":{"start":{"line":48,"column":23},"end":{"line":48,"column":47}},"25":{"start":{"line":49,"column":2},"end":{"line":49,"column":38}},"26":{"start":{"line":39,"column":13},"end":{"line":39,"column":41}}},"fnMap":{"0":{"name":"(anonymous_0)","decl":{"start":{"line":7,"column":30},"end":{"line":7,"column":31}},"loc":{"start":{"line":7,"column":72},"end":{"line":19,"column":1}}},"1":{"name":"(anonymous_1)","decl":{"start":{"line":21,"column":39},"end":{"line":21,"column":null}},"loc":{"start":{"line":27,"column":4},"end":{"line":37,"column":1}}},"2":{"name":"(anonymous_2)","decl":{"start":{"line":39,"column":41},"end":{"line":39,"column":null}},"loc":{"start":{"line":44,"column":12},"end":{"line":50,"column":1}}}},"branchMap":{"0":{"loc":{"start":{"line":8,"column":2},"end":{"line":8,"column":33}},"type":"if","locations":[{"start":{"line":8,"column":2},"end":{"line":8,"column":33}},{"start":{},"end":{}}]},"1":{"loc":{"start":{"line":11,"column":2},"end":{"line":17,"column":3}},"type":"if","locations":[{"start":{"line":11,"column":2},"end":{"line":17,"column":3}},{"start":{},"end":{}}]},"2":{"loc":{"start":{"line":14,"column":4},"end":{"line":16,"column":5}},"type":"if","locations":[{"start":{"line":14,"column":4},"end":{"line":16,"column":5}},{"start":{},"end":{}}]},"3":{"loc":{"start":{"line":14,"column":8},"end":{"line":14,"column":31}},"type":"binary-expr","locations":[{"start":{"line":14,"column":8},"end":{"line":14,"column":17}},{"start":{"line":14,"column":21},"end":{"line":14,"column":31}}]}},"s":{"0":1,"1":16,"2":2,"3":14,"4":14,"5":6,"6":6,"7":6,"8":4,"9":10,"10":1,"11":1,"12":3,"13":3,"14":3,"15":3,"16":3,"17":3,"18":3,"19":1,"20":1,"21":5,"22":5,"23":5,"24":5,"25":5,"26":1},"f":{"0":16,"1":3,"2":5},"b":{"0":[2,14],"1":[6,8],"2":[4,2],"3":[6,5]}}
,"D:\\CODE\\vttnihil\\src\\utils\\dice\\diceUtils.ts": {"path":"D:\\CODE\\vttnihil\\src\\utils\\dice\\diceUtils.ts","statementMap":{"0":{"start":{"line":3,"column":32},"end":{"line":44,"column":1}},"1":{"start":{"line":7,"column":16},"end":{"line":9,"column":51}},"2":{"start":{"line":10,"column":2},"end":{"line":10,"column":73}},"3":{"start":{"line":10,"column":14},"end":{"line":10,"column":73}},"4":{"start":{"line":12,"column":18},"end":{"line":12,"column":36}},"5":{"start":{"line":13,"column":20},"end":{"line":13,"column":38}},"6":{"start":{"line":14,"column":27},"end":{"line":14,"column":60}},"7":{"start":{"line":15,"column":24},"end":{"line":15,"column":65}},"8":{"start":{"line":17,"column":2},"end":{"line":21,"column":3}},"9":{"start":{"line":18,"column":4},"end":{"line":20,"column":6}},"10":{"start":{"line":23,"column":21},"end":{"line":23,"column":22}},"11":{"start":{"line":24,"column":36},"end":{"line":24,"column":38}},"12":{"start":{"line":25,"column":2},"end":{"line":29,"column":3}},"13":{"start":{"line":25,"column":15},"end":{"line":25,"column":16}},"14":{"start":{"line":26,"column":17},"end":{"line":26,"column":58}},"15":{"start":{"line":27,"column":4},"end":{"line":27,"column":31}},"16":{"start":{"line":28,"column":4},"end":{"line":28,"column":25}},"17":{"start":{"line":31,"column":25},"end":{"line":31,"column":37}},"18":{"start":{"line":32,"column":2},"end":{"line":35,"column":3}},"19":{"start":{"line":33,"column":4},"end":{"line":34,"column":73}},"20":{"start":{"line":33,"column":34},"end":{"line":33,"column":68}},"21":{"start":{"line":34,"column":9},"end":{"line":34,"column":73}},"22":{"start":{"line":34,"column":39},"end":{"line":34,"column":73}},"23":{"start":{"line":37,"column":2},"end":{"line":43,"column":4}},"24":{"start":{"line":3,"column":13},"end":{"line":3,"column":32}}},"fnMap":{"0":{"name":"(anonymous_0)","decl":{"start":{"line":3,"column":32},"end":{"line":3,"column":null}},"loc":{"start":{"line":5,"column":41},"end":{"line":44,"column":1}}}},"branchMap":{"0":{"loc":{"start":{"line":10,"column":2},"end":{"line":10,"column":73}},"type":"if","locations":[{"start":{"line":10,"column":2},"end":{"line":10,"column":73}},{"start":{},"end":{}}]},"1":{"loc":{"start":{"line":15,"column":24},"end":{"line":15,"column":65}},"type":"cond-expr","locations":[{"start":{"line":15,"column":35},"end":{"line":15,"column":53}},{"start":{"line":15,"column":56},"end":{"line":15,"column":65}}]},"2":{"loc":{"start":{"line":17,"column":2},"end":{"line":21,"column":3}},"type":"if","locations":[{"start":{"line":17,"column":2},"end":{"line":21,"column":3}},{"start":{},"end":{}}]},"3":{"loc":{"start":{"line":17,"column":6},"end":{"line":17,"column":72}},"type":"binary-expr","locations":[{"start":{"line":17,"column":6},"end":{"line":17,"column":18}},{"start":{"line":17,"column":22},"end":{"line":17,"column":36}},{"start":{"line":17,"column":40},"end":{"line":17,"column":53}},{"start":{"line":17,"column":57},"end":{"line":17,"column":72}}]},"4":{"loc":{"start":{"line":32,"column":2},"end":{"line":35,"column":3}},"type":"if","locations":[{"start":{"line":32,"column":2},"end":{"line":35,"column":3}},{"start":{},"end":{}}]},"5":{"loc":{"start":{"line":32,"column":6},"end":{"line":32,"column":53}},"type":"binary-expr","locations":[{"start":{"line":32,"column":6},"end":{"line":32,"column":22}},{"start":{"line":32,"column":26},"end":{"line":32,"column":53}}]},"6":{"loc":{"start":{"line":33,"column":4},"end":{"line":34,"column":73}},"type":"if","locations":[{"start":{"line":33,"column":4},"end":{"line":34,"column":73}},{"start":{"line":34,"column":9},"end":{"line":34,"column":73}}]},"7":{"loc":{"start":{"line":34,"column":9},"end":{"line":34,"column":73}},"type":"if","locations":[{"start":{"line":34,"column":9},"end":{"line":34,"column":73}},{"start":{},"end":{}}]}},"s":{"0":2,"1":14,"2":14,"3":5,"4":9,"5":9,"6":9,"7":9,"8":9,"9":4,"10":5,"11":5,"12":5,"13":5,"14":11,"15":11,"16":11,"17":5,"18":5,"19":2,"20":1,"21":1,"22":1,"23":5,"24":2},"f":{"0":14},"b":{"0":[5,9],"1":[2,7],"2":[4,5],"3":[9,8,7,6],"4":[2,3],"5":[5,2],"6":[1,1],"7":[1,0]}}
,"D:\\CODE\\vttnihil\\src\\utils\\id\\idUtils.ts": {"path":"D:\\CODE\\vttnihil\\src\\utils\\id\\idUtils.ts","statementMap":{"0":{"start":{"line":1,"column":0},"end":{"line":1,"column":36}},"1":{"start":{"line":7,"column":32},"end":{"line":9,"column":1}},"2":{"start":{"line":8,"column":2},"end":{"line":8,"column":18}},"3":{"start":{"line":7,"column":13},"end":{"line":7,"column":32}}},"fnMap":{"0":{"name":"(anonymous_0)","decl":{"start":{"line":7,"column":32},"end":{"line":7,"column":43}},"loc":{"start":{"line":7,"column":45},"end":{"line":9,"column":1}}}},"branchMap":{},"s":{"0":2,"1":2,"2":4,"3":2},"f":{"0":4},"b":{}}
}
