TN:
SF:src\components\icons.tsx
FN:9,(anonymous_0)
FN:26,(anonymous_1)
FN:80,(anonymous_2)
FN:97,(anonymous_3)
FN:114,(anonymous_4)
FN:131,(anonymous_5)
FN:152,(anonymous_6)
FN:173,(anonymous_7)
FN:200,(anonymous_8)
FN:217,(anonymous_9)
FN:238,(anonymous_10)
FN:259,(anonymous_11)
FN:280,(anonymous_12)
FN:297,(anonymous_13)
FN:314,(anonymous_14)
FN:331,(anonymous_15)
FN:348,(anonymous_16)
FN:370,(anonymous_17)
FN:392,(anonymous_18)
FN:413,(anonymous_19)
FN:434,(anonymous_20)
FNF:21
FNH:1
FNDA:0,(anonymous_0)
FNDA:5,(anonymous_1)
FNDA:0,(anonymous_2)
FNDA:0,(anonymous_3)
FNDA:0,(anonymous_4)
FNDA:0,(anonymous_5)
FNDA:0,(anonymous_6)
FNDA:0,(anonymous_7)
FNDA:0,(anonymous_8)
FNDA:0,(anonymous_9)
FNDA:0,(anonymous_10)
FNDA:0,(anonymous_11)
FNDA:0,(anonymous_12)
FNDA:0,(anonymous_13)
FNDA:0,(anonymous_14)
FNDA:0,(anonymous_15)
FNDA:0,(anonymous_16)
FNDA:0,(anonymous_17)
FNDA:0,(anonymous_18)
FNDA:0,(anonymous_19)
FNDA:0,(anonymous_20)
DA:9,1
DA:14,0
DA:26,1
DA:31,5
DA:80,1
DA:85,0
DA:97,1
DA:102,0
DA:114,1
DA:119,0
DA:131,1
DA:136,0
DA:152,1
DA:157,0
DA:173,1
DA:178,0
DA:200,1
DA:205,0
DA:217,1
DA:222,0
DA:238,1
DA:243,0
DA:259,1
DA:264,0
DA:280,1
DA:285,0
DA:297,1
DA:302,0
DA:314,1
DA:319,0
DA:331,1
DA:336,0
DA:348,1
DA:353,0
DA:370,1
DA:375,0
DA:392,1
DA:397,0
DA:413,1
DA:418,0
DA:434,1
DA:439,0
LF:42
LH:22
BRDA:11,0,0,0
BRDA:12,1,0,0
BRDA:28,2,0,5
BRDA:29,3,0,5
BRDA:82,4,0,0
BRDA:83,5,0,0
BRDA:99,6,0,0
BRDA:100,7,0,0
BRDA:116,8,0,0
BRDA:117,9,0,0
BRDA:133,10,0,0
BRDA:134,11,0,0
BRDA:154,12,0,0
BRDA:155,13,0,0
BRDA:175,14,0,0
BRDA:176,15,0,0
BRDA:202,16,0,0
BRDA:203,17,0,0
BRDA:219,18,0,0
BRDA:220,19,0,0
BRDA:240,20,0,0
BRDA:241,21,0,0
BRDA:261,22,0,0
BRDA:262,23,0,0
BRDA:282,24,0,0
BRDA:283,25,0,0
BRDA:299,26,0,0
BRDA:300,27,0,0
BRDA:316,28,0,0
BRDA:317,29,0,0
BRDA:333,30,0,0
BRDA:334,31,0,0
BRDA:350,32,0,0
BRDA:351,33,0,0
BRDA:372,34,0,0
BRDA:373,35,0,0
BRDA:394,36,0,0
BRDA:395,37,0,0
BRDA:415,38,0,0
BRDA:416,39,0,0
BRDA:436,40,0,0
BRDA:437,41,0,0
BRF:42
BRH:2
end_of_record
TN:
SF:src\components\ui\TabButton.tsx
FN:14,(anonymous_1)
FNF:1
FNH:1
FNDA:6,(anonymous_1)
DA:2,1
DA:14,1
DA:15,6
DA:32,1
LF:4
LH:4
BRDA:22,0,0,1
BRDA:22,0,1,5
BRF:2
BRH:2
end_of_record
