TN:
SF:src\app\providers\UIProvider.tsx
FN:7,(anonymous_0)
FN:17,(anonymous_1)
FNF:2
FNH:2
FNDA:2,(anonymous_0)
FNDA:15,(anonymous_1)
DA:2,2
DA:3,2
DA:5,2
DA:7,2
DA:8,2
DA:10,2
DA:17,2
DA:18,15
DA:19,14
DA:20,4
DA:22,10
LF:11
LH:11
BRDA:19,0,0,4
BRDA:19,0,1,10
BRF:2
BRH:2
end_of_record
TN:
SF:src\app\providers\useModalStateManagement.ts
FN:22,(anonymous_0)
FN:28,(anonymous_1)
FN:29,(anonymous_2)
FN:34,(anonymous_3)
FN:54,(anonymous_4)
FN:55,(anonymous_5)
FN:61,(anonymous_6)
FN:62,(anonymous_7)
FNF:8
FNH:8
FNDA:24,(anonymous_0)
FNDA:13,(anonymous_1)
FNDA:13,(anonymous_2)
FNDA:2,(anonymous_3)
FNDA:2,(anonymous_4)
FNDA:2,(anonymous_5)
FNDA:2,(anonymous_6)
FNDA:2,(anonymous_7)
DA:1,1
DA:22,1
DA:23,24
DA:28,24
DA:29,13
DA:32,13
DA:33,3
DA:34,2
DA:36,3
DA:37,1
DA:41,12
DA:47,12
DA:48,12
DA:54,24
DA:55,2
DA:61,24
DA:62,2
DA:63,2
DA:64,2
DA:65,1
DA:66,1
DA:71,2
DA:75,24
LF:23
LH:23
BRDA:28,0,0,7
BRDA:32,1,0,3
BRDA:32,1,1,10
BRDA:36,2,0,1
BRDA:36,2,1,2
BRDA:64,3,0,1
BRDA:64,3,1,1
BRF:7
BRH:7
end_of_record
TN:
SF:src\app\providers\useUIState.ts
FN:17,(anonymous_0)
FNF:1
FNH:1
FNDA:12,(anonymous_0)
DA:1,1
DA:2,1
DA:17,1
DA:18,12
DA:19,12
DA:22,12
DA:23,12
DA:24,12
DA:28,12
LF:9
LH:9
BRF:0
BRH:0
end_of_record
TN:
SF:src\components\chat\ChatCommandPopover.tsx
FN:16,ChatCommandPopover
FN:27,(anonymous_1)
FN:29,(anonymous_2)
FN:35,(anonymous_3)
FN:38,(anonymous_4)
FN:48,(anonymous_5)
FN:54,(anonymous_6)
FN:58,(anonymous_7)
FN:107,(anonymous_8)
FN:111,(anonymous_9)
FN:114,(anonymous_10)
FN:131,(anonymous_11)
FN:139,(anonymous_12)
FN:167,(anonymous_13)
FN:181,(anonymous_14)
FN:187,(anonymous_15)
FN:230,(anonymous_16)
FN:240,(anonymous_17)
FNF:18
FNH:18
FNDA:56,ChatCommandPopover
FNDA:25,(anonymous_1)
FNDA:26,(anonymous_2)
FNDA:94,(anonymous_3)
FNDA:26,(anonymous_4)
FNDA:55,(anonymous_5)
FNDA:26,(anonymous_6)
FNDA:26,(anonymous_7)
FNDA:1,(anonymous_8)
FNDA:25,(anonymous_9)
FNDA:10,(anonymous_10)
FNDA:3,(anonymous_11)
FNDA:1,(anonymous_12)
FNDA:13,(anonymous_13)
FNDA:24,(anonymous_14)
FNDA:29,(anonymous_15)
FNDA:69,(anonymous_16)
FNDA:1,(anonymous_17)
DA:1,1
DA:2,1
DA:16,1
DA:23,56
DA:24,56
DA:25,56
DA:27,56
DA:29,56
DA:30,26
DA:31,2
DA:33,24
DA:34,24
DA:36,94
DA:39,26
DA:44,56
DA:45,56
DA:46,56
DA:48,56
DA:49,55
DA:50,55
DA:51,55
DA:54,56
DA:55,26
DA:58,56
DA:59,26
DA:60,26
DA:62,26
DA:63,24
DA:64,24
DA:67,26
DA:68,25
DA:69,25
DA:70,25
DA:73,25
DA:74,3
DA:76,22
DA:79,25
DA:81,25
DA:82,0
DA:85,25
DA:86,0
DA:89,25
DA:90,0
DA:93,25
DA:94,1
DA:97,25
DA:98,1
DA:101,25
DA:107,1
DA:111,56
DA:112,25
DA:114,24
DA:115,10
DA:120,10
DA:122,10
DA:124,1
DA:125,1
DA:126,1
DA:128,3
DA:129,3
DA:130,3
DA:131,3
DA:134,3
DA:136,1
DA:137,1
DA:138,1
DA:140,1
DA:144,1
DA:147,5
DA:148,5
DA:153,4
DA:155,4
DA:158,4
DA:159,4
DA:161,5
DA:163,0
DA:167,24
DA:168,13
DA:174,1
DA:178,24
DA:179,24
DA:181,24
DA:182,24
DA:183,24
DA:187,56
DA:188,29
DA:194,25
DA:195,25
DA:196,25
DA:204,56
DA:205,4
DA:208,52
DA:231,69
DA:232,69
DA:236,69
DA:242,1
DA:245,1
DA:246,1
LF:98
LH:94
BRDA:30,0,0,2
BRDA:30,0,1,24
BRDA:30,1,0,26
BRDA:30,1,1,25
BRDA:36,2,0,94
BRDA:36,2,1,66
BRDA:36,2,2,27
BRDA:62,3,0,24
BRDA:62,3,1,2
BRDA:67,4,0,25
BRDA:67,4,1,1
BRDA:67,5,0,26
BRDA:67,5,1,25
BRDA:73,6,0,3
BRDA:73,6,1,22
BRDA:73,7,0,25
BRDA:73,7,1,22
BRDA:81,8,0,0
BRDA:81,8,1,25
BRDA:85,9,0,0
BRDA:85,9,1,25
BRDA:89,10,0,0
BRDA:89,10,1,25
BRDA:93,11,0,1
BRDA:93,11,1,24
BRDA:97,12,0,1
BRDA:97,12,1,24
BRDA:112,13,0,1
BRDA:112,13,1,24
BRDA:115,14,0,0
BRDA:115,14,1,10
BRDA:122,15,0,1
BRDA:122,15,1,3
BRDA:122,15,2,1
BRDA:122,15,3,3
BRDA:122,15,4,5
BRDA:122,15,5,0
BRDA:129,16,0,3
BRDA:129,16,1,0
BRDA:137,17,0,1
BRDA:137,17,1,0
BRDA:148,18,0,4
BRDA:148,18,1,1
BRDA:149,19,0,5
BRDA:149,19,1,4
BRDA:155,20,0,2
BRDA:155,20,1,2
BRDA:155,21,0,4
BRDA:155,21,1,4
BRDA:168,22,0,1
BRDA:168,22,1,12
BRDA:169,23,0,13
BRDA:169,23,1,13
BRDA:169,23,2,12
BRDA:169,23,3,12
BRDA:188,24,0,25
BRDA:188,24,1,4
BRDA:189,25,0,29
BRDA:189,25,1,28
BRDA:189,25,2,27
BRDA:189,25,3,25
BRDA:195,26,0,25
BRDA:195,26,1,0
BRDA:195,27,0,25
BRDA:195,27,1,25
BRDA:204,28,0,4
BRDA:204,28,1,52
BRDA:204,29,0,56
BRDA:204,29,1,54
BRDA:229,30,0,48
BRDA:229,30,1,4
BRDA:232,31,0,69
BRDA:232,31,1,0
BRDA:242,32,0,1
BRDA:242,32,1,0
BRDA:242,33,0,1
BRDA:242,33,1,1
BRDA:254,34,0,69
BRDA:254,34,1,49
BRF:79
BRH:69
end_of_record
TN:
SF:src\components\chat\lib\chatCommands.ts
FN:44,(anonymous_0)
FN:61,(anonymous_1)
FN:70,(anonymous_2)
FN:74,(anonymous_3)
FN:86,(anonymous_4)
FN:99,(anonymous_5)
FN:112,(anonymous_6)
FN:114,(anonymous_7)
FN:116,(anonymous_8)
FN:125,(anonymous_9)
FNF:10
FNH:10
FNDA:13,(anonymous_0)
FNDA:1,(anonymous_1)
FNDA:4,(anonymous_2)
FNDA:7,(anonymous_3)
FNDA:3,(anonymous_4)
FNDA:1,(anonymous_5)
FNDA:8,(anonymous_6)
FNDA:17,(anonymous_7)
FNDA:3,(anonymous_8)
FNDA:7,(anonymous_9)
DA:39,2
DA:45,13
DA:46,1
DA:48,12
DA:49,12
DA:50,12
DA:51,12
DA:52,5
DA:54,7
DA:55,7
DA:56,7
DA:57,4
DA:59,3
DA:62,1
DA:63,1
DA:71,4
DA:72,4
DA:73,3
DA:74,7
DA:75,3
DA:76,2
DA:77,2
DA:78,2
DA:79,2
DA:80,2
DA:82,1
DA:85,1
DA:87,3
DA:88,3
DA:89,3
DA:91,1
DA:100,1
DA:101,1
DA:112,2
DA:113,8
DA:114,8
DA:115,17
DA:116,3
DA:125,2
DA:126,7
LF:40
LH:40
BRDA:45,0,0,1
BRDA:45,0,1,12
BRDA:51,1,0,5
BRDA:51,1,1,7
BRDA:56,2,0,4
BRDA:56,2,1,3
BRDA:56,3,0,7
BRDA:56,3,1,6
BRDA:56,3,2,5
BRDA:56,3,3,4
BRDA:72,4,0,3
BRDA:72,4,1,1
BRDA:73,5,0,2
BRDA:73,5,1,1
BRDA:74,6,0,7
BRDA:74,6,1,5
BRDA:75,7,0,2
BRDA:75,7,1,1
BRDA:78,8,0,1
BRDA:78,8,1,1
BRDA:79,9,0,1
BRDA:79,9,1,1
BRDA:87,10,0,2
BRDA:87,10,1,1
BRDA:88,11,0,1
BRDA:88,11,1,2
BRDA:88,12,0,3
BRDA:88,12,1,1
BRDA:115,13,0,17
BRDA:115,13,1,12
BRDA:115,13,2,3
BRF:31
BRH:31
end_of_record
TN:
SF:src\components\modals\HPControlModal.tsx
FN:21,HPControlModal
FN:36,(anonymous_2)
FN:48,(anonymous_3)
FN:50,(anonymous_4)
FN:56,(anonymous_5)
FN:85,(anonymous_6)
FN:92,(anonymous_7)
FN:96,(anonymous_8)
FN:106,(anonymous_9)
FN:110,(anonymous_10)
FN:116,(anonymous_11)
FN:144,(anonymous_12)
FNF:12
FNH:12
FNDA:51,HPControlModal
FNDA:18,(anonymous_2)
FNDA:17,(anonymous_3)
FNDA:15,(anonymous_4)
FNDA:8,(anonymous_5)
FNDA:1,(anonymous_6)
FNDA:9,(anonymous_7)
FNDA:10,(anonymous_8)
FNDA:1,(anonymous_9)
FNDA:1,(anonymous_10)
FNDA:1,(anonymous_11)
FNDA:3,(anonymous_12)
DA:1,1
DA:3,1
DA:4,1
DA:5,1
DA:19,1
DA:21,1
DA:32,51
DA:33,51
DA:34,51
DA:36,51
DA:40,18
DA:41,16
DA:42,2
DA:44,1
DA:48,51
DA:49,17
DA:50,16
DA:51,15
DA:56,51
DA:57,8
DA:61,0
DA:62,0
DA:69,8
DA:70,8
DA:72,8
DA:74,8
DA:75,7
DA:76,7
DA:78,7
DA:81,1
DA:85,51
DA:86,1
DA:87,1
DA:90,51
DA:92,51
DA:93,9
DA:96,51
DA:97,10
DA:98,6
DA:99,6
DA:101,10
DA:102,1
DA:106,51
DA:107,1
DA:110,51
DA:111,1
DA:112,1
DA:116,51
DA:117,1
DA:118,1
DA:122,51
DA:123,4
DA:126,47
DA:134,47
DA:136,47
DA:144,3
LF:56
LH:54
BRDA:40,0,0,16
BRDA:40,0,1,2
BRDA:40,1,0,18
BRDA:40,1,1,17
BRDA:40,1,2,16
BRDA:42,2,0,1
BRDA:42,2,1,1
BRDA:42,3,0,2
BRDA:42,3,1,1
BRDA:49,4,0,16
BRDA:49,4,1,1
BRDA:57,5,0,0
BRDA:57,5,1,8
BRDA:58,6,0,8
BRDA:58,6,1,8
BRDA:61,7,0,0
BRDA:61,7,1,0
BRDA:74,8,0,7
BRDA:74,8,1,1
BRDA:75,9,0,7
BRDA:75,9,1,0
BRDA:97,10,0,6
BRDA:97,10,1,4
BRDA:101,11,0,1
BRDA:101,11,1,9
BRDA:111,12,0,1
BRDA:111,12,1,0
BRDA:117,13,0,1
BRDA:117,13,1,0
BRDA:122,14,0,4
BRDA:122,14,1,47
BRDA:122,15,0,51
BRDA:122,15,1,50
BRDA:122,15,2,48
BRDA:122,15,3,47
BRDA:163,16,0,47
BRDA:163,16,1,0
BRDA:166,17,0,47
BRDA:166,17,1,47
BRF:39
BRH:32
end_of_record
TN:
SF:src\constants\sheetDefaults.ts
FNF:0
FNH:0
DA:1,1
DA:2,1
DA:4,1
DA:41,1
DA:53,1
DA:61,1
DA:72,1
DA:74,1
DA:97,1
LF:9
LH:9
BRF:0
BRH:0
end_of_record
TN:
SF:src\contexts\BoardSettingsContext.tsx
FN:7,(anonymous_0)
FN:17,(anonymous_1)
FNF:2
FNH:2
FNDA:2,(anonymous_0)
FNDA:15,(anonymous_1)
DA:2,2
DA:3,2
DA:5,2
DA:7,2
DA:8,2
DA:10,2
DA:17,2
DA:18,15
DA:19,14
DA:20,4
DA:22,10
LF:11
LH:11
BRDA:19,0,0,4
BRDA:19,0,1,10
BRF:2
BRH:2
end_of_record
TN:
SF:src\contexts\ChatContext.tsx
FN:7,(anonymous_0)
FN:13,(anonymous_1)
FNF:2
FNH:2
FNDA:2,(anonymous_0)
FNDA:15,(anonymous_1)
DA:2,2
DA:3,2
DA:5,2
DA:7,2
DA:8,2
DA:10,2
DA:13,2
DA:14,15
DA:15,14
DA:16,4
DA:18,10
LF:11
LH:11
BRDA:15,0,0,4
BRDA:15,0,1,10
BRF:2
BRH:2
end_of_record
TN:
SF:src\hooks\useBoardSettingsState.ts
FN:24,(anonymous_0)
FN:38,(anonymous_1)
FN:39,(anonymous_2)
FN:45,(anonymous_3)
FN:46,(anonymous_4)
FN:51,(anonymous_5)
FN:55,(anonymous_6)
FNF:7
FNH:7
FNDA:9,(anonymous_0)
FNDA:1,(anonymous_1)
FNDA:1,(anonymous_2)
FNDA:1,(anonymous_3)
FNDA:1,(anonymous_4)
FNDA:1,(anonymous_5)
FNDA:1,(anonymous_6)
DA:1,1
DA:2,1
DA:7,1
DA:24,1
DA:25,9
DA:30,9
DA:34,9
DA:35,9
DA:37,9
DA:39,1
DA:44,9
DA:46,1
DA:51,9
DA:52,1
DA:55,9
DA:56,1
DA:59,9
LF:17
LH:17
BRF:0
BRH:0
end_of_record
TN:
SF:src\hooks\useCharacterSheetForm.ts
FN:33,useCharacterSheetForm
FN:52,(anonymous_1)
FN:73,(anonymous_2)
FN:113,(anonymous_3)
FN:143,(anonymous_4)
FN:144,(anonymous_5)
FN:158,(anonymous_6)
FNF:7
FNH:7
FNDA:57,useCharacterSheetForm
FNDA:14,(anonymous_1)
FNDA:34,(anonymous_2)
FNDA:9,(anonymous_3)
FNDA:3,(anonymous_4)
FNDA:2,(anonymous_5)
FNDA:1,(anonymous_6)
DA:1,1
DA:2,1
DA:3,1
DA:4,1
DA:33,1
DA:37,57
DA:39,57
DA:40,57
DA:41,57
DA:44,57
DA:45,57
DA:46,57
DA:49,57
DA:52,57
DA:53,14
DA:54,11
DA:55,11
DA:56,11
DA:57,11
DA:58,11
DA:59,11
DA:61,11
DA:62,2
DA:66,9
DA:68,11
DA:73,57
DA:74,34
DA:75,5
DA:76,5
DA:79,29
DA:80,29
DA:81,29
DA:84,29
DA:87,29
DA:88,29
DA:91,29
DA:93,29
DA:94,4
DA:100,29
DA:112,57
DA:114,9
DA:117,9
DA:118,1
DA:119,1
DA:123,8
DA:128,8
DA:129,1
DA:130,1
DA:134,7
DA:135,7
DA:139,3
DA:140,3
DA:141,3
DA:143,3
DA:144,3
DA:145,2
DA:149,1
DA:155,1
DA:158,3
DA:159,1
DA:167,2
DA:172,2
DA:176,5
DA:178,5
DA:182,1
DA:185,1
DA:188,4
DA:200,4
DA:201,1
DA:205,4
DA:220,57
LF:71
LH:71
BRDA:53,0,0,11
BRDA:53,0,1,3
BRDA:58,1,0,11
BRDA:58,1,1,0
BRDA:59,2,0,11
BRDA:59,2,1,2
BRDA:61,3,0,2
BRDA:61,3,1,9
BRDA:63,4,0,2
BRDA:63,4,1,0
BRDA:74,5,0,5
BRDA:74,5,1,29
BRDA:80,6,0,29
BRDA:80,6,1,29
BRDA:80,7,0,29
BRDA:80,7,1,0
BRDA:82,8,0,29
BRDA:82,8,1,15
BRDA:83,9,0,15
BRDA:83,9,1,0
BRDA:85,10,0,29
BRDA:85,10,1,14
BRDA:86,11,0,14
BRDA:86,11,1,0
BRDA:87,12,0,29
BRDA:87,12,1,14
BRDA:87,13,0,14
BRDA:87,13,1,0
BRDA:89,14,0,29
BRDA:89,14,1,14
BRDA:90,15,0,14
BRDA:90,15,1,0
BRDA:91,16,0,29
BRDA:91,16,1,12
BRDA:91,17,0,12
BRDA:91,17,1,2
BRDA:93,18,0,4
BRDA:93,18,1,25
BRDA:95,19,0,4
BRDA:95,19,1,2
BRDA:97,20,0,2
BRDA:97,20,1,0
BRDA:117,21,0,1
BRDA:117,21,1,8
BRDA:123,22,0,1
BRDA:123,22,1,7
BRDA:123,23,0,8
BRDA:123,23,1,1
BRDA:128,24,0,1
BRDA:128,24,1,7
BRDA:135,25,0,3
BRDA:135,25,1,4
BRDA:136,26,0,7
BRDA:136,26,1,6
BRDA:145,27,0,1
BRDA:145,27,1,1
BRDA:146,28,0,2
BRDA:146,28,1,1
BRDA:169,29,0,2
BRDA:169,29,1,0
BRDA:178,30,0,1
BRDA:178,30,1,4
BRDA:179,31,0,5
BRDA:179,31,1,5
BRDA:191,32,0,1
BRDA:191,32,1,3
BRDA:200,33,0,1
BRDA:200,33,1,3
BRF:68
BRH:59
end_of_record
TN:
SF:src\hooks\useChatState.ts
FN:19,(anonymous_0)
FN:31,(anonymous_1)
FN:47,(anonymous_2)
FN:62,(anonymous_3)
FN:69,(anonymous_4)
FN:80,(anonymous_5)
FNF:6
FNH:6
FNDA:12,(anonymous_0)
FNDA:6,(anonymous_1)
FNDA:4,(anonymous_2)
FNDA:2,(anonymous_3)
FNDA:2,(anonymous_4)
FNDA:1,(anonymous_5)
DA:1,1
DA:8,1
DA:9,1
DA:10,1
DA:19,1
DA:20,12
DA:28,12
DA:30,12
DA:35,6
DA:41,6
DA:42,4
DA:47,4
DA:50,2
DA:56,2
DA:62,2
DA:68,12
DA:70,2
DA:71,2
DA:72,1
DA:74,1
DA:80,12
DA:81,1
DA:84,12
LF:23
LH:23
BRDA:33,0,0,3
BRDA:41,1,0,4
BRDA:41,1,1,2
BRDA:51,2,0,1
BRDA:51,2,1,1
BRDA:51,3,0,2
BRDA:51,3,1,1
BRDA:71,4,0,1
BRDA:71,4,1,1
BRF:9
BRH:9
end_of_record
TN:
SF:src\hooks\useCommandHistory.ts
FN:13,(anonymous_0)
FN:18,(anonymous_1)
FN:19,(anonymous_2)
FN:20,(anonymous_3)
FN:27,(anonymous_4)
FN:55,(anonymous_5)
FNF:6
FNH:6
FNDA:39,(anonymous_0)
FNDA:10,(anonymous_1)
FNDA:10,(anonymous_2)
FNDA:63,(anonymous_3)
FNDA:21,(anonymous_4)
FNDA:1,(anonymous_5)
DA:2,1
DA:4,1
DA:13,1
DA:14,39
DA:15,39
DA:16,39
DA:18,39
DA:19,10
DA:20,63
DA:21,10
DA:23,10
DA:24,10
DA:27,39
DA:28,21
DA:29,20
DA:31,17
DA:32,17
DA:34,17
DA:35,12
DA:36,5
DA:37,5
DA:39,7
DA:42,5
DA:45,17
DA:47,17
DA:48,2
DA:49,15
DA:50,15
DA:52,17
DA:55,39
DA:57,1
DA:61,39
LF:32
LH:32
BRDA:13,0,0,5
BRDA:28,1,0,1
BRDA:28,1,1,20
BRDA:28,2,0,21
BRDA:28,2,1,2
BRDA:29,3,0,3
BRDA:29,3,1,17
BRDA:29,4,0,20
BRDA:29,4,1,8
BRDA:34,5,0,12
BRDA:34,5,1,5
BRDA:35,6,0,5
BRDA:35,6,1,7
BRDA:47,7,0,2
BRDA:47,7,1,15
BRDA:49,8,0,15
BRDA:49,8,1,0
BRF:17
BRH:16
end_of_record
TN:
SF:src\hooks\useToolbarState.ts
FN:8,(anonymous_0)
FN:13,(anonymous_1)
FNF:2
FNH:2
FNDA:8,(anonymous_0)
FNDA:8,(anonymous_1)
DA:1,1
DA:2,1
DA:8,1
DA:9,8
DA:13,8
DA:15,8
DA:16,1
DA:21,8
LF:8
LH:8
BRDA:15,0,0,1
BRDA:15,0,1,7
BRDA:15,1,0,8
BRDA:15,1,1,7
BRF:4
BRH:4
end_of_record
TN:
SF:src\shared\api\types.ts
FNF:0
FNH:0
DA:27,10
DA:35,10
DA:41,10
DA:208,10
LF:4
LH:4
BRF:0
BRH:0
end_of_record
TN:
SF:src\shared\config\constants.ts
FN:36,(anonymous_0)
FNF:1
FNH:1
FNDA:12,(anonymous_0)
DA:1,4
DA:3,4
DA:4,4
DA:5,4
DA:6,4
DA:7,4
DA:8,4
DA:9,4
DA:11,4
DA:17,4
DA:18,4
DA:21,4
DA:24,4
DA:26,4
DA:29,4
DA:36,12
LF:16
LH:16
BRF:0
BRH:0
end_of_record
TN:
SF:src\shared\lib\hooks\useDismissable.ts
FN:12,(anonymous_0)
FN:18,(anonymous_1)
FN:19,(anonymous_2)
FN:31,(anonymous_3)
FN:42,(anonymous_4)
FNF:5
FNH:5
FNDA:8,(anonymous_0)
FNDA:8,(anonymous_1)
FNDA:5,(anonymous_2)
FNDA:2,(anonymous_3)
FNDA:8,(anonymous_4)
DA:1,2
DA:12,2
DA:18,8
DA:19,8
DA:20,5
DA:21,4
DA:22,2
DA:23,2
DA:24,1
DA:27,3
DA:31,8
DA:32,2
DA:33,1
DA:37,8
DA:38,7
DA:39,7
DA:42,8
DA:43,8
DA:44,8
DA:49,2
LF:20
LH:20
BRDA:20,0,0,4
BRDA:20,0,1,1
BRDA:20,1,0,5
BRDA:20,1,1,5
BRDA:21,2,0,2
BRDA:21,2,1,2
BRDA:23,3,0,1
BRDA:23,3,1,1
BRDA:32,4,0,1
BRDA:32,4,1,1
BRDA:37,5,0,7
BRDA:37,5,1,1
BRF:12
BRH:12
end_of_record
TN:
SF:src\shared\lib\utils\characterUtils.ts
FN:2,(anonymous_0)
FN:21,(anonymous_1)
FNF:2
FNH:2
FNDA:11,(anonymous_0)
FNDA:15,(anonymous_1)
DA:2,1
DA:4,11
DA:5,5
DA:8,6
DA:9,6
DA:10,6
DA:13,6
DA:14,0
DA:17,6
DA:18,6
DA:21,1
DA:23,15
DA:24,15
DA:25,6
DA:26,6
DA:27,6
DA:28,4
DA:31,11
LF:18
LH:17
BRDA:4,0,0,5
BRDA:4,0,1,6
BRDA:4,1,0,11
BRDA:4,1,1,8
BRDA:4,1,2,7
BRDA:13,2,0,0
BRDA:13,2,1,6
BRDA:13,3,0,6
BRDA:13,3,1,6
BRDA:13,3,2,6
BRDA:18,4,0,3
BRDA:18,4,1,3
BRDA:24,5,0,6
BRDA:24,5,1,9
BRDA:27,6,0,4
BRDA:27,6,1,2
BRDA:27,7,0,6
BRDA:27,7,1,5
BRF:18
BRH:17
end_of_record
TN:
SF:src\shared\lib\utils\cn.ts
FN:4,cn
FNF:1
FNH:1
FNDA:17,cn
DA:1,2
DA:2,2
DA:4,2
DA:5,17
LF:4
LH:4
BRF:0
BRH:0
end_of_record
TN:
SF:src\shared\lib\utils\hpUtils.ts
FN:9,(anonymous_0)
FNF:1
FNH:1
FNDA:21,(anonymous_0)
DA:9,2
DA:14,21
DA:17,21
DA:18,1
DA:23,20
DA:24,14
DA:25,14
DA:28,14
DA:29,2
DA:32,12
DA:34,12
DA:35,9
DA:37,3
DA:40,6
DA:41,6
DA:42,4
DA:44,2
DA:49,13
LF:18
LH:18
BRDA:17,0,0,1
BRDA:17,0,1,20
BRDA:23,1,0,14
BRDA:23,1,1,6
BRDA:23,2,0,20
BRDA:23,2,1,12
BRDA:28,3,0,2
BRDA:28,3,1,12
BRDA:34,4,0,9
BRDA:34,4,1,3
BRDA:34,5,0,12
BRDA:34,5,1,11
BRDA:34,5,2,10
BRDA:35,6,0,4
BRDA:35,6,1,5
BRDA:41,7,0,4
BRDA:41,7,1,2
BRDA:41,8,0,6
BRDA:41,8,1,5
BRF:19
BRH:19
end_of_record
TN:
SF:src\shared\lib\utils\nameUtils.ts
FN:7,(anonymous_0)
FNF:1
FNH:1
FNDA:8,(anonymous_0)
DA:7,1
DA:8,8
DA:9,3
DA:11,5
DA:12,5
LF:5
LH:5
BRDA:8,0,0,3
BRDA:8,0,1,5
BRF:2
BRH:2
end_of_record
TN:
SF:src\shared\lib\utils\board\boardUtils.ts
FN:7,(anonymous_0)
FN:21,(anonymous_1)
FN:39,(anonymous_2)
FNF:3
FNH:3
FNDA:16,(anonymous_0)
FNDA:3,(anonymous_1)
FNDA:5,(anonymous_2)
DA:7,1
DA:8,16
DA:10,14
DA:11,14
DA:12,6
DA:13,6
DA:14,6
DA:15,4
DA:18,10
DA:21,1
DA:29,3
DA:31,3
DA:32,3
DA:33,3
DA:34,3
DA:35,3
DA:36,3
DA:39,1
DA:45,5
DA:46,5
DA:47,5
DA:48,5
DA:49,5
LF:23
LH:23
BRDA:8,0,0,2
BRDA:8,0,1,14
BRDA:11,1,0,6
BRDA:11,1,1,8
BRDA:14,2,0,4
BRDA:14,2,1,2
BRDA:14,3,0,6
BRDA:14,3,1,5
BRF:8
BRH:8
end_of_record
TN:
SF:src\shared\lib\utils\dice\diceUtils.ts
FN:3,(anonymous_0)
FNF:1
FNH:1
FNDA:14,(anonymous_0)
DA:3,1
DA:7,14
DA:10,14
DA:12,9
DA:13,9
DA:14,9
DA:15,9
DA:17,9
DA:18,4
DA:23,5
DA:24,5
DA:25,5
DA:26,11
DA:27,11
DA:28,11
DA:31,5
DA:32,5
DA:33,2
DA:34,1
DA:37,5
LF:20
LH:20
BRDA:10,0,0,5
BRDA:10,0,1,9
BRDA:15,1,0,2
BRDA:15,1,1,7
BRDA:17,2,0,4
BRDA:17,2,1,5
BRDA:17,3,0,9
BRDA:17,3,1,8
BRDA:17,3,2,7
BRDA:17,3,3,6
BRDA:32,4,0,2
BRDA:32,4,1,3
BRDA:32,5,0,5
BRDA:32,5,1,2
BRDA:33,6,0,1
BRDA:33,6,1,1
BRDA:34,7,0,1
BRDA:34,7,1,0
BRF:18
BRH:17
end_of_record
TN:
SF:src\shared\lib\utils\id\idUtils.ts
FN:7,(anonymous_0)
FNF:1
FNH:1
FNDA:4,(anonymous_0)
DA:1,1
DA:7,1
DA:8,4
LF:3
LH:3
BRF:0
BRH:0
end_of_record
TN:
SF:src\shared\ui\ConfirmationModal.tsx
FN:14,ConfirmationModal
FNF:1
FNH:1
FNDA:6,ConfirmationModal
DA:1,1
DA:14,1
DA:24,6
LF:3
LH:3
BRF:0
BRH:0
end_of_record
TN:
SF:src\shared\ui\DiceRollPopover.tsx
FN:14,DiceRollPopover
FN:23,(anonymous_1)
FN:33,(anonymous_2)
FN:34,(anonymous_3)
FN:49,(anonymous_4)
FN:67,(anonymous_5)
FN:70,(anonymous_6)
FNF:7
FNH:7
FNDA:15,DiceRollPopover
FNDA:8,(anonymous_1)
FNDA:8,(anonymous_2)
FNDA:3,(anonymous_3)
FNDA:8,(anonymous_4)
FNDA:112,(anonymous_5)
FNDA:1,(anonymous_6)
DA:1,1
DA:10,1
DA:14,1
DA:20,15
DA:21,15
DA:23,15
DA:24,8
DA:25,7
DA:26,7
DA:33,15
DA:34,8
DA:35,3
DA:42,1
DA:46,8
DA:47,7
DA:49,8
DA:50,8
DA:54,15
DA:55,1
DA:59,14
DA:68,112
DA:71,1
DA:72,1
LF:23
LH:23
BRDA:24,0,0,7
BRDA:24,0,1,1
BRDA:24,1,0,8
BRDA:24,1,1,8
BRDA:35,2,0,1
BRDA:35,2,1,2
BRDA:36,3,0,3
BRDA:36,3,1,3
BRDA:36,3,2,3
BRDA:36,3,3,2
BRDA:36,3,4,2
BRDA:46,4,0,7
BRDA:46,4,1,1
BRDA:54,5,0,1
BRDA:54,5,1,14
BRF:15
BRH:15
end_of_record
TN:
SF:src\shared\ui\Icons.tsx
FN:27,EditIcon
FN:46,DiceIcon
FN:65,DeleteIcon
FN:86,PlusCircleIcon
FN:107,DetatchIcon
FN:128,SelectIcon
FN:149,PanIcon
FN:165,ChatBubbleIcon
FN:186,RulerIcon
FN:202,XMarkIcon
FN:218,ChevronLeftIcon
FN:239,ChevronRightIcon
FN:260,IdentificationCardIcon
FN:281,DotsThreeVerticalIcon
FN:302,PageConfigIcon
FN:323,MinimizeIcon
FN:344,RestoreWindowIcon
FNF:17
FNH:17
FNDA:5,EditIcon
FNDA:18,DiceIcon
FNDA:5,DeleteIcon
FNDA:5,PlusCircleIcon
FNDA:49,DetatchIcon
FNDA:13,SelectIcon
FNDA:13,PanIcon
FNDA:5,ChatBubbleIcon
FNDA:13,RulerIcon
FNDA:54,XMarkIcon
FNDA:13,ChevronLeftIcon
FNDA:5,ChevronRightIcon
FNDA:5,IdentificationCardIcon
FNDA:5,DotsThreeVerticalIcon
FNDA:5,PageConfigIcon
FNDA:5,MinimizeIcon
FNDA:5,RestoreWindowIcon
DA:2,5
DA:3,5
DA:4,5
DA:5,5
DA:6,5
DA:7,5
DA:8,5
DA:9,5
DA:10,5
DA:11,5
DA:12,5
DA:13,5
DA:14,5
DA:15,5
DA:16,5
DA:17,5
DA:18,5
DA:27,5
DA:28,5
DA:29,5
DA:32,5
DA:39,5
DA:40,2
DA:43,5
DA:46,5
DA:47,18
DA:48,18
DA:51,18
DA:58,18
DA:59,7
DA:62,18
DA:65,5
DA:71,5
DA:72,5
DA:73,5
DA:79,5
DA:80,2
DA:83,5
DA:86,5
DA:92,5
DA:93,5
DA:94,5
DA:100,5
DA:101,2
DA:104,5
DA:107,5
DA:113,49
DA:114,49
DA:115,49
DA:121,49
DA:122,2
DA:125,49
DA:128,5
DA:134,13
DA:135,13
DA:136,13
DA:142,13
DA:143,2
DA:146,13
DA:149,5
DA:150,13
DA:151,13
DA:152,13
DA:158,13
DA:159,2
DA:162,13
DA:165,5
DA:171,5
DA:172,5
DA:173,5
DA:179,5
DA:180,2
DA:183,5
DA:186,5
DA:187,13
DA:188,13
DA:189,13
DA:195,13
DA:196,2
DA:199,13
DA:202,5
DA:203,54
DA:204,54
DA:205,54
DA:211,54
DA:212,2
DA:215,54
DA:218,5
DA:224,13
DA:225,13
DA:226,13
DA:232,13
DA:233,2
DA:236,13
DA:239,5
DA:245,5
DA:246,5
DA:247,5
DA:253,5
DA:254,2
DA:257,5
DA:260,5
DA:266,5
DA:267,5
DA:268,5
DA:274,5
DA:275,2
DA:278,5
DA:281,5
DA:287,5
DA:288,5
DA:289,5
DA:295,5
DA:296,2
DA:299,5
DA:302,5
DA:308,5
DA:309,5
DA:310,5
DA:316,5
DA:317,2
DA:320,5
DA:323,5
DA:329,5
DA:330,5
DA:331,5
DA:337,5
DA:338,2
DA:341,5
DA:344,5
DA:350,5
DA:351,5
DA:352,5
DA:358,5
DA:359,2
DA:362,5
LF:136
LH:136
BRDA:29,0,0,1
BRDA:29,0,1,4
BRDA:29,1,0,5
BRDA:29,1,1,1
BRDA:33,2,0,5
BRDA:33,2,1,4
BRDA:39,3,0,2
BRDA:39,3,1,3
BRDA:48,4,0,1
BRDA:48,4,1,17
BRDA:48,5,0,18
BRDA:48,5,1,1
BRDA:52,6,0,18
BRDA:52,6,1,4
BRDA:58,7,0,7
BRDA:58,7,1,11
BRDA:72,8,0,1
BRDA:72,8,1,4
BRDA:72,9,0,5
BRDA:72,9,1,1
BRDA:76,10,0,5
BRDA:76,10,1,4
BRDA:79,11,0,2
BRDA:79,11,1,3
BRDA:93,12,0,1
BRDA:93,12,1,4
BRDA:93,13,0,5
BRDA:93,13,1,1
BRDA:97,14,0,5
BRDA:97,14,1,4
BRDA:100,15,0,2
BRDA:100,15,1,3
BRDA:114,16,0,1
BRDA:114,16,1,48
BRDA:114,17,0,49
BRDA:114,17,1,1
BRDA:116,18,0,49
BRDA:116,18,1,48
BRDA:121,19,0,2
BRDA:121,19,1,47
BRDA:135,20,0,1
BRDA:135,20,1,12
BRDA:135,21,0,13
BRDA:135,21,1,1
BRDA:137,22,0,13
BRDA:137,22,1,4
BRDA:142,23,0,2
BRDA:142,23,1,11
BRDA:151,24,0,1
BRDA:151,24,1,12
BRDA:151,25,0,13
BRDA:151,25,1,1
BRDA:153,26,0,13
BRDA:153,26,1,4
BRDA:158,27,0,2
BRDA:158,27,1,11
BRDA:172,28,0,1
BRDA:172,28,1,4
BRDA:172,29,0,5
BRDA:172,29,1,1
BRDA:174,30,0,5
BRDA:174,30,1,4
BRDA:179,31,0,2
BRDA:179,31,1,3
BRDA:188,32,0,1
BRDA:188,32,1,12
BRDA:188,33,0,13
BRDA:188,33,1,1
BRDA:190,34,0,13
BRDA:190,34,1,4
BRDA:195,35,0,2
BRDA:195,35,1,11
BRDA:204,36,0,1
BRDA:204,36,1,53
BRDA:204,37,0,54
BRDA:204,37,1,1
BRDA:206,38,0,54
BRDA:206,38,1,4
BRDA:211,39,0,2
BRDA:211,39,1,52
BRDA:225,40,0,1
BRDA:225,40,1,12
BRDA:225,41,0,13
BRDA:225,41,1,1
BRDA:227,42,0,13
BRDA:227,42,1,4
BRDA:232,43,0,2
BRDA:232,43,1,11
BRDA:246,44,0,1
BRDA:246,44,1,4
BRDA:246,45,0,5
BRDA:246,45,1,1
BRDA:248,46,0,5
BRDA:248,46,1,4
BRDA:253,47,0,2
BRDA:253,47,1,3
BRDA:267,48,0,1
BRDA:267,48,1,4
BRDA:267,49,0,5
BRDA:267,49,1,1
BRDA:269,50,0,5
BRDA:269,50,1,4
BRDA:274,51,0,2
BRDA:274,51,1,3
BRDA:288,52,0,1
BRDA:288,52,1,4
BRDA:288,53,0,5
BRDA:288,53,1,1
BRDA:290,54,0,5
BRDA:290,54,1,4
BRDA:295,55,0,2
BRDA:295,55,1,3
BRDA:309,56,0,1
BRDA:309,56,1,4
BRDA:309,57,0,5
BRDA:309,57,1,1
BRDA:311,58,0,5
BRDA:311,58,1,4
BRDA:316,59,0,2
BRDA:316,59,1,3
BRDA:330,60,0,1
BRDA:330,60,1,4
BRDA:330,61,0,5
BRDA:330,61,1,1
BRDA:332,62,0,5
BRDA:332,62,1,4
BRDA:337,63,0,2
BRDA:337,63,1,3
BRDA:351,64,0,1
BRDA:351,64,1,4
BRDA:351,65,0,5
BRDA:351,65,1,1
BRDA:353,66,0,5
BRDA:353,66,1,4
BRDA:358,67,0,2
BRDA:358,67,1,3
BRF:136
BRH:136
end_of_record
TN:
SF:src\shared\ui\Modal.tsx
FN:17,Modal
FN:29,(anonymous_1)
FN:31,(anonymous_2)
FN:40,(anonymous_3)
FN:58,(anonymous_4)
FNF:5
FNH:5
FNDA:6,Modal
FNDA:6,(anonymous_1)
FNDA:1,(anonymous_2)
FNDA:6,(anonymous_3)
FNDA:2,(anonymous_4)
DA:1,1
DA:2,1
DA:17,1
DA:29,6
DA:31,6
DA:32,1
DA:33,1
DA:36,6
DA:37,5
DA:40,6
DA:41,6
DA:45,6
DA:47,5
DA:58,2
LF:14
LH:14
BRDA:23,0,0,0
BRDA:24,1,0,0
BRDA:25,2,0,6
BRDA:27,3,0,6
BRDA:32,4,0,1
BRDA:32,4,1,0
BRDA:36,5,0,5
BRDA:36,5,1,1
BRDA:45,6,0,1
BRDA:45,6,1,5
BRDA:73,7,0,5
BRDA:73,7,1,5
BRDA:81,8,0,5
BRDA:81,8,1,5
BRF:14
BRH:11
end_of_record
TN:
SF:src\shared\ui\OptionsPopover.tsx
FN:11,OptionsPopover
FN:20,(anonymous_1)
FN:61,(anonymous_2)
FN:65,(anonymous_3)
FN:68,(anonymous_4)
FN:79,(anonymous_5)
FN:88,(anonymous_6)
FNF:7
FNH:7
FNDA:26,OptionsPopover
FNDA:13,(anonymous_1)
FNDA:1,(anonymous_2)
FNDA:13,(anonymous_3)
FNDA:3,(anonymous_4)
FNDA:2,(anonymous_5)
FNDA:12,(anonymous_6)
DA:1,1
DA:11,1
DA:17,26
DA:18,26
DA:20,26
DA:21,13
DA:22,12
DA:23,12
DA:24,12
DA:26,12
DA:27,12
DA:30,12
DA:31,3
DA:35,12
DA:37,1
DA:41,12
DA:42,1
DA:44,12
DA:45,0
DA:48,12
DA:49,0
DA:51,12
DA:52,0
DA:55,12
DA:61,1
DA:65,26
DA:66,13
DA:68,12
DA:69,3
DA:75,1
DA:79,12
DA:80,2
DA:81,1
DA:85,12
DA:86,12
DA:88,12
DA:89,12
DA:90,12
DA:94,26
DA:95,2
DA:98,24
LF:41
LH:38
BRDA:21,0,0,12
BRDA:21,0,1,1
BRDA:21,1,0,13
BRDA:21,1,1,12
BRDA:21,1,2,12
BRDA:30,2,0,3
BRDA:30,2,1,9
BRDA:35,3,0,1
BRDA:35,3,1,11
BRDA:41,4,0,1
BRDA:41,4,1,11
BRDA:44,5,0,0
BRDA:44,5,1,12
BRDA:48,6,0,0
BRDA:48,6,1,12
BRDA:51,7,0,0
BRDA:51,7,1,12
BRDA:66,8,0,1
BRDA:66,8,1,12
BRDA:69,9,0,1
BRDA:69,9,1,2
BRDA:70,10,0,3
BRDA:70,10,1,3
BRDA:70,10,2,2
BRDA:70,10,3,2
BRDA:80,11,0,1
BRDA:80,11,1,1
BRDA:94,12,0,2
BRDA:94,12,1,24
BRDA:94,13,0,26
BRDA:94,13,1,2
BRF:31
BRH:28
end_of_record
TN:
SF:src\shared\ui\RulerPopover.tsx
FN:14,RulerPopover
FN:27,(anonymous_1)
FN:38,(anonymous_2)
FN:39,(anonymous_3)
FN:54,(anonymous_4)
FN:73,(anonymous_5)
FN:89,(anonymous_6)
FNF:7
FNH:7
FNDA:21,RulerPopover
FNDA:11,(anonymous_1)
FNDA:11,(anonymous_2)
FNDA:3,(anonymous_3)
FNDA:11,(anonymous_4)
FNDA:1,(anonymous_5)
FNDA:1,(anonymous_6)
DA:1,1
DA:2,1
DA:14,1
DA:23,21
DA:24,21
DA:27,21
DA:28,11
DA:29,10
DA:30,10
DA:38,21
DA:39,11
DA:40,3
DA:47,1
DA:51,11
DA:52,10
DA:54,11
DA:55,11
DA:59,21
DA:60,1
DA:63,20
DA:74,1
DA:75,1
DA:90,1
DA:91,1
LF:24
LH:24
BRDA:28,0,0,10
BRDA:28,0,1,1
BRDA:28,1,0,11
BRDA:28,1,1,11
BRDA:40,2,0,1
BRDA:40,2,1,2
BRDA:41,3,0,3
BRDA:41,3,1,3
BRDA:41,3,2,3
BRDA:41,3,3,2
BRDA:41,3,4,2
BRDA:51,4,0,10
BRDA:51,4,1,1
BRDA:59,5,0,1
BRDA:59,5,1,20
BRDA:78,6,0,18
BRDA:78,6,1,2
BRDA:94,7,0,2
BRDA:94,7,1,18
BRF:19
BRH:19
end_of_record
TN:
SF:src\shared\ui\TabButton.tsx
FN:14,TabButton
FNF:1
FNH:1
FNDA:6,TabButton
DA:1,1
DA:3,1
DA:14,1
DA:21,6
LF:4
LH:4
BRDA:30,0,0,1
BRDA:30,0,1,5
BRF:2
BRH:2
end_of_record
TN:
SF:src\shared\ui\ToolbarButton.tsx
FN:18,(anonymous_1)
FNF:1
FNH:1
FNDA:59,(anonymous_1)
DA:1,3
DA:2,3
DA:3,3
DA:14,3
DA:22,59
DA:53,3
LF:6
LH:6
BRDA:19,0,0,48
BRDA:19,1,0,31
BRDA:27,2,0,59
BRDA:27,2,1,10
BRDA:37,3,0,59
BRDA:37,3,1,10
BRDA:41,4,0,59
BRDA:41,4,1,49
BRDA:41,4,2,43
BRF:9
BRH:9
end_of_record
TN:
SF:src\shared\ui\ToolbarPopoverButton.tsx
FN:22,ToolbarPopoverButton
FN:36,(anonymous_1)
FN:38,(anonymous_2)
FN:54,(anonymous_3)
FNF:4
FNH:4
FNDA:26,ToolbarPopoverButton
FNDA:4,(anonymous_1)
FNDA:4,(anonymous_2)
FNDA:1,(anonymous_3)
DA:1,2
DA:3,2
DA:22,2
DA:34,26
DA:36,26
DA:37,4
DA:38,4
DA:41,26
DA:54,1
LF:9
LH:9
BRDA:38,0,0,1
BRDA:38,0,1,3
BRDA:51,1,0,26
BRDA:51,1,1,5
BRDA:51,1,2,5
BRF:5
BRH:5
end_of_record
TN:
SF:src\widgets\Toolbar.tsx
FN:19,Toolbar
FN:37,(anonymous_1)
FN:46,(anonymous_2)
FN:61,(anonymous_3)
FN:92,(anonymous_4)
FNF:5
FNH:3
FNDA:8,Toolbar
FNDA:1,(anonymous_1)
FNDA:1,(anonymous_2)
FNDA:0,(anonymous_3)
FNDA:0,(anonymous_4)
DA:1,1
DA:2,1
DA:3,1
DA:4,1
DA:5,1
DA:6,1
DA:7,1
DA:14,1
DA:15,1
DA:16,1
DA:19,1
DA:20,8
DA:26,8
DA:27,8
DA:29,8
DA:31,8
DA:38,1
DA:39,1
DA:47,1
DA:48,1
DA:61,0
DA:92,0
LF:22
LH:20
BRF:0
BRH:0
end_of_record
